2016-10-28 11:51:23.6637|INFO|ModernInfoTechInventory.Helpers.NLogger|JSON
Method: GET
URL: http://localhost:1036/api/customerdue
Authorization: Bearer _GrMshGIAhSZrTtG7wVi9W2SO30Q6H7qlLz4Bh0lghaAVRRn-Lo9wHL1FKRwo0D-OyFthyvkbH57Dnjk5e--MyoP88h7ew4G_UO6UxyuaS7ihP4thEEoZ6DVXR2UESrGQ8p0wHosi0aB9REpepMpRPevLauvwFBQVHu4L7wUvznolU6G-PsRIi6y-3YMmT9uGMYt4Z8FvXOusEaciPJf7sA1dxFndQdlh86OuR5LcDpr4akf__UXQEH1CbJuOQukbbQk9PLS-Qa2r3DeIGveOwwSmNGPTp5e2Cy_S9d8piEg4cYfQ4ksTDDujjDBF2kVDpmgt_Sqr-Kjihz8GFNeBvcvjz2B6IwhSKCePfFr2R6CAYkc30qSmVBuqBZT2Af_UZZFvkTcHkXXP9HYiNSgyGCSBOns4ZZ_lr1mv5GLwvA
Controller: ModernInfoTechInventory.Controllers.CustomerDueController
Action: GetAllCustomerDues
Action Parameters: {"messageFormat":"JSON","messageArguments":[{}]}

2016-10-28 11:51:35.6386|ERROR|ModernInfoTechInventory.Helpers.NLogger|Method: GET
URL: http://localhost:1036/api/customerdue
Authorization: Bearer _GrMshGIAhSZrTtG7wVi9W2SO30Q6H7qlLz4Bh0lghaAVRRn-Lo9wHL1FKRwo0D-OyFthyvkbH57Dnjk5e--MyoP88h7ew4G_UO6UxyuaS7ihP4thEEoZ6DVXR2UESrGQ8p0wHosi0aB9REpepMpRPevLauvwFBQVHu4L7wUvznolU6G-PsRIi6y-3YMmT9uGMYt4Z8FvXOusEaciPJf7sA1dxFndQdlh86OuR5LcDpr4akf__UXQEH1CbJuOQukbbQk9PLS-Qa2r3DeIGveOwwSmNGPTp5e2Cy_S9d8piEg4cYfQ4ksTDDujjDBF2kVDpmgt_Sqr-Kjihz8GFNeBvcvjz2B6IwhSKCePfFr2R6CAYkc30qSmVBuqBZT2Af_UZZFvkTcHkXXP9HYiNSgyGCSBOns4ZZ_lr1mv5GLwvA
Controller: ModernInfoTechInventory.Controllers.CustomerDueController
Action: GetAllCustomerDues
Action Parameters: System.InvalidOperationException: A circular reference was detected while serializing an object of type 'System.Reflection.RuntimeModule'.
   at System.Web.Script.Serialization.JavaScriptSerializer.SerializeValueInternal(Object o, StringBuilder sb, Int32 depth, Hashtable objectsInUse, SerializationFormat serializationFormat, MemberInfo currentMember)
   at System.Web.Script.Serialization.JavaScriptSerializer.SerializeValue(Object o, StringBuilder sb, Int32 depth, Hashtable objectsInUse, SerializationFormat serializationFormat, MemberInfo currentMember)
   at System.Web.Script.Serialization.JavaScriptSerializer.SerializeCustomObject(Object o, StringBuilder sb, Int32 depth, Hashtable objectsInUse, SerializationFormat serializationFormat)
   at System.Web.Script.Serialization.JavaScriptSerializer.SerializeValueInternal(Object o, StringBuilder sb, Int32 depth, Hashtable objectsInUse, SerializationFormat serializationFormat, MemberInfo currentMember)
   at System.Web.Script.Serialization.JavaScriptSerializer.SerializeValue(Object o, StringBuilder sb, Int32 depth, Hashtable objectsInUse, SerializationFormat serializationFormat, MemberInfo currentMember)
   at System.Web.Script.Serialization.JavaScriptSerializer.SerializeEnumerable(IEnumerable enumerable, StringBuilder sb, Int32 depth, Hashtable objectsInUse, SerializationFormat serializationFormat)
   at System.Web.Script.Serialization.JavaScriptSerializer.SerializeValueInternal(Object o, StringBuilder sb, Int32 depth, Hashtable objectsInUse, SerializationFormat serializationFormat, MemberInfo currentMember)
   at System.Web.Script.Serialization.JavaScriptSerializer.SerializeValue(Object o, StringBuilder sb, Int32 depth, Hashtable objectsInUse, SerializationFormat serializationFormat, MemberInfo currentMember)
   at System.Web.Script.Serialization.JavaScriptSerializer.SerializeCustomObject(Object o, StringBuilder sb, Int32 depth, Hashtable objectsInUse, SerializationFormat serializationFormat)
   at System.Web.Script.Serialization.JavaScriptSerializer.SerializeValueInternal(Object o, StringBuilder sb, Int32 depth, Hashtable objectsInUse, SerializationFormat serializationFormat, MemberInfo currentMember)
   at System.Web.Script.Serialization.JavaScriptSerializer.SerializeValue(Object o, StringBuilder sb, Int32 depth, Hashtable objectsInUse, SerializationFormat serializationFormat, MemberInfo currentMember)
   at System.Web.Script.Serialization.JavaScriptSerializer.SerializeCustomObject(Object o, StringBuilder sb, Int32 depth, Hashtable objectsInUse, SerializationFormat serializationFormat)
   at System.Web.Script.Serialization.JavaScriptSerializer.SerializeValueInternal(Object o, StringBuilder sb, Int32 depth, Hashtable objectsInUse, SerializationFormat serializationFormat, MemberInfo currentMember)
   at System.Web.Script.Serialization.JavaScriptSerializer.SerializeValue(Object o, StringBuilder sb, Int32 depth, Hashtable objectsInUse, SerializationFormat serializationFormat, MemberInfo currentMember)
   at System.Web.Script.Serialization.JavaScriptSerializer.SerializeCustomObject(Object o, StringBuilder sb, Int32 depth, Hashtable objectsInUse, SerializationFormat serializationFormat)
   at System.Web.Script.Serialization.JavaScriptSerializer.SerializeValueInternal(Object o, StringBuilder sb, Int32 depth, Hashtable objectsInUse, SerializationFormat serializationFormat, MemberInfo currentMember)
   at System.Web.Script.Serialization.JavaScriptSerializer.SerializeValue(Object o, StringBuilder sb, Int32 depth, Hashtable objectsInUse, SerializationFormat serializationFormat, MemberInfo currentMember)
   at System.Web.Script.Serialization.JavaScriptSerializer.SerializeCustomObject(Object o, StringBuilder sb, Int32 depth, Hashtable objectsInUse, SerializationFormat serializationFormat)
   at System.Web.Script.Serialization.JavaScriptSerializer.SerializeValueInternal(Object o, StringBuilder sb, Int32 depth, Hashtable objectsInUse, SerializationFormat serializationFormat, MemberInfo currentMember)
   at System.Web.Script.Serialization.JavaScriptSerializer.SerializeValue(Object o, StringBuilder sb, Int32 depth, Hashtable objectsInUse, SerializationFormat serializationFormat, MemberInfo currentMember)
   at System.Web.Script.Serialization.JavaScriptSerializer.SerializeCustomObject(Object o, StringBuilder sb, Int32 depth, Hashtable objectsInUse, SerializationFormat serializationFormat)
   at System.Web.Script.Serialization.JavaScriptSerializer.SerializeValueInternal(Object o, StringBuilder sb, Int32 depth, Hashtable objectsInUse, SerializationFormat serializationFormat, MemberInfo currentMember)
   at System.Web.Script.Serialization.JavaScriptSerializer.SerializeValue(Object o, StringBuilder sb, Int32 depth, Hashtable objectsInUse, SerializationFormat serializationFormat, MemberInfo currentMember)
   at System.Web.Script.Serialization.JavaScriptSerializer.SerializeCustomObject(Object o, StringBuilder sb, Int32 depth, Hashtable objectsInUse, SerializationFormat serializationFormat)
   at System.Web.Script.Serialization.JavaScriptSerializer.SerializeValueInternal(Object o, StringBuilder sb, Int32 depth, Hashtable objectsInUse, SerializationFormat serializationFormat, MemberInfo currentMember)
   at System.Web.Script.Serialization.JavaScriptSerializer.SerializeValue(Object o, StringBuilder sb, Int32 depth, Hashtable objectsInUse, SerializationFormat serializationFormat, MemberInfo currentMember)
   at System.Web.Script.Serialization.JavaScriptSerializer.Serialize(Object obj, StringBuilder output, SerializationFormat serializationFormat)
   at System.Web.Script.Serialization.JavaScriptSerializer.Serialize(Object obj, SerializationFormat serializationFormat)
   at System.Web.Script.Serialization.JavaScriptSerializer.Serialize(Object obj)
   at ModernInfoTechInventory.Helpers.JSONHelper.ToJSON(Object obj) in c:\Users\Nazmul Chowdhury\Documents\Visual Studio 2013\Projects\ModernInfoTechInventory\ModernInfoTechInventory\Helpers\JSONHelper.cs:line 13
Error: CustomerDues are not found
Error Code: 1000


2016-10-28 11:55:06.5062|INFO|ModernInfoTechInventory.Helpers.NLogger|JSON
Method: POST
URL: http://localhost:1036/api/customerdue
Authorization: Bearer _GrMshGIAhSZrTtG7wVi9W2SO30Q6H7qlLz4Bh0lghaAVRRn-Lo9wHL1FKRwo0D-OyFthyvkbH57Dnjk5e--MyoP88h7ew4G_UO6UxyuaS7ihP4thEEoZ6DVXR2UESrGQ8p0wHosi0aB9REpepMpRPevLauvwFBQVHu4L7wUvznolU6G-PsRIi6y-3YMmT9uGMYt4Z8FvXOusEaciPJf7sA1dxFndQdlh86OuR5LcDpr4akf__UXQEH1CbJuOQukbbQk9PLS-Qa2r3DeIGveOwwSmNGPTp5e2Cy_S9d8piEg4cYfQ4ksTDDujjDBF2kVDpmgt_Sqr-Kjihz8GFNeBvcvjz2B6IwhSKCePfFr2R6CAYkc30qSmVBuqBZT2Af_UZZFvkTcHkXXP9HYiNSgyGCSBOns4ZZ_lr1mv5GLwvA
Controller: ModernInfoTechInventory.Controllers.CustomerDueController
Action: PostCustomerDue
Action Parameters: {"messageFormat":"JSON","messageArguments":[{"customerDueEntity":{"CustomerDueId":"67903570-fdf4-49d2-9f63-8ba92335eb70","ReceiveAmount":78998.768,"Customer":null}}]}

2016-10-28 11:56:22.3059|INFO|ModernInfoTechInventory.Helpers.NLogger|JSON
Method: POST
URL: http://localhost:1036/api/customerdue
Authorization: Bearer _GrMshGIAhSZrTtG7wVi9W2SO30Q6H7qlLz4Bh0lghaAVRRn-Lo9wHL1FKRwo0D-OyFthyvkbH57Dnjk5e--MyoP88h7ew4G_UO6UxyuaS7ihP4thEEoZ6DVXR2UESrGQ8p0wHosi0aB9REpepMpRPevLauvwFBQVHu4L7wUvznolU6G-PsRIi6y-3YMmT9uGMYt4Z8FvXOusEaciPJf7sA1dxFndQdlh86OuR5LcDpr4akf__UXQEH1CbJuOQukbbQk9PLS-Qa2r3DeIGveOwwSmNGPTp5e2Cy_S9d8piEg4cYfQ4ksTDDujjDBF2kVDpmgt_Sqr-Kjihz8GFNeBvcvjz2B6IwhSKCePfFr2R6CAYkc30qSmVBuqBZT2Af_UZZFvkTcHkXXP9HYiNSgyGCSBOns4ZZ_lr1mv5GLwvA
Controller: ModernInfoTechInventory.Controllers.CustomerDueController
Action: PostCustomerDue
Action Parameters: {"messageFormat":"JSON","messageArguments":[{"customerDueEntity":{"CustomerDueId":"4b303570-fdf4-49d2-9f63-8ba92335eb70","ReceiveAmount":4567333,"Customer":null}}]}

2016-10-28 11:56:46.4933|INFO|ModernInfoTechInventory.Helpers.NLogger|JSON
Method: GET
URL: http://localhost:1036/api/customerdue
Authorization: Bearer _GrMshGIAhSZrTtG7wVi9W2SO30Q6H7qlLz4Bh0lghaAVRRn-Lo9wHL1FKRwo0D-OyFthyvkbH57Dnjk5e--MyoP88h7ew4G_UO6UxyuaS7ihP4thEEoZ6DVXR2UESrGQ8p0wHosi0aB9REpepMpRPevLauvwFBQVHu4L7wUvznolU6G-PsRIi6y-3YMmT9uGMYt4Z8FvXOusEaciPJf7sA1dxFndQdlh86OuR5LcDpr4akf__UXQEH1CbJuOQukbbQk9PLS-Qa2r3DeIGveOwwSmNGPTp5e2Cy_S9d8piEg4cYfQ4ksTDDujjDBF2kVDpmgt_Sqr-Kjihz8GFNeBvcvjz2B6IwhSKCePfFr2R6CAYkc30qSmVBuqBZT2Af_UZZFvkTcHkXXP9HYiNSgyGCSBOns4ZZ_lr1mv5GLwvA
Controller: ModernInfoTechInventory.Controllers.CustomerDueController
Action: GetAllCustomerDues
Action Parameters: {"messageFormat":"JSON","messageArguments":[{}]}

2016-10-28 11:57:13.6629|INFO|ModernInfoTechInventory.Helpers.NLogger|JSON
Method: GET
URL: http://localhost:1036/api/customerdue/4b303570-fdf4-49d2-9f63-8ba92335eb70
Authorization: Bearer _GrMshGIAhSZrTtG7wVi9W2SO30Q6H7qlLz4Bh0lghaAVRRn-Lo9wHL1FKRwo0D-OyFthyvkbH57Dnjk5e--MyoP88h7ew4G_UO6UxyuaS7ihP4thEEoZ6DVXR2UESrGQ8p0wHosi0aB9REpepMpRPevLauvwFBQVHu4L7wUvznolU6G-PsRIi6y-3YMmT9uGMYt4Z8FvXOusEaciPJf7sA1dxFndQdlh86OuR5LcDpr4akf__UXQEH1CbJuOQukbbQk9PLS-Qa2r3DeIGveOwwSmNGPTp5e2Cy_S9d8piEg4cYfQ4ksTDDujjDBF2kVDpmgt_Sqr-Kjihz8GFNeBvcvjz2B6IwhSKCePfFr2R6CAYkc30qSmVBuqBZT2Af_UZZFvkTcHkXXP9HYiNSgyGCSBOns4ZZ_lr1mv5GLwvA
Controller: ModernInfoTechInventory.Controllers.CustomerDueController
Action: GetCustomerDue
Action Parameters: {"messageFormat":"JSON","messageArguments":[{"id":"4b303570-fdf4-49d2-9f63-8ba92335eb70"}]}

2016-10-28 11:57:27.9730|INFO|ModernInfoTechInventory.Helpers.NLogger|JSON
Method: GET
URL: http://localhost:1036/api/customerdue/4b303570-fdf4-49d2-9f63-8ba92335eb78
Authorization: Bearer _GrMshGIAhSZrTtG7wVi9W2SO30Q6H7qlLz4Bh0lghaAVRRn-Lo9wHL1FKRwo0D-OyFthyvkbH57Dnjk5e--MyoP88h7ew4G_UO6UxyuaS7ihP4thEEoZ6DVXR2UESrGQ8p0wHosi0aB9REpepMpRPevLauvwFBQVHu4L7wUvznolU6G-PsRIi6y-3YMmT9uGMYt4Z8FvXOusEaciPJf7sA1dxFndQdlh86OuR5LcDpr4akf__UXQEH1CbJuOQukbbQk9PLS-Qa2r3DeIGveOwwSmNGPTp5e2Cy_S9d8piEg4cYfQ4ksTDDujjDBF2kVDpmgt_Sqr-Kjihz8GFNeBvcvjz2B6IwhSKCePfFr2R6CAYkc30qSmVBuqBZT2Af_UZZFvkTcHkXXP9HYiNSgyGCSBOns4ZZ_lr1mv5GLwvA
Controller: ModernInfoTechInventory.Controllers.CustomerDueController
Action: GetCustomerDue
Action Parameters: {"messageFormat":"JSON","messageArguments":[{"id":"4b303570-fdf4-49d2-9f63-8ba92335eb78"}]}

2016-10-28 11:57:37.6652|ERROR|ModernInfoTechInventory.Helpers.NLogger|Method: GET
URL: http://localhost:1036/api/customerdue/4b303570-fdf4-49d2-9f63-8ba92335eb78
Authorization: Bearer _GrMshGIAhSZrTtG7wVi9W2SO30Q6H7qlLz4Bh0lghaAVRRn-Lo9wHL1FKRwo0D-OyFthyvkbH57Dnjk5e--MyoP88h7ew4G_UO6UxyuaS7ihP4thEEoZ6DVXR2UESrGQ8p0wHosi0aB9REpepMpRPevLauvwFBQVHu4L7wUvznolU6G-PsRIi6y-3YMmT9uGMYt4Z8FvXOusEaciPJf7sA1dxFndQdlh86OuR5LcDpr4akf__UXQEH1CbJuOQukbbQk9PLS-Qa2r3DeIGveOwwSmNGPTp5e2Cy_S9d8piEg4cYfQ4ksTDDujjDBF2kVDpmgt_Sqr-Kjihz8GFNeBvcvjz2B6IwhSKCePfFr2R6CAYkc30qSmVBuqBZT2Af_UZZFvkTcHkXXP9HYiNSgyGCSBOns4ZZ_lr1mv5GLwvA
Controller: ModernInfoTechInventory.Controllers.CustomerDueController
Action: GetCustomerDue
Action Parameters: System.InvalidOperationException: A circular reference was detected while serializing an object of type 'System.Reflection.RuntimeModule'.
   at System.Web.Script.Serialization.JavaScriptSerializer.SerializeValueInternal(Object o, StringBuilder sb, Int32 depth, Hashtable objectsInUse, SerializationFormat serializationFormat, MemberInfo currentMember)
   at System.Web.Script.Serialization.JavaScriptSerializer.SerializeValue(Object o, StringBuilder sb, Int32 depth, Hashtable objectsInUse, SerializationFormat serializationFormat, MemberInfo currentMember)
   at System.Web.Script.Serialization.JavaScriptSerializer.SerializeCustomObject(Object o, StringBuilder sb, Int32 depth, Hashtable objectsInUse, SerializationFormat serializationFormat)
   at System.Web.Script.Serialization.JavaScriptSerializer.SerializeValueInternal(Object o, StringBuilder sb, Int32 depth, Hashtable objectsInUse, SerializationFormat serializationFormat, MemberInfo currentMember)
   at System.Web.Script.Serialization.JavaScriptSerializer.SerializeValue(Object o, StringBuilder sb, Int32 depth, Hashtable objectsInUse, SerializationFormat serializationFormat, MemberInfo currentMember)
   at System.Web.Script.Serialization.JavaScriptSerializer.SerializeEnumerable(IEnumerable enumerable, StringBuilder sb, Int32 depth, Hashtable objectsInUse, SerializationFormat serializationFormat)
   at System.Web.Script.Serialization.JavaScriptSerializer.SerializeValueInternal(Object o, StringBuilder sb, Int32 depth, Hashtable objectsInUse, SerializationFormat serializationFormat, MemberInfo currentMember)
   at System.Web.Script.Serialization.JavaScriptSerializer.SerializeValue(Object o, StringBuilder sb, Int32 depth, Hashtable objectsInUse, SerializationFormat serializationFormat, MemberInfo currentMember)
   at System.Web.Script.Serialization.JavaScriptSerializer.SerializeCustomObject(Object o, StringBuilder sb, Int32 depth, Hashtable objectsInUse, SerializationFormat serializationFormat)
   at System.Web.Script.Serialization.JavaScriptSerializer.SerializeValueInternal(Object o, StringBuilder sb, Int32 depth, Hashtable objectsInUse, SerializationFormat serializationFormat, MemberInfo currentMember)
   at System.Web.Script.Serialization.JavaScriptSerializer.SerializeValue(Object o, StringBuilder sb, Int32 depth, Hashtable objectsInUse, SerializationFormat serializationFormat, MemberInfo currentMember)
   at System.Web.Script.Serialization.JavaScriptSerializer.SerializeCustomObject(Object o, StringBuilder sb, Int32 depth, Hashtable objectsInUse, SerializationFormat serializationFormat)
   at System.Web.Script.Serialization.JavaScriptSerializer.SerializeValueInternal(Object o, StringBuilder sb, Int32 depth, Hashtable objectsInUse, SerializationFormat serializationFormat, MemberInfo currentMember)
   at System.Web.Script.Serialization.JavaScriptSerializer.SerializeValue(Object o, StringBuilder sb, Int32 depth, Hashtable objectsInUse, SerializationFormat serializationFormat, MemberInfo currentMember)
   at System.Web.Script.Serialization.JavaScriptSerializer.SerializeCustomObject(Object o, StringBuilder sb, Int32 depth, Hashtable objectsInUse, SerializationFormat serializationFormat)
   at System.Web.Script.Serialization.JavaScriptSerializer.SerializeValueInternal(Object o, StringBuilder sb, Int32 depth, Hashtable objectsInUse, SerializationFormat serializationFormat, MemberInfo currentMember)
   at System.Web.Script.Serialization.JavaScriptSerializer.SerializeValue(Object o, StringBuilder sb, Int32 depth, Hashtable objectsInUse, SerializationFormat serializationFormat, MemberInfo currentMember)
   at System.Web.Script.Serialization.JavaScriptSerializer.SerializeCustomObject(Object o, StringBuilder sb, Int32 depth, Hashtable objectsInUse, SerializationFormat serializationFormat)
   at System.Web.Script.Serialization.JavaScriptSerializer.SerializeValueInternal(Object o, StringBuilder sb, Int32 depth, Hashtable objectsInUse, SerializationFormat serializationFormat, MemberInfo currentMember)
   at System.Web.Script.Serialization.JavaScriptSerializer.SerializeValue(Object o, StringBuilder sb, Int32 depth, Hashtable objectsInUse, SerializationFormat serializationFormat, MemberInfo currentMember)
   at System.Web.Script.Serialization.JavaScriptSerializer.SerializeCustomObject(Object o, StringBuilder sb, Int32 depth, Hashtable objectsInUse, SerializationFormat serializationFormat)
   at System.Web.Script.Serialization.JavaScriptSerializer.SerializeValueInternal(Object o, StringBuilder sb, Int32 depth, Hashtable objectsInUse, SerializationFormat serializationFormat, MemberInfo currentMember)
   at System.Web.Script.Serialization.JavaScriptSerializer.SerializeValue(Object o, StringBuilder sb, Int32 depth, Hashtable objectsInUse, SerializationFormat serializationFormat, MemberInfo currentMember)
   at System.Web.Script.Serialization.JavaScriptSerializer.SerializeCustomObject(Object o, StringBuilder sb, Int32 depth, Hashtable objectsInUse, SerializationFormat serializationFormat)
   at System.Web.Script.Serialization.JavaScriptSerializer.SerializeValueInternal(Object o, StringBuilder sb, Int32 depth, Hashtable objectsInUse, SerializationFormat serializationFormat, MemberInfo currentMember)
   at System.Web.Script.Serialization.JavaScriptSerializer.SerializeValue(Object o, StringBuilder sb, Int32 depth, Hashtable objectsInUse, SerializationFormat serializationFormat, MemberInfo currentMember)
   at System.Web.Script.Serialization.JavaScriptSerializer.Serialize(Object obj, StringBuilder output, SerializationFormat serializationFormat)
   at System.Web.Script.Serialization.JavaScriptSerializer.Serialize(Object obj, SerializationFormat serializationFormat)
   at System.Web.Script.Serialization.JavaScriptSerializer.Serialize(Object obj)
   at ModernInfoTechInventory.Helpers.JSONHelper.ToJSON(Object obj) in c:\Users\Nazmul Chowdhury\Documents\Visual Studio 2013\Projects\ModernInfoTechInventory\ModernInfoTechInventory\Helpers\JSONHelper.cs:line 13
Error: No CustomerDue found for this 4b303570-fdf4-49d2-9f63-8ba92335eb78
Error Code: 1001


2016-10-28 11:58:15.9214|INFO|ModernInfoTechInventory.Helpers.NLogger|JSON
Method: DELETE
URL: http://localhost:1036/api/customerdue/4b303570-fdf4-49d2-9f63-8ba92335eb709
Authorization: Bearer _GrMshGIAhSZrTtG7wVi9W2SO30Q6H7qlLz4Bh0lghaAVRRn-Lo9wHL1FKRwo0D-OyFthyvkbH57Dnjk5e--MyoP88h7ew4G_UO6UxyuaS7ihP4thEEoZ6DVXR2UESrGQ8p0wHosi0aB9REpepMpRPevLauvwFBQVHu4L7wUvznolU6G-PsRIi6y-3YMmT9uGMYt4Z8FvXOusEaciPJf7sA1dxFndQdlh86OuR5LcDpr4akf__UXQEH1CbJuOQukbbQk9PLS-Qa2r3DeIGveOwwSmNGPTp5e2Cy_S9d8piEg4cYfQ4ksTDDujjDBF2kVDpmgt_Sqr-Kjihz8GFNeBvcvjz2B6IwhSKCePfFr2R6CAYkc30qSmVBuqBZT2Af_UZZFvkTcHkXXP9HYiNSgyGCSBOns4ZZ_lr1mv5GLwvA
Controller: ModernInfoTechInventory.Controllers.CustomerDueController
Action: DeleteCustomerDue
Action Parameters: {"messageFormat":"JSON","messageArguments":[{"id":"4b303570-fdf4-49d2-9f63-8ba92335eb709"}]}

2016-10-28 11:58:20.6262|ERROR|ModernInfoTechInventory.Helpers.NLogger|Method: DELETE
URL: http://localhost:1036/api/customerdue/4b303570-fdf4-49d2-9f63-8ba92335eb709
Authorization: Bearer _GrMshGIAhSZrTtG7wVi9W2SO30Q6H7qlLz4Bh0lghaAVRRn-Lo9wHL1FKRwo0D-OyFthyvkbH57Dnjk5e--MyoP88h7ew4G_UO6UxyuaS7ihP4thEEoZ6DVXR2UESrGQ8p0wHosi0aB9REpepMpRPevLauvwFBQVHu4L7wUvznolU6G-PsRIi6y-3YMmT9uGMYt4Z8FvXOusEaciPJf7sA1dxFndQdlh86OuR5LcDpr4akf__UXQEH1CbJuOQukbbQk9PLS-Qa2r3DeIGveOwwSmNGPTp5e2Cy_S9d8piEg4cYfQ4ksTDDujjDBF2kVDpmgt_Sqr-Kjihz8GFNeBvcvjz2B6IwhSKCePfFr2R6CAYkc30qSmVBuqBZT2Af_UZZFvkTcHkXXP9HYiNSgyGCSBOns4ZZ_lr1mv5GLwvA
Controller: ModernInfoTechInventory.Controllers.CustomerDueController
Action: DeleteCustomerDue
Action Parameters: System.InvalidOperationException: A circular reference was detected while serializing an object of type 'System.Reflection.RuntimeModule'.
   at System.Web.Script.Serialization.JavaScriptSerializer.SerializeValueInternal(Object o, StringBuilder sb, Int32 depth, Hashtable objectsInUse, SerializationFormat serializationFormat, MemberInfo currentMember)
   at System.Web.Script.Serialization.JavaScriptSerializer.SerializeValue(Object o, StringBuilder sb, Int32 depth, Hashtable objectsInUse, SerializationFormat serializationFormat, MemberInfo currentMember)
   at System.Web.Script.Serialization.JavaScriptSerializer.SerializeCustomObject(Object o, StringBuilder sb, Int32 depth, Hashtable objectsInUse, SerializationFormat serializationFormat)
   at System.Web.Script.Serialization.JavaScriptSerializer.SerializeValueInternal(Object o, StringBuilder sb, Int32 depth, Hashtable objectsInUse, SerializationFormat serializationFormat, MemberInfo currentMember)
   at System.Web.Script.Serialization.JavaScriptSerializer.SerializeValue(Object o, StringBuilder sb, Int32 depth, Hashtable objectsInUse, SerializationFormat serializationFormat, MemberInfo currentMember)
   at System.Web.Script.Serialization.JavaScriptSerializer.SerializeEnumerable(IEnumerable enumerable, StringBuilder sb, Int32 depth, Hashtable objectsInUse, SerializationFormat serializationFormat)
   at System.Web.Script.Serialization.JavaScriptSerializer.SerializeValueInternal(Object o, StringBuilder sb, Int32 depth, Hashtable objectsInUse, SerializationFormat serializationFormat, MemberInfo currentMember)
   at System.Web.Script.Serialization.JavaScriptSerializer.SerializeValue(Object o, StringBuilder sb, Int32 depth, Hashtable objectsInUse, SerializationFormat serializationFormat, MemberInfo currentMember)
   at System.Web.Script.Serialization.JavaScriptSerializer.SerializeCustomObject(Object o, StringBuilder sb, Int32 depth, Hashtable objectsInUse, SerializationFormat serializationFormat)
   at System.Web.Script.Serialization.JavaScriptSerializer.SerializeValueInternal(Object o, StringBuilder sb, Int32 depth, Hashtable objectsInUse, SerializationFormat serializationFormat, MemberInfo currentMember)
   at System.Web.Script.Serialization.JavaScriptSerializer.SerializeValue(Object o, StringBuilder sb, Int32 depth, Hashtable objectsInUse, SerializationFormat serializationFormat, MemberInfo currentMember)
   at System.Web.Script.Serialization.JavaScriptSerializer.SerializeCustomObject(Object o, StringBuilder sb, Int32 depth, Hashtable objectsInUse, SerializationFormat serializationFormat)
   at System.Web.Script.Serialization.JavaScriptSerializer.SerializeValueInternal(Object o, StringBuilder sb, Int32 depth, Hashtable objectsInUse, SerializationFormat serializationFormat, MemberInfo currentMember)
   at System.Web.Script.Serialization.JavaScriptSerializer.SerializeValue(Object o, StringBuilder sb, Int32 depth, Hashtable objectsInUse, SerializationFormat serializationFormat, MemberInfo currentMember)
   at System.Web.Script.Serialization.JavaScriptSerializer.SerializeCustomObject(Object o, StringBuilder sb, Int32 depth, Hashtable objectsInUse, SerializationFormat serializationFormat)
   at System.Web.Script.Serialization.JavaScriptSerializer.SerializeValueInternal(Object o, StringBuilder sb, Int32 depth, Hashtable objectsInUse, SerializationFormat serializationFormat, MemberInfo currentMember)
   at System.Web.Script.Serialization.JavaScriptSerializer.SerializeValue(Object o, StringBuilder sb, Int32 depth, Hashtable objectsInUse, SerializationFormat serializationFormat, MemberInfo currentMember)
   at System.Web.Script.Serialization.JavaScriptSerializer.SerializeCustomObject(Object o, StringBuilder sb, Int32 depth, Hashtable objectsInUse, SerializationFormat serializationFormat)
   at System.Web.Script.Serialization.JavaScriptSerializer.SerializeValueInternal(Object o, StringBuilder sb, Int32 depth, Hashtable objectsInUse, SerializationFormat serializationFormat, MemberInfo currentMember)
   at System.Web.Script.Serialization.JavaScriptSerializer.SerializeValue(Object o, StringBuilder sb, Int32 depth, Hashtable objectsInUse, SerializationFormat serializationFormat, MemberInfo currentMember)
   at System.Web.Script.Serialization.JavaScriptSerializer.SerializeCustomObject(Object o, StringBuilder sb, Int32 depth, Hashtable objectsInUse, SerializationFormat serializationFormat)
   at System.Web.Script.Serialization.JavaScriptSerializer.SerializeValueInternal(Object o, StringBuilder sb, Int32 depth, Hashtable objectsInUse, SerializationFormat serializationFormat, MemberInfo currentMember)
   at System.Web.Script.Serialization.JavaScriptSerializer.SerializeValue(Object o, StringBuilder sb, Int32 depth, Hashtable objectsInUse, SerializationFormat serializationFormat, MemberInfo currentMember)
   at System.Web.Script.Serialization.JavaScriptSerializer.SerializeCustomObject(Object o, StringBuilder sb, Int32 depth, Hashtable objectsInUse, SerializationFormat serializationFormat)
   at System.Web.Script.Serialization.JavaScriptSerializer.SerializeValueInternal(Object o, StringBuilder sb, Int32 depth, Hashtable objectsInUse, SerializationFormat serializationFormat, MemberInfo currentMember)
   at System.Web.Script.Serialization.JavaScriptSerializer.SerializeValue(Object o, StringBuilder sb, Int32 depth, Hashtable objectsInUse, SerializationFormat serializationFormat, MemberInfo currentMember)
   at System.Web.Script.Serialization.JavaScriptSerializer.Serialize(Object obj, StringBuilder output, SerializationFormat serializationFormat)
   at System.Web.Script.Serialization.JavaScriptSerializer.Serialize(Object obj, SerializationFormat serializationFormat)
   at System.Web.Script.Serialization.JavaScriptSerializer.Serialize(Object obj)
   at ModernInfoTechInventory.Helpers.JSONHelper.ToJSON(Object obj) in c:\Users\Nazmul Chowdhury\Documents\Visual Studio 2013\Projects\ModernInfoTechInventory\ModernInfoTechInventory\Helpers\JSONHelper.cs:line 13
Error: CustomerDue is already deleted or not exist in system.
Error Code: 1002


2016-10-28 11:58:35.5499|INFO|ModernInfoTechInventory.Helpers.NLogger|JSON
Method: DELETE
URL: http://localhost:1036/api/customerdue/4b303570-fdf4-49d2-9f63-8ba92335eb70
Authorization: Bearer _GrMshGIAhSZrTtG7wVi9W2SO30Q6H7qlLz4Bh0lghaAVRRn-Lo9wHL1FKRwo0D-OyFthyvkbH57Dnjk5e--MyoP88h7ew4G_UO6UxyuaS7ihP4thEEoZ6DVXR2UESrGQ8p0wHosi0aB9REpepMpRPevLauvwFBQVHu4L7wUvznolU6G-PsRIi6y-3YMmT9uGMYt4Z8FvXOusEaciPJf7sA1dxFndQdlh86OuR5LcDpr4akf__UXQEH1CbJuOQukbbQk9PLS-Qa2r3DeIGveOwwSmNGPTp5e2Cy_S9d8piEg4cYfQ4ksTDDujjDBF2kVDpmgt_Sqr-Kjihz8GFNeBvcvjz2B6IwhSKCePfFr2R6CAYkc30qSmVBuqBZT2Af_UZZFvkTcHkXXP9HYiNSgyGCSBOns4ZZ_lr1mv5GLwvA
Controller: ModernInfoTechInventory.Controllers.CustomerDueController
Action: DeleteCustomerDue
Action Parameters: {"messageFormat":"JSON","messageArguments":[{"id":"4b303570-fdf4-49d2-9f63-8ba92335eb70"}]}

2016-10-28 11:59:01.0677|INFO|ModernInfoTechInventory.Helpers.NLogger|JSON
Method: GET
URL: http://localhost:1036/api/customerdue
Authorization: Bearer _GrMshGIAhSZrTtG7wVi9W2SO30Q6H7qlLz4Bh0lghaAVRRn-Lo9wHL1FKRwo0D-OyFthyvkbH57Dnjk5e--MyoP88h7ew4G_UO6UxyuaS7ihP4thEEoZ6DVXR2UESrGQ8p0wHosi0aB9REpepMpRPevLauvwFBQVHu4L7wUvznolU6G-PsRIi6y-3YMmT9uGMYt4Z8FvXOusEaciPJf7sA1dxFndQdlh86OuR5LcDpr4akf__UXQEH1CbJuOQukbbQk9PLS-Qa2r3DeIGveOwwSmNGPTp5e2Cy_S9d8piEg4cYfQ4ksTDDujjDBF2kVDpmgt_Sqr-Kjihz8GFNeBvcvjz2B6IwhSKCePfFr2R6CAYkc30qSmVBuqBZT2Af_UZZFvkTcHkXXP9HYiNSgyGCSBOns4ZZ_lr1mv5GLwvA
Controller: ModernInfoTechInventory.Controllers.CustomerDueController
Action: GetAllCustomerDues
Action Parameters: {"messageFormat":"JSON","messageArguments":[{}]}

2016-10-28 12:01:31.8634|INFO|ModernInfoTechInventory.Helpers.NLogger|JSON
Method: PUT
URL: http://localhost:1036/api/customerdue/67903570-fdf4-49d2-9f63-8ba92335eb70
Authorization: Bearer _GrMshGIAhSZrTtG7wVi9W2SO30Q6H7qlLz4Bh0lghaAVRRn-Lo9wHL1FKRwo0D-OyFthyvkbH57Dnjk5e--MyoP88h7ew4G_UO6UxyuaS7ihP4thEEoZ6DVXR2UESrGQ8p0wHosi0aB9REpepMpRPevLauvwFBQVHu4L7wUvznolU6G-PsRIi6y-3YMmT9uGMYt4Z8FvXOusEaciPJf7sA1dxFndQdlh86OuR5LcDpr4akf__UXQEH1CbJuOQukbbQk9PLS-Qa2r3DeIGveOwwSmNGPTp5e2Cy_S9d8piEg4cYfQ4ksTDDujjDBF2kVDpmgt_Sqr-Kjihz8GFNeBvcvjz2B6IwhSKCePfFr2R6CAYkc30qSmVBuqBZT2Af_UZZFvkTcHkXXP9HYiNSgyGCSBOns4ZZ_lr1mv5GLwvA
Controller: ModernInfoTechInventory.Controllers.CustomerDueController
Action: PutCustomerDue
Action Parameters: {"messageFormat":"JSON","messageArguments":[{"id":"67903570-fdf4-49d2-9f63-8ba92335eb70","customerDueEntity":{"CustomerDueId":null,"ReceiveAmount":4567333,"Customer":null}}]}

2016-10-28 12:01:42.1555|INFO|ModernInfoTechInventory.Helpers.NLogger|JSON
Method: PUT
URL: http://localhost:1036/api/customerdue/67903570-fdf4-49d2-9f63-8ba92335eb79
Authorization: Bearer _GrMshGIAhSZrTtG7wVi9W2SO30Q6H7qlLz4Bh0lghaAVRRn-Lo9wHL1FKRwo0D-OyFthyvkbH57Dnjk5e--MyoP88h7ew4G_UO6UxyuaS7ihP4thEEoZ6DVXR2UESrGQ8p0wHosi0aB9REpepMpRPevLauvwFBQVHu4L7wUvznolU6G-PsRIi6y-3YMmT9uGMYt4Z8FvXOusEaciPJf7sA1dxFndQdlh86OuR5LcDpr4akf__UXQEH1CbJuOQukbbQk9PLS-Qa2r3DeIGveOwwSmNGPTp5e2Cy_S9d8piEg4cYfQ4ksTDDujjDBF2kVDpmgt_Sqr-Kjihz8GFNeBvcvjz2B6IwhSKCePfFr2R6CAYkc30qSmVBuqBZT2Af_UZZFvkTcHkXXP9HYiNSgyGCSBOns4ZZ_lr1mv5GLwvA
Controller: ModernInfoTechInventory.Controllers.CustomerDueController
Action: PutCustomerDue
Action Parameters: {"messageFormat":"JSON","messageArguments":[{"id":"67903570-fdf4-49d2-9f63-8ba92335eb79","customerDueEntity":{"CustomerDueId":null,"ReceiveAmount":4567333,"Customer":null}}]}

2016-10-28 12:01:58.5319|INFO|ModernInfoTechInventory.Helpers.NLogger|JSON
Method: PUT
URL: http://localhost:1036/api/customerdue/67903570-fdf4-49d2-9f63-8ba92335eb70
Authorization: Bearer _GrMshGIAhSZrTtG7wVi9W2SO30Q6H7qlLz4Bh0lghaAVRRn-Lo9wHL1FKRwo0D-OyFthyvkbH57Dnjk5e--MyoP88h7ew4G_UO6UxyuaS7ihP4thEEoZ6DVXR2UESrGQ8p0wHosi0aB9REpepMpRPevLauvwFBQVHu4L7wUvznolU6G-PsRIi6y-3YMmT9uGMYt4Z8FvXOusEaciPJf7sA1dxFndQdlh86OuR5LcDpr4akf__UXQEH1CbJuOQukbbQk9PLS-Qa2r3DeIGveOwwSmNGPTp5e2Cy_S9d8piEg4cYfQ4ksTDDujjDBF2kVDpmgt_Sqr-Kjihz8GFNeBvcvjz2B6IwhSKCePfFr2R6CAYkc30qSmVBuqBZT2Af_UZZFvkTcHkXXP9HYiNSgyGCSBOns4ZZ_lr1mv5GLwvA
Controller: ModernInfoTechInventory.Controllers.CustomerDueController
Action: PutCustomerDue
Action Parameters: {"messageFormat":"JSON","messageArguments":[{"id":"67903570-fdf4-49d2-9f63-8ba92335eb70","customerDueEntity":{"CustomerDueId":null,"ReceiveAmount":4567333,"Customer":null}}]}

2016-10-28 12:02:12.2972|INFO|ModernInfoTechInventory.Helpers.NLogger|JSON
Method: PUT
URL: http://localhost:1036/api/customerdue/67903570-fdf4-49d2-9f63-8ba92335eb70
Authorization: Bearer _GrMshGIAhSZrTtG7wVi9W2SO30Q6H7qlLz4Bh0lghaAVRRn-Lo9wHL1FKRwo0D-OyFthyvkbH57Dnjk5e--MyoP88h7ew4G_UO6UxyuaS7ihP4thEEoZ6DVXR2UESrGQ8p0wHosi0aB9REpepMpRPevLauvwFBQVHu4L7wUvznolU6G-PsRIi6y-3YMmT9uGMYt4Z8FvXOusEaciPJf7sA1dxFndQdlh86OuR5LcDpr4akf__UXQEH1CbJuOQukbbQk9PLS-Qa2r3DeIGveOwwSmNGPTp5e2Cy_S9d8piEg4cYfQ4ksTDDujjDBF2kVDpmgt_Sqr-Kjihz8GFNeBvcvjz2B6IwhSKCePfFr2R6CAYkc30qSmVBuqBZT2Af_UZZFvkTcHkXXP9HYiNSgyGCSBOns4ZZ_lr1mv5GLwvA
Controller: ModernInfoTechInventory.Controllers.CustomerDueController
Action: PutCustomerDue
Action Parameters: {"messageFormat":"JSON","messageArguments":[{"id":"67903570-fdf4-49d2-9f63-8ba92335eb70","customerDueEntity":{"CustomerDueId":null,"ReceiveAmount":1000000,"Customer":null}}]}

2016-10-28 12:02:23.0105|INFO|ModernInfoTechInventory.Helpers.NLogger|JSON
Method: GET
URL: http://localhost:1036/api/customerdue
Authorization: Bearer _GrMshGIAhSZrTtG7wVi9W2SO30Q6H7qlLz4Bh0lghaAVRRn-Lo9wHL1FKRwo0D-OyFthyvkbH57Dnjk5e--MyoP88h7ew4G_UO6UxyuaS7ihP4thEEoZ6DVXR2UESrGQ8p0wHosi0aB9REpepMpRPevLauvwFBQVHu4L7wUvznolU6G-PsRIi6y-3YMmT9uGMYt4Z8FvXOusEaciPJf7sA1dxFndQdlh86OuR5LcDpr4akf__UXQEH1CbJuOQukbbQk9PLS-Qa2r3DeIGveOwwSmNGPTp5e2Cy_S9d8piEg4cYfQ4ksTDDujjDBF2kVDpmgt_Sqr-Kjihz8GFNeBvcvjz2B6IwhSKCePfFr2R6CAYkc30qSmVBuqBZT2Af_UZZFvkTcHkXXP9HYiNSgyGCSBOns4ZZ_lr1mv5GLwvA
Controller: ModernInfoTechInventory.Controllers.CustomerDueController
Action: GetAllCustomerDues
Action Parameters: {"messageFormat":"JSON","messageArguments":[{}]}

2016-10-28 12:03:28.5531|INFO|ModernInfoTechInventory.Helpers.NLogger|JSON
Method: GET
URL: http://localhost:1036/api/Account/ManageInfo?returnUrl=%2F&generateState=true&_=1477633822327
Authorization: Bearer Icez1WbwxOsnc241KQO5LGxon-Q_28qWPdGZxpVmD2P_VfTW76fb-iRhFENccvU_Yalua9Ur2_BWou-W2JG4weeP475kDsHj85DqL4wlxZ6VBYrKU_xHh8ljT7XyTo1PeZszWifcKcR52lRonxmBi--ePmSLaiGO3lwDUkcAcRD9Q1nJS3n6lyZWuD0zdpMraMr7gEGyDM2SPSuM5UE_au4tTPDKqUi-IEKEVRlWnS8h4bgA31LHeuI_C88xNd9KbUOxaWrjoC5Kz5KB3F9m22XRsSCYTNdj5qN61Igy4PhFkPWO9ahzt2RnOC6h_K73zCNWGay2xq5Mll-aUUEq8eDeo2B7uKxqCZNwpi1uKfGXD4YNNsq6Dw6admmXQ_P86wCE8uq005auR4hYEciLr5xf2M4fF-Cfc9aPUDT9bE4
Controller: ModernInfoTechInventory.Controllers.AccountController
Action: GetManageInfo
Action Parameters: {"messageFormat":"JSON","messageArguments":[{"returnUrl":"/","generateState":true}]}

2016-10-28 12:03:31.1466|INFO|ModernInfoTechInventory.Helpers.NLogger|JSON
Method: GET
URL: http://localhost:1036/api/companyinfo
Authorization: Bearer Icez1WbwxOsnc241KQO5LGxon-Q_28qWPdGZxpVmD2P_VfTW76fb-iRhFENccvU_Yalua9Ur2_BWou-W2JG4weeP475kDsHj85DqL4wlxZ6VBYrKU_xHh8ljT7XyTo1PeZszWifcKcR52lRonxmBi--ePmSLaiGO3lwDUkcAcRD9Q1nJS3n6lyZWuD0zdpMraMr7gEGyDM2SPSuM5UE_au4tTPDKqUi-IEKEVRlWnS8h4bgA31LHeuI_C88xNd9KbUOxaWrjoC5Kz5KB3F9m22XRsSCYTNdj5qN61Igy4PhFkPWO9ahzt2RnOC6h_K73zCNWGay2xq5Mll-aUUEq8eDeo2B7uKxqCZNwpi1uKfGXD4YNNsq6Dw6admmXQ_P86wCE8uq005auR4hYEciLr5xf2M4fF-Cfc9aPUDT9bE4
Controller: ModernInfoTechInventory.Controllers.CompanyInfoController
Action: GetAllCompanies
Action Parameters: {"messageFormat":"JSON","messageArguments":[{}]}

2016-10-28 12:03:45.4328|INFO|ModernInfoTechInventory.Helpers.NLogger|JSON
Method: GET
URL: http://localhost:1036/api/customerdue/4b303570-fdf4-49d2-9f63-8ba92335eb70
Authorization: Bearer _GrMshGIAhSZrTtG7wVi9W2SO30Q6H7qlLz4Bh0lghaAVRRn-Lo9wHL1FKRwo0D-OyFthyvkbH57Dnjk5e--MyoP88h7ew4G_UO6UxyuaS7ihP4thEEoZ6DVXR2UESrGQ8p0wHosi0aB9REpepMpRPevLauvwFBQVHu4L7wUvznolU6G-PsRIi6y-3YMmT9uGMYt4Z8FvXOusEaciPJf7sA1dxFndQdlh86OuR5LcDpr4akf__UXQEH1CbJuOQukbbQk9PLS-Qa2r3DeIGveOwwSmNGPTp5e2Cy_S9d8piEg4cYfQ4ksTDDujjDBF2kVDpmgt_Sqr-Kjihz8GFNeBvcvjz2B6IwhSKCePfFr2R6CAYkc30qSmVBuqBZT2Af_UZZFvkTcHkXXP9HYiNSgyGCSBOns4ZZ_lr1mv5GLwvA
Controller: ModernInfoTechInventory.Controllers.CustomerDueController
Action: GetCustomerDue
Action Parameters: {"messageFormat":"JSON","messageArguments":[{"id":"4b303570-fdf4-49d2-9f63-8ba92335eb70"}]}

2016-10-28 12:03:52.8035|ERROR|ModernInfoTechInventory.Helpers.NLogger|Method: GET
URL: http://localhost:1036/api/customerdue/4b303570-fdf4-49d2-9f63-8ba92335eb70
Authorization: Bearer _GrMshGIAhSZrTtG7wVi9W2SO30Q6H7qlLz4Bh0lghaAVRRn-Lo9wHL1FKRwo0D-OyFthyvkbH57Dnjk5e--MyoP88h7ew4G_UO6UxyuaS7ihP4thEEoZ6DVXR2UESrGQ8p0wHosi0aB9REpepMpRPevLauvwFBQVHu4L7wUvznolU6G-PsRIi6y-3YMmT9uGMYt4Z8FvXOusEaciPJf7sA1dxFndQdlh86OuR5LcDpr4akf__UXQEH1CbJuOQukbbQk9PLS-Qa2r3DeIGveOwwSmNGPTp5e2Cy_S9d8piEg4cYfQ4ksTDDujjDBF2kVDpmgt_Sqr-Kjihz8GFNeBvcvjz2B6IwhSKCePfFr2R6CAYkc30qSmVBuqBZT2Af_UZZFvkTcHkXXP9HYiNSgyGCSBOns4ZZ_lr1mv5GLwvA
Controller: ModernInfoTechInventory.Controllers.CustomerDueController
Action: GetCustomerDue
Action Parameters: System.InvalidOperationException: A circular reference was detected while serializing an object of type 'System.Reflection.RuntimeModule'.
   at System.Web.Script.Serialization.JavaScriptSerializer.SerializeValueInternal(Object o, StringBuilder sb, Int32 depth, Hashtable objectsInUse, SerializationFormat serializationFormat, MemberInfo currentMember)
   at System.Web.Script.Serialization.JavaScriptSerializer.SerializeValue(Object o, StringBuilder sb, Int32 depth, Hashtable objectsInUse, SerializationFormat serializationFormat, MemberInfo currentMember)
   at System.Web.Script.Serialization.JavaScriptSerializer.SerializeCustomObject(Object o, StringBuilder sb, Int32 depth, Hashtable objectsInUse, SerializationFormat serializationFormat)
   at System.Web.Script.Serialization.JavaScriptSerializer.SerializeValueInternal(Object o, StringBuilder sb, Int32 depth, Hashtable objectsInUse, SerializationFormat serializationFormat, MemberInfo currentMember)
   at System.Web.Script.Serialization.JavaScriptSerializer.SerializeValue(Object o, StringBuilder sb, Int32 depth, Hashtable objectsInUse, SerializationFormat serializationFormat, MemberInfo currentMember)
   at System.Web.Script.Serialization.JavaScriptSerializer.SerializeEnumerable(IEnumerable enumerable, StringBuilder sb, Int32 depth, Hashtable objectsInUse, SerializationFormat serializationFormat)
   at System.Web.Script.Serialization.JavaScriptSerializer.SerializeValueInternal(Object o, StringBuilder sb, Int32 depth, Hashtable objectsInUse, SerializationFormat serializationFormat, MemberInfo currentMember)
   at System.Web.Script.Serialization.JavaScriptSerializer.SerializeValue(Object o, StringBuilder sb, Int32 depth, Hashtable objectsInUse, SerializationFormat serializationFormat, MemberInfo currentMember)
   at System.Web.Script.Serialization.JavaScriptSerializer.SerializeCustomObject(Object o, StringBuilder sb, Int32 depth, Hashtable objectsInUse, SerializationFormat serializationFormat)
   at System.Web.Script.Serialization.JavaScriptSerializer.SerializeValueInternal(Object o, StringBuilder sb, Int32 depth, Hashtable objectsInUse, SerializationFormat serializationFormat, MemberInfo currentMember)
   at System.Web.Script.Serialization.JavaScriptSerializer.SerializeValue(Object o, StringBuilder sb, Int32 depth, Hashtable objectsInUse, SerializationFormat serializationFormat, MemberInfo currentMember)
   at System.Web.Script.Serialization.JavaScriptSerializer.SerializeCustomObject(Object o, StringBuilder sb, Int32 depth, Hashtable objectsInUse, SerializationFormat serializationFormat)
   at System.Web.Script.Serialization.JavaScriptSerializer.SerializeValueInternal(Object o, StringBuilder sb, Int32 depth, Hashtable objectsInUse, SerializationFormat serializationFormat, MemberInfo currentMember)
   at System.Web.Script.Serialization.JavaScriptSerializer.SerializeValue(Object o, StringBuilder sb, Int32 depth, Hashtable objectsInUse, SerializationFormat serializationFormat, MemberInfo currentMember)
   at System.Web.Script.Serialization.JavaScriptSerializer.SerializeCustomObject(Object o, StringBuilder sb, Int32 depth, Hashtable objectsInUse, SerializationFormat serializationFormat)
   at System.Web.Script.Serialization.JavaScriptSerializer.SerializeValueInternal(Object o, StringBuilder sb, Int32 depth, Hashtable objectsInUse, SerializationFormat serializationFormat, MemberInfo currentMember)
   at System.Web.Script.Serialization.JavaScriptSerializer.SerializeValue(Object o, StringBuilder sb, Int32 depth, Hashtable objectsInUse, SerializationFormat serializationFormat, MemberInfo currentMember)
   at System.Web.Script.Serialization.JavaScriptSerializer.SerializeCustomObject(Object o, StringBuilder sb, Int32 depth, Hashtable objectsInUse, SerializationFormat serializationFormat)
   at System.Web.Script.Serialization.JavaScriptSerializer.SerializeValueInternal(Object o, StringBuilder sb, Int32 depth, Hashtable objectsInUse, SerializationFormat serializationFormat, MemberInfo currentMember)
   at System.Web.Script.Serialization.JavaScriptSerializer.SerializeValue(Object o, StringBuilder sb, Int32 depth, Hashtable objectsInUse, SerializationFormat serializationFormat, MemberInfo currentMember)
   at System.Web.Script.Serialization.JavaScriptSerializer.SerializeCustomObject(Object o, StringBuilder sb, Int32 depth, Hashtable objectsInUse, SerializationFormat serializationFormat)
   at System.Web.Script.Serialization.JavaScriptSerializer.SerializeValueInternal(Object o, StringBuilder sb, Int32 depth, Hashtable objectsInUse, SerializationFormat serializationFormat, MemberInfo currentMember)
   at System.Web.Script.Serialization.JavaScriptSerializer.SerializeValue(Object o, StringBuilder sb, Int32 depth, Hashtable objectsInUse, SerializationFormat serializationFormat, MemberInfo currentMember)
   at System.Web.Script.Serialization.JavaScriptSerializer.SerializeCustomObject(Object o, StringBuilder sb, Int32 depth, Hashtable objectsInUse, SerializationFormat serializationFormat)
   at System.Web.Script.Serialization.JavaScriptSerializer.SerializeValueInternal(Object o, StringBuilder sb, Int32 depth, Hashtable objectsInUse, SerializationFormat serializationFormat, MemberInfo currentMember)
   at System.Web.Script.Serialization.JavaScriptSerializer.SerializeValue(Object o, StringBuilder sb, Int32 depth, Hashtable objectsInUse, SerializationFormat serializationFormat, MemberInfo currentMember)
   at System.Web.Script.Serialization.JavaScriptSerializer.Serialize(Object obj, StringBuilder output, SerializationFormat serializationFormat)
   at System.Web.Script.Serialization.JavaScriptSerializer.Serialize(Object obj, SerializationFormat serializationFormat)
   at System.Web.Script.Serialization.JavaScriptSerializer.Serialize(Object obj)
   at ModernInfoTechInventory.Helpers.JSONHelper.ToJSON(Object obj) in c:\Users\Nazmul Chowdhury\Documents\Visual Studio 2013\Projects\ModernInfoTechInventory\ModernInfoTechInventory\Helpers\JSONHelper.cs:line 13
Error: No CustomerDue found for this 4b303570-fdf4-49d2-9f63-8ba92335eb70
Error Code: 1001


2016-10-28 12:04:36.7364|INFO|ModernInfoTechInventory.Helpers.NLogger|JSON
Method: GET
URL: http://localhost:1036/api/customer
Authorization: Bearer _GrMshGIAhSZrTtG7wVi9W2SO30Q6H7qlLz4Bh0lghaAVRRn-Lo9wHL1FKRwo0D-OyFthyvkbH57Dnjk5e--MyoP88h7ew4G_UO6UxyuaS7ihP4thEEoZ6DVXR2UESrGQ8p0wHosi0aB9REpepMpRPevLauvwFBQVHu4L7wUvznolU6G-PsRIi6y-3YMmT9uGMYt4Z8FvXOusEaciPJf7sA1dxFndQdlh86OuR5LcDpr4akf__UXQEH1CbJuOQukbbQk9PLS-Qa2r3DeIGveOwwSmNGPTp5e2Cy_S9d8piEg4cYfQ4ksTDDujjDBF2kVDpmgt_Sqr-Kjihz8GFNeBvcvjz2B6IwhSKCePfFr2R6CAYkc30qSmVBuqBZT2Af_UZZFvkTcHkXXP9HYiNSgyGCSBOns4ZZ_lr1mv5GLwvA
Controller: ModernInfoTechInventory.Controllers.CustomerController
Action: GetAllCustomers
Action Parameters: {"messageFormat":"JSON","messageArguments":[{}]}

2016-10-28 12:04:45.4940|INFO|ModernInfoTechInventory.Helpers.NLogger|JSON
Method: GET
URL: http://localhost:1036/api/customerdue
Authorization: Bearer _GrMshGIAhSZrTtG7wVi9W2SO30Q6H7qlLz4Bh0lghaAVRRn-Lo9wHL1FKRwo0D-OyFthyvkbH57Dnjk5e--MyoP88h7ew4G_UO6UxyuaS7ihP4thEEoZ6DVXR2UESrGQ8p0wHosi0aB9REpepMpRPevLauvwFBQVHu4L7wUvznolU6G-PsRIi6y-3YMmT9uGMYt4Z8FvXOusEaciPJf7sA1dxFndQdlh86OuR5LcDpr4akf__UXQEH1CbJuOQukbbQk9PLS-Qa2r3DeIGveOwwSmNGPTp5e2Cy_S9d8piEg4cYfQ4ksTDDujjDBF2kVDpmgt_Sqr-Kjihz8GFNeBvcvjz2B6IwhSKCePfFr2R6CAYkc30qSmVBuqBZT2Af_UZZFvkTcHkXXP9HYiNSgyGCSBOns4ZZ_lr1mv5GLwvA
Controller: ModernInfoTechInventory.Controllers.CustomerDueController
Action: GetAllCustomerDues
Action Parameters: {"messageFormat":"JSON","messageArguments":[{}]}

2016-10-28 12:05:12.1152|INFO|ModernInfoTechInventory.Helpers.NLogger|JSON
Method: GET
URL: http://localhost:1036/api/customerdue/67903570-fdf4-49d2-9f63-8ba92335eb70
Authorization: Bearer _GrMshGIAhSZrTtG7wVi9W2SO30Q6H7qlLz4Bh0lghaAVRRn-Lo9wHL1FKRwo0D-OyFthyvkbH57Dnjk5e--MyoP88h7ew4G_UO6UxyuaS7ihP4thEEoZ6DVXR2UESrGQ8p0wHosi0aB9REpepMpRPevLauvwFBQVHu4L7wUvznolU6G-PsRIi6y-3YMmT9uGMYt4Z8FvXOusEaciPJf7sA1dxFndQdlh86OuR5LcDpr4akf__UXQEH1CbJuOQukbbQk9PLS-Qa2r3DeIGveOwwSmNGPTp5e2Cy_S9d8piEg4cYfQ4ksTDDujjDBF2kVDpmgt_Sqr-Kjihz8GFNeBvcvjz2B6IwhSKCePfFr2R6CAYkc30qSmVBuqBZT2Af_UZZFvkTcHkXXP9HYiNSgyGCSBOns4ZZ_lr1mv5GLwvA
Controller: ModernInfoTechInventory.Controllers.CustomerDueController
Action: GetCustomerDue
Action Parameters: {"messageFormat":"JSON","messageArguments":[{"id":"67903570-fdf4-49d2-9f63-8ba92335eb70"}]}

