2016-10-24 10:16:07.5477|INFO|ModernInfoTechInventory.Helpers.NLogger|JSON
Method: GET
URL: http://localhost:1036/api/companyinfo
Authorization: Bearer 4X-cOLM-D7Xs6cdxuRA9yelSVlmPCaZqDH0Hve_VJ21B1iP-NEbJT46nBSwliEzotN4S_stxowlxMlkLjCSWZ0WfVRHtf0t1eJv53wqZtzUoMsIPwWq4LNiY1hKHKbzPxvNgzD6pJ8HnSIeCMiqiI8DTKek7bL1S2XQbLZGnRSiXYCV-csp_GyIzH3F2uicZuoZQNkj5NdSsK2v7jOC-QyOW_SysgDDfmciaWzkkGNB0mooyvARBARTrn5wLcnL7e4PGjxHB2cBzDIs5x5YRje2D-HpDVZkVRdA-P9W1SviXMH8XS-gOK4OaDpPZrYL6FJPv3fPBJ1FjI6ShwyjO0Hk5lZODAdURoiVDTCWqZ9Pmx5sj9nHpUcw94_1qJetDKIS0Gx-Q9YY-jZ2nu5pf2EYGkwSMo5VKGtmHquZx1kU
Controller: ModernInfoTechInventory.Controllers.CompanyInfoController
Action: GetAllCompanies
Action Parameters: {"messageFormat":"JSON","messageArguments":[{}]}

2016-10-24 10:16:29.9960|INFO|ModernInfoTechInventory.Helpers.NLogger|JSON
Method: GET
URL: http://localhost:1036/api/companyinfo/4b303673-fdf4-49d2-9f63-8ba92335eb70
Authorization: Bearer 4X-cOLM-D7Xs6cdxuRA9yelSVlmPCaZqDH0Hve_VJ21B1iP-NEbJT46nBSwliEzotN4S_stxowlxMlkLjCSWZ0WfVRHtf0t1eJv53wqZtzUoMsIPwWq4LNiY1hKHKbzPxvNgzD6pJ8HnSIeCMiqiI8DTKek7bL1S2XQbLZGnRSiXYCV-csp_GyIzH3F2uicZuoZQNkj5NdSsK2v7jOC-QyOW_SysgDDfmciaWzkkGNB0mooyvARBARTrn5wLcnL7e4PGjxHB2cBzDIs5x5YRje2D-HpDVZkVRdA-P9W1SviXMH8XS-gOK4OaDpPZrYL6FJPv3fPBJ1FjI6ShwyjO0Hk5lZODAdURoiVDTCWqZ9Pmx5sj9nHpUcw94_1qJetDKIS0Gx-Q9YY-jZ2nu5pf2EYGkwSMo5VKGtmHquZx1kU
Controller: ModernInfoTechInventory.Controllers.CompanyInfoController
Action: GetCompany
Action Parameters: {"messageFormat":"JSON","messageArguments":[{"id":"4b303673-fdf4-49d2-9f63-8ba92335eb70"}]}

2016-10-24 10:16:39.0223|INFO|ModernInfoTechInventory.Helpers.NLogger|JSON
Method: GET
URL: http://localhost:1036/api/Account/ManageInfo?returnUrl=%2F&generateState=true&_=1477282572006
Authorization: Bearer z05WJMlAbqj9dnHqH_RhZpMoGoDrZHjN-GSUynU9jSteZsCXMANvSLWNjUGE3dvSQlS2mWq_c8Bfj2P2AGitauwg24Hv52LUI_SQve0eIWFvYrAJyfT8tKNfkFavUxKTT3ym3nHmRAQ3F4NJi4ZkRZrd6rdlUr-mm7QZawmInJEocXP_21GQYeyEqCQ0xdDcPaVBtQ8O2O5iWafPg4BEk464gP2FhivrwTSY3ep5--dc6MvB_CXrmcG5YiJqbKa9-OIBal28ujOKbH9pI1_-5iWlvBbOhPuulyHt49Rkm_qiyMYEGsB3UEgz8AgbN8MqLCvVSJXimB2-9c2PKh14kGXiEb3h8HyKzm82mfAwfobbZ89cRBYcTRczWW1A5dSpotYIsmScGVlSVNoR5zaFZwXRae_rNJ0yo_0SMe57pPA
Controller: ModernInfoTechInventory.Controllers.AccountController
Action: GetManageInfo
Action Parameters: {"messageFormat":"JSON","messageArguments":[{"returnUrl":"/","generateState":true}]}

2016-10-24 10:16:41.8378|INFO|ModernInfoTechInventory.Helpers.NLogger|JSON
Method: GET
URL: http://localhost:1036/api/companyinfo
Authorization: Bearer z05WJMlAbqj9dnHqH_RhZpMoGoDrZHjN-GSUynU9jSteZsCXMANvSLWNjUGE3dvSQlS2mWq_c8Bfj2P2AGitauwg24Hv52LUI_SQve0eIWFvYrAJyfT8tKNfkFavUxKTT3ym3nHmRAQ3F4NJi4ZkRZrd6rdlUr-mm7QZawmInJEocXP_21GQYeyEqCQ0xdDcPaVBtQ8O2O5iWafPg4BEk464gP2FhivrwTSY3ep5--dc6MvB_CXrmcG5YiJqbKa9-OIBal28ujOKbH9pI1_-5iWlvBbOhPuulyHt49Rkm_qiyMYEGsB3UEgz8AgbN8MqLCvVSJXimB2-9c2PKh14kGXiEb3h8HyKzm82mfAwfobbZ89cRBYcTRczWW1A5dSpotYIsmScGVlSVNoR5zaFZwXRae_rNJ0yo_0SMe57pPA
Controller: ModernInfoTechInventory.Controllers.CompanyInfoController
Action: GetAllCompanies
Action Parameters: {"messageFormat":"JSON","messageArguments":[{}]}

2016-10-24 10:16:54.9699|INFO|ModernInfoTechInventory.Helpers.NLogger|JSON
Method: POST
URL: http://localhost:1036/api/Account/Logout
Authorization: Bearer z05WJMlAbqj9dnHqH_RhZpMoGoDrZHjN-GSUynU9jSteZsCXMANvSLWNjUGE3dvSQlS2mWq_c8Bfj2P2AGitauwg24Hv52LUI_SQve0eIWFvYrAJyfT8tKNfkFavUxKTT3ym3nHmRAQ3F4NJi4ZkRZrd6rdlUr-mm7QZawmInJEocXP_21GQYeyEqCQ0xdDcPaVBtQ8O2O5iWafPg4BEk464gP2FhivrwTSY3ep5--dc6MvB_CXrmcG5YiJqbKa9-OIBal28ujOKbH9pI1_-5iWlvBbOhPuulyHt49Rkm_qiyMYEGsB3UEgz8AgbN8MqLCvVSJXimB2-9c2PKh14kGXiEb3h8HyKzm82mfAwfobbZ89cRBYcTRczWW1A5dSpotYIsmScGVlSVNoR5zaFZwXRae_rNJ0yo_0SMe57pPA
Controller: ModernInfoTechInventory.Controllers.AccountController
Action: Logout
Action Parameters: {"messageFormat":"JSON","messageArguments":[{}]}

2016-10-24 22:23:01.2276|ERROR|ModernInfoTechInventory.Helpers.NLogger|Method: POST
URL: http://localhost:1036/api/investment
Authorization: Bearer 4X-cOLM-D7Xs6cdxuRA9yelSVlmPCaZqDH0Hve_VJ21B1iP-NEbJT46nBSwliEzotN4S_stxowlxMlkLjCSWZ0WfVRHtf0t1eJv53wqZtzUoMsIPwWq4LNiY1hKHKbzPxvNgzD6pJ8HnSIeCMiqiI8DTKek7bL1S2XQbLZGnRSiXYCV-csp_GyIzH3F2uicZuoZQNkj5NdSsK2v7jOC-QyOW_SysgDDfmciaWzkkGNB0mooyvARBARTrn5wLcnL7e4PGjxHB2cBzDIs5x5YRje2D-HpDVZkVRdA-P9W1SviXMH8XS-gOK4OaDpPZrYL6FJPv3fPBJ1FjI6ShwyjO0Hk5lZODAdURoiVDTCWqZ9Pmx5sj9nHpUcw94_1qJetDKIS0Gx-Q9YY-jZ2nu5pf2EYGkwSMo5VKGtmHquZx1kU
Controller: ModernInfoTechInventory.Controllers.InvestmentController
Action: PostInvestment
Action Parameters: System.InvalidOperationException: A circular reference was detected while serializing an object of type 'System.Reflection.RuntimeModule'.
   at System.Web.Script.Serialization.JavaScriptSerializer.SerializeValueInternal(Object o, StringBuilder sb, Int32 depth, Hashtable objectsInUse, SerializationFormat serializationFormat, MemberInfo currentMember)
   at System.Web.Script.Serialization.JavaScriptSerializer.SerializeValue(Object o, StringBuilder sb, Int32 depth, Hashtable objectsInUse, SerializationFormat serializationFormat, MemberInfo currentMember)
   at System.Web.Script.Serialization.JavaScriptSerializer.SerializeCustomObject(Object o, StringBuilder sb, Int32 depth, Hashtable objectsInUse, SerializationFormat serializationFormat)
   at System.Web.Script.Serialization.JavaScriptSerializer.SerializeValueInternal(Object o, StringBuilder sb, Int32 depth, Hashtable objectsInUse, SerializationFormat serializationFormat, MemberInfo currentMember)
   at System.Web.Script.Serialization.JavaScriptSerializer.SerializeValue(Object o, StringBuilder sb, Int32 depth, Hashtable objectsInUse, SerializationFormat serializationFormat, MemberInfo currentMember)
   at System.Web.Script.Serialization.JavaScriptSerializer.SerializeEnumerable(IEnumerable enumerable, StringBuilder sb, Int32 depth, Hashtable objectsInUse, SerializationFormat serializationFormat)
   at System.Web.Script.Serialization.JavaScriptSerializer.SerializeValueInternal(Object o, StringBuilder sb, Int32 depth, Hashtable objectsInUse, SerializationFormat serializationFormat, MemberInfo currentMember)
   at System.Web.Script.Serialization.JavaScriptSerializer.SerializeValue(Object o, StringBuilder sb, Int32 depth, Hashtable objectsInUse, SerializationFormat serializationFormat, MemberInfo currentMember)
   at System.Web.Script.Serialization.JavaScriptSerializer.SerializeCustomObject(Object o, StringBuilder sb, Int32 depth, Hashtable objectsInUse, SerializationFormat serializationFormat)
   at System.Web.Script.Serialization.JavaScriptSerializer.SerializeValueInternal(Object o, StringBuilder sb, Int32 depth, Hashtable objectsInUse, SerializationFormat serializationFormat, MemberInfo currentMember)
   at System.Web.Script.Serialization.JavaScriptSerializer.SerializeValue(Object o, StringBuilder sb, Int32 depth, Hashtable objectsInUse, SerializationFormat serializationFormat, MemberInfo currentMember)
   at System.Web.Script.Serialization.JavaScriptSerializer.SerializeCustomObject(Object o, StringBuilder sb, Int32 depth, Hashtable objectsInUse, SerializationFormat serializationFormat)
   at System.Web.Script.Serialization.JavaScriptSerializer.SerializeValueInternal(Object o, StringBuilder sb, Int32 depth, Hashtable objectsInUse, SerializationFormat serializationFormat, MemberInfo currentMember)
   at System.Web.Script.Serialization.JavaScriptSerializer.SerializeValue(Object o, StringBuilder sb, Int32 depth, Hashtable objectsInUse, SerializationFormat serializationFormat, MemberInfo currentMember)
   at System.Web.Script.Serialization.JavaScriptSerializer.SerializeCustomObject(Object o, StringBuilder sb, Int32 depth, Hashtable objectsInUse, SerializationFormat serializationFormat)
   at System.Web.Script.Serialization.JavaScriptSerializer.SerializeValueInternal(Object o, StringBuilder sb, Int32 depth, Hashtable objectsInUse, SerializationFormat serializationFormat, MemberInfo currentMember)
   at System.Web.Script.Serialization.JavaScriptSerializer.SerializeValue(Object o, StringBuilder sb, Int32 depth, Hashtable objectsInUse, SerializationFormat serializationFormat, MemberInfo currentMember)
   at System.Web.Script.Serialization.JavaScriptSerializer.SerializeCustomObject(Object o, StringBuilder sb, Int32 depth, Hashtable objectsInUse, SerializationFormat serializationFormat)
   at System.Web.Script.Serialization.JavaScriptSerializer.SerializeValueInternal(Object o, StringBuilder sb, Int32 depth, Hashtable objectsInUse, SerializationFormat serializationFormat, MemberInfo currentMember)
   at System.Web.Script.Serialization.JavaScriptSerializer.SerializeValue(Object o, StringBuilder sb, Int32 depth, Hashtable objectsInUse, SerializationFormat serializationFormat, MemberInfo currentMember)
   at System.Web.Script.Serialization.JavaScriptSerializer.SerializeCustomObject(Object o, StringBuilder sb, Int32 depth, Hashtable objectsInUse, SerializationFormat serializationFormat)
   at System.Web.Script.Serialization.JavaScriptSerializer.SerializeValueInternal(Object o, StringBuilder sb, Int32 depth, Hashtable objectsInUse, SerializationFormat serializationFormat, MemberInfo currentMember)
   at System.Web.Script.Serialization.JavaScriptSerializer.SerializeValue(Object o, StringBuilder sb, Int32 depth, Hashtable objectsInUse, SerializationFormat serializationFormat, MemberInfo currentMember)
   at System.Web.Script.Serialization.JavaScriptSerializer.SerializeCustomObject(Object o, StringBuilder sb, Int32 depth, Hashtable objectsInUse, SerializationFormat serializationFormat)
   at System.Web.Script.Serialization.JavaScriptSerializer.SerializeValueInternal(Object o, StringBuilder sb, Int32 depth, Hashtable objectsInUse, SerializationFormat serializationFormat, MemberInfo currentMember)
   at System.Web.Script.Serialization.JavaScriptSerializer.SerializeValue(Object o, StringBuilder sb, Int32 depth, Hashtable objectsInUse, SerializationFormat serializationFormat, MemberInfo currentMember)
   at System.Web.Script.Serialization.JavaScriptSerializer.SerializeCustomObject(Object o, StringBuilder sb, Int32 depth, Hashtable objectsInUse, SerializationFormat serializationFormat)
   at System.Web.Script.Serialization.JavaScriptSerializer.SerializeValueInternal(Object o, StringBuilder sb, Int32 depth, Hashtable objectsInUse, SerializationFormat serializationFormat, MemberInfo currentMember)
   at System.Web.Script.Serialization.JavaScriptSerializer.SerializeValue(Object o, StringBuilder sb, Int32 depth, Hashtable objectsInUse, SerializationFormat serializationFormat, MemberInfo currentMember)
   at System.Web.Script.Serialization.JavaScriptSerializer.Serialize(Object obj, StringBuilder output, SerializationFormat serializationFormat)
   at System.Web.Script.Serialization.JavaScriptSerializer.Serialize(Object obj, SerializationFormat serializationFormat)
   at System.Web.Script.Serialization.JavaScriptSerializer.Serialize(Object obj)
   at ModernInfoTechInventory.Helpers.JSONHelper.ToJSON(Object obj) in c:\Users\Nazmul Chowdhury\Documents\Visual Studio 2013\Projects\ModernInfoTechInventory\ModernInfoTechInventory\Helpers\JSONHelper.cs:line 13
Error: Processing of the HTTP request resulted in an exception. Please see the HTTP response returned by the 'Response' property of this exception for details.


2016-10-24 22:23:42.8304|ERROR|ModernInfoTechInventory.Helpers.NLogger|Method: POST
URL: http://localhost:1036/api/investment
Authorization: Bearer 4X-cOLM-D7Xs6cdxuRA9yelSVlmPCaZqDH0Hve_VJ21B1iP-NEbJT46nBSwliEzotN4S_stxowlxMlkLjCSWZ0WfVRHtf0t1eJv53wqZtzUoMsIPwWq4LNiY1hKHKbzPxvNgzD6pJ8HnSIeCMiqiI8DTKek7bL1S2XQbLZGnRSiXYCV-csp_GyIzH3F2uicZuoZQNkj5NdSsK2v7jOC-QyOW_SysgDDfmciaWzkkGNB0mooyvARBARTrn5wLcnL7e4PGjxHB2cBzDIs5x5YRje2D-HpDVZkVRdA-P9W1SviXMH8XS-gOK4OaDpPZrYL6FJPv3fPBJ1FjI6ShwyjO0Hk5lZODAdURoiVDTCWqZ9Pmx5sj9nHpUcw94_1qJetDKIS0Gx-Q9YY-jZ2nu5pf2EYGkwSMo5VKGtmHquZx1kU
Controller: ModernInfoTechInventory.Controllers.InvestmentController
Action: PostInvestment
Action Parameters: System.InvalidOperationException: A circular reference was detected while serializing an object of type 'System.Reflection.RuntimeModule'.
   at System.Web.Script.Serialization.JavaScriptSerializer.SerializeValueInternal(Object o, StringBuilder sb, Int32 depth, Hashtable objectsInUse, SerializationFormat serializationFormat, MemberInfo currentMember)
   at System.Web.Script.Serialization.JavaScriptSerializer.SerializeValue(Object o, StringBuilder sb, Int32 depth, Hashtable objectsInUse, SerializationFormat serializationFormat, MemberInfo currentMember)
   at System.Web.Script.Serialization.JavaScriptSerializer.SerializeCustomObject(Object o, StringBuilder sb, Int32 depth, Hashtable objectsInUse, SerializationFormat serializationFormat)
   at System.Web.Script.Serialization.JavaScriptSerializer.SerializeValueInternal(Object o, StringBuilder sb, Int32 depth, Hashtable objectsInUse, SerializationFormat serializationFormat, MemberInfo currentMember)
   at System.Web.Script.Serialization.JavaScriptSerializer.SerializeValue(Object o, StringBuilder sb, Int32 depth, Hashtable objectsInUse, SerializationFormat serializationFormat, MemberInfo currentMember)
   at System.Web.Script.Serialization.JavaScriptSerializer.SerializeEnumerable(IEnumerable enumerable, StringBuilder sb, Int32 depth, Hashtable objectsInUse, SerializationFormat serializationFormat)
   at System.Web.Script.Serialization.JavaScriptSerializer.SerializeValueInternal(Object o, StringBuilder sb, Int32 depth, Hashtable objectsInUse, SerializationFormat serializationFormat, MemberInfo currentMember)
   at System.Web.Script.Serialization.JavaScriptSerializer.SerializeValue(Object o, StringBuilder sb, Int32 depth, Hashtable objectsInUse, SerializationFormat serializationFormat, MemberInfo currentMember)
   at System.Web.Script.Serialization.JavaScriptSerializer.SerializeCustomObject(Object o, StringBuilder sb, Int32 depth, Hashtable objectsInUse, SerializationFormat serializationFormat)
   at System.Web.Script.Serialization.JavaScriptSerializer.SerializeValueInternal(Object o, StringBuilder sb, Int32 depth, Hashtable objectsInUse, SerializationFormat serializationFormat, MemberInfo currentMember)
   at System.Web.Script.Serialization.JavaScriptSerializer.SerializeValue(Object o, StringBuilder sb, Int32 depth, Hashtable objectsInUse, SerializationFormat serializationFormat, MemberInfo currentMember)
   at System.Web.Script.Serialization.JavaScriptSerializer.SerializeCustomObject(Object o, StringBuilder sb, Int32 depth, Hashtable objectsInUse, SerializationFormat serializationFormat)
   at System.Web.Script.Serialization.JavaScriptSerializer.SerializeValueInternal(Object o, StringBuilder sb, Int32 depth, Hashtable objectsInUse, SerializationFormat serializationFormat, MemberInfo currentMember)
   at System.Web.Script.Serialization.JavaScriptSerializer.SerializeValue(Object o, StringBuilder sb, Int32 depth, Hashtable objectsInUse, SerializationFormat serializationFormat, MemberInfo currentMember)
   at System.Web.Script.Serialization.JavaScriptSerializer.SerializeCustomObject(Object o, StringBuilder sb, Int32 depth, Hashtable objectsInUse, SerializationFormat serializationFormat)
   at System.Web.Script.Serialization.JavaScriptSerializer.SerializeValueInternal(Object o, StringBuilder sb, Int32 depth, Hashtable objectsInUse, SerializationFormat serializationFormat, MemberInfo currentMember)
   at System.Web.Script.Serialization.JavaScriptSerializer.SerializeValue(Object o, StringBuilder sb, Int32 depth, Hashtable objectsInUse, SerializationFormat serializationFormat, MemberInfo currentMember)
   at System.Web.Script.Serialization.JavaScriptSerializer.SerializeCustomObject(Object o, StringBuilder sb, Int32 depth, Hashtable objectsInUse, SerializationFormat serializationFormat)
   at System.Web.Script.Serialization.JavaScriptSerializer.SerializeValueInternal(Object o, StringBuilder sb, Int32 depth, Hashtable objectsInUse, SerializationFormat serializationFormat, MemberInfo currentMember)
   at System.Web.Script.Serialization.JavaScriptSerializer.SerializeValue(Object o, StringBuilder sb, Int32 depth, Hashtable objectsInUse, SerializationFormat serializationFormat, MemberInfo currentMember)
   at System.Web.Script.Serialization.JavaScriptSerializer.SerializeCustomObject(Object o, StringBuilder sb, Int32 depth, Hashtable objectsInUse, SerializationFormat serializationFormat)
   at System.Web.Script.Serialization.JavaScriptSerializer.SerializeValueInternal(Object o, StringBuilder sb, Int32 depth, Hashtable objectsInUse, SerializationFormat serializationFormat, MemberInfo currentMember)
   at System.Web.Script.Serialization.JavaScriptSerializer.SerializeValue(Object o, StringBuilder sb, Int32 depth, Hashtable objectsInUse, SerializationFormat serializationFormat, MemberInfo currentMember)
   at System.Web.Script.Serialization.JavaScriptSerializer.SerializeCustomObject(Object o, StringBuilder sb, Int32 depth, Hashtable objectsInUse, SerializationFormat serializationFormat)
   at System.Web.Script.Serialization.JavaScriptSerializer.SerializeValueInternal(Object o, StringBuilder sb, Int32 depth, Hashtable objectsInUse, SerializationFormat serializationFormat, MemberInfo currentMember)
   at System.Web.Script.Serialization.JavaScriptSerializer.SerializeValue(Object o, StringBuilder sb, Int32 depth, Hashtable objectsInUse, SerializationFormat serializationFormat, MemberInfo currentMember)
   at System.Web.Script.Serialization.JavaScriptSerializer.SerializeCustomObject(Object o, StringBuilder sb, Int32 depth, Hashtable objectsInUse, SerializationFormat serializationFormat)
   at System.Web.Script.Serialization.JavaScriptSerializer.SerializeValueInternal(Object o, StringBuilder sb, Int32 depth, Hashtable objectsInUse, SerializationFormat serializationFormat, MemberInfo currentMember)
   at System.Web.Script.Serialization.JavaScriptSerializer.SerializeValue(Object o, StringBuilder sb, Int32 depth, Hashtable objectsInUse, SerializationFormat serializationFormat, MemberInfo currentMember)
   at System.Web.Script.Serialization.JavaScriptSerializer.Serialize(Object obj, StringBuilder output, SerializationFormat serializationFormat)
   at System.Web.Script.Serialization.JavaScriptSerializer.Serialize(Object obj, SerializationFormat serializationFormat)
   at System.Web.Script.Serialization.JavaScriptSerializer.Serialize(Object obj)
   at ModernInfoTechInventory.Helpers.JSONHelper.ToJSON(Object obj) in c:\Users\Nazmul Chowdhury\Documents\Visual Studio 2013\Projects\ModernInfoTechInventory\ModernInfoTechInventory\Helpers\JSONHelper.cs:line 13
Error: Processing of the HTTP request resulted in an exception. Please see the HTTP response returned by the 'Response' property of this exception for details.


2016-10-24 22:27:12.1292|INFO|ModernInfoTechInventory.Helpers.NLogger|JSON
Method: GET
URL: http://localhost:1036/api/investment/67e11632-ade3-484a-a203-b27763066fad
Authorization: Bearer 4X-cOLM-D7Xs6cdxuRA9yelSVlmPCaZqDH0Hve_VJ21B1iP-NEbJT46nBSwliEzotN4S_stxowlxMlkLjCSWZ0WfVRHtf0t1eJv53wqZtzUoMsIPwWq4LNiY1hKHKbzPxvNgzD6pJ8HnSIeCMiqiI8DTKek7bL1S2XQbLZGnRSiXYCV-csp_GyIzH3F2uicZuoZQNkj5NdSsK2v7jOC-QyOW_SysgDDfmciaWzkkGNB0mooyvARBARTrn5wLcnL7e4PGjxHB2cBzDIs5x5YRje2D-HpDVZkVRdA-P9W1SviXMH8XS-gOK4OaDpPZrYL6FJPv3fPBJ1FjI6ShwyjO0Hk5lZODAdURoiVDTCWqZ9Pmx5sj9nHpUcw94_1qJetDKIS0Gx-Q9YY-jZ2nu5pf2EYGkwSMo5VKGtmHquZx1kU
Controller: ModernInfoTechInventory.Controllers.InvestmentController
Action: GetInvestmentAmount
Action Parameters: {"messageFormat":"JSON","messageArguments":[{"id":"67e11632-ade3-484a-a203-b27763066fad"}]}

2016-10-24 22:27:34.4539|ERROR|ModernInfoTechInventory.Helpers.NLogger|Method: GET
URL: http://localhost:1036/api/investment/67e11632-ade3-484a-a203-b27763066fad
Authorization: Bearer 4X-cOLM-D7Xs6cdxuRA9yelSVlmPCaZqDH0Hve_VJ21B1iP-NEbJT46nBSwliEzotN4S_stxowlxMlkLjCSWZ0WfVRHtf0t1eJv53wqZtzUoMsIPwWq4LNiY1hKHKbzPxvNgzD6pJ8HnSIeCMiqiI8DTKek7bL1S2XQbLZGnRSiXYCV-csp_GyIzH3F2uicZuoZQNkj5NdSsK2v7jOC-QyOW_SysgDDfmciaWzkkGNB0mooyvARBARTrn5wLcnL7e4PGjxHB2cBzDIs5x5YRje2D-HpDVZkVRdA-P9W1SviXMH8XS-gOK4OaDpPZrYL6FJPv3fPBJ1FjI6ShwyjO0Hk5lZODAdURoiVDTCWqZ9Pmx5sj9nHpUcw94_1qJetDKIS0Gx-Q9YY-jZ2nu5pf2EYGkwSMo5VKGtmHquZx1kU
Controller: ModernInfoTechInventory.Controllers.InvestmentController
Action: GetInvestmentAmount
Action Parameters: System.InvalidOperationException: A circular reference was detected while serializing an object of type 'System.Reflection.RuntimeModule'.
   at System.Web.Script.Serialization.JavaScriptSerializer.SerializeValueInternal(Object o, StringBuilder sb, Int32 depth, Hashtable objectsInUse, SerializationFormat serializationFormat, MemberInfo currentMember)
   at System.Web.Script.Serialization.JavaScriptSerializer.SerializeValue(Object o, StringBuilder sb, Int32 depth, Hashtable objectsInUse, SerializationFormat serializationFormat, MemberInfo currentMember)
   at System.Web.Script.Serialization.JavaScriptSerializer.SerializeCustomObject(Object o, StringBuilder sb, Int32 depth, Hashtable objectsInUse, SerializationFormat serializationFormat)
   at System.Web.Script.Serialization.JavaScriptSerializer.SerializeValueInternal(Object o, StringBuilder sb, Int32 depth, Hashtable objectsInUse, SerializationFormat serializationFormat, MemberInfo currentMember)
   at System.Web.Script.Serialization.JavaScriptSerializer.SerializeValue(Object o, StringBuilder sb, Int32 depth, Hashtable objectsInUse, SerializationFormat serializationFormat, MemberInfo currentMember)
   at System.Web.Script.Serialization.JavaScriptSerializer.SerializeEnumerable(IEnumerable enumerable, StringBuilder sb, Int32 depth, Hashtable objectsInUse, SerializationFormat serializationFormat)
   at System.Web.Script.Serialization.JavaScriptSerializer.SerializeValueInternal(Object o, StringBuilder sb, Int32 depth, Hashtable objectsInUse, SerializationFormat serializationFormat, MemberInfo currentMember)
   at System.Web.Script.Serialization.JavaScriptSerializer.SerializeValue(Object o, StringBuilder sb, Int32 depth, Hashtable objectsInUse, SerializationFormat serializationFormat, MemberInfo currentMember)
   at System.Web.Script.Serialization.JavaScriptSerializer.SerializeCustomObject(Object o, StringBuilder sb, Int32 depth, Hashtable objectsInUse, SerializationFormat serializationFormat)
   at System.Web.Script.Serialization.JavaScriptSerializer.SerializeValueInternal(Object o, StringBuilder sb, Int32 depth, Hashtable objectsInUse, SerializationFormat serializationFormat, MemberInfo currentMember)
   at System.Web.Script.Serialization.JavaScriptSerializer.SerializeValue(Object o, StringBuilder sb, Int32 depth, Hashtable objectsInUse, SerializationFormat serializationFormat, MemberInfo currentMember)
   at System.Web.Script.Serialization.JavaScriptSerializer.SerializeCustomObject(Object o, StringBuilder sb, Int32 depth, Hashtable objectsInUse, SerializationFormat serializationFormat)
   at System.Web.Script.Serialization.JavaScriptSerializer.SerializeValueInternal(Object o, StringBuilder sb, Int32 depth, Hashtable objectsInUse, SerializationFormat serializationFormat, MemberInfo currentMember)
   at System.Web.Script.Serialization.JavaScriptSerializer.SerializeValue(Object o, StringBuilder sb, Int32 depth, Hashtable objectsInUse, SerializationFormat serializationFormat, MemberInfo currentMember)
   at System.Web.Script.Serialization.JavaScriptSerializer.SerializeCustomObject(Object o, StringBuilder sb, Int32 depth, Hashtable objectsInUse, SerializationFormat serializationFormat)
   at System.Web.Script.Serialization.JavaScriptSerializer.SerializeValueInternal(Object o, StringBuilder sb, Int32 depth, Hashtable objectsInUse, SerializationFormat serializationFormat, MemberInfo currentMember)
   at System.Web.Script.Serialization.JavaScriptSerializer.SerializeValue(Object o, StringBuilder sb, Int32 depth, Hashtable objectsInUse, SerializationFormat serializationFormat, MemberInfo currentMember)
   at System.Web.Script.Serialization.JavaScriptSerializer.SerializeCustomObject(Object o, StringBuilder sb, Int32 depth, Hashtable objectsInUse, SerializationFormat serializationFormat)
   at System.Web.Script.Serialization.JavaScriptSerializer.SerializeValueInternal(Object o, StringBuilder sb, Int32 depth, Hashtable objectsInUse, SerializationFormat serializationFormat, MemberInfo currentMember)
   at System.Web.Script.Serialization.JavaScriptSerializer.SerializeValue(Object o, StringBuilder sb, Int32 depth, Hashtable objectsInUse, SerializationFormat serializationFormat, MemberInfo currentMember)
   at System.Web.Script.Serialization.JavaScriptSerializer.SerializeCustomObject(Object o, StringBuilder sb, Int32 depth, Hashtable objectsInUse, SerializationFormat serializationFormat)
   at System.Web.Script.Serialization.JavaScriptSerializer.SerializeValueInternal(Object o, StringBuilder sb, Int32 depth, Hashtable objectsInUse, SerializationFormat serializationFormat, MemberInfo currentMember)
   at System.Web.Script.Serialization.JavaScriptSerializer.SerializeValue(Object o, StringBuilder sb, Int32 depth, Hashtable objectsInUse, SerializationFormat serializationFormat, MemberInfo currentMember)
   at System.Web.Script.Serialization.JavaScriptSerializer.SerializeCustomObject(Object o, StringBuilder sb, Int32 depth, Hashtable objectsInUse, SerializationFormat serializationFormat)
   at System.Web.Script.Serialization.JavaScriptSerializer.SerializeValueInternal(Object o, StringBuilder sb, Int32 depth, Hashtable objectsInUse, SerializationFormat serializationFormat, MemberInfo currentMember)
   at System.Web.Script.Serialization.JavaScriptSerializer.SerializeValue(Object o, StringBuilder sb, Int32 depth, Hashtable objectsInUse, SerializationFormat serializationFormat, MemberInfo currentMember)
   at System.Web.Script.Serialization.JavaScriptSerializer.Serialize(Object obj, StringBuilder output, SerializationFormat serializationFormat)
   at System.Web.Script.Serialization.JavaScriptSerializer.Serialize(Object obj, SerializationFormat serializationFormat)
   at System.Web.Script.Serialization.JavaScriptSerializer.Serialize(Object obj)
   at ModernInfoTechInventory.Helpers.JSONHelper.ToJSON(Object obj) in c:\Users\Nazmul Chowdhury\Documents\Visual Studio 2013\Projects\ModernInfoTechInventory\ModernInfoTechInventory\Helpers\JSONHelper.cs:line 13
Error: The entity type InvestmentEntity is not part of the model for the current context.


2016-10-24 22:27:44.0608|INFO|ModernInfoTechInventory.Helpers.NLogger|JSON
Method: GET
URL: http://localhost:1036/api/investment/67e11632-ade3-484a-a203-b27763066fad
Authorization: Bearer 4X-cOLM-D7Xs6cdxuRA9yelSVlmPCaZqDH0Hve_VJ21B1iP-NEbJT46nBSwliEzotN4S_stxowlxMlkLjCSWZ0WfVRHtf0t1eJv53wqZtzUoMsIPwWq4LNiY1hKHKbzPxvNgzD6pJ8HnSIeCMiqiI8DTKek7bL1S2XQbLZGnRSiXYCV-csp_GyIzH3F2uicZuoZQNkj5NdSsK2v7jOC-QyOW_SysgDDfmciaWzkkGNB0mooyvARBARTrn5wLcnL7e4PGjxHB2cBzDIs5x5YRje2D-HpDVZkVRdA-P9W1SviXMH8XS-gOK4OaDpPZrYL6FJPv3fPBJ1FjI6ShwyjO0Hk5lZODAdURoiVDTCWqZ9Pmx5sj9nHpUcw94_1qJetDKIS0Gx-Q9YY-jZ2nu5pf2EYGkwSMo5VKGtmHquZx1kU
Controller: ModernInfoTechInventory.Controllers.InvestmentController
Action: GetInvestmentAmount
Action Parameters: {"messageFormat":"JSON","messageArguments":[{"id":"67e11632-ade3-484a-a203-b27763066fad"}]}

