2016-11-03 10:44:37.1524|INFO|ModernInfoTechInventory.Helpers.NLogger|JSON
Method: POST
URL: http://localhost:1036/api/productquantity
Authorization: Bearer _lbvuzhMSqZhMyqq8D09Gpwq20pGk6vs9-aJ8sOzx6hKudV4ABG-8t4tyZGe4_J0hOQ_OyJyIgv0ChhTbBhn61Wx3DwvospEyyCQ0_kFlAYZiQkD59_YLitWxpk2c6UsyJAt5j0BOG-9JY-w6Z71qVxeN2FqIou-wiSmQ0-aBmmTZhPy6NsPbw_Eb3uV5OsYd77-4ynN6F50zFyiFEUNZ9XfMmC9DSnIPpawR_SHfhztPStrYXaOGEAUqBrCr227pxdrY8NThKiwdnNZ02Nfh29pCkBk0T85NN28Iwu-_XOskCc8SSGcDyMlhXTLqPNPwre5sLQswDk2tM8y_7e3uayo4Errf-NW4ulS-7f79tiVASvqrYZqpQMWLREPuvxsDwL7pTKnixnN20-0QH7CjSfoKkHlUR6pdZbzkrL4HybHGjxRNnlhJYgfnayE0hpv
Controller: ModernInfoTechInventory.Controllers.ProductQuantityController
Action: PostProductQuantity
Action Parameters: {"messageFormat":"JSON","messageArguments":[{"productQuantityEntity":{"ProductQuantityId":null,"Quantity":0,"Product":null}}]}

2016-11-03 10:44:57.2245|ERROR|ModernInfoTechInventory.Helpers.NLogger|Method: POST
URL: http://localhost:1036/api/productquantity
Authorization: Bearer _lbvuzhMSqZhMyqq8D09Gpwq20pGk6vs9-aJ8sOzx6hKudV4ABG-8t4tyZGe4_J0hOQ_OyJyIgv0ChhTbBhn61Wx3DwvospEyyCQ0_kFlAYZiQkD59_YLitWxpk2c6UsyJAt5j0BOG-9JY-w6Z71qVxeN2FqIou-wiSmQ0-aBmmTZhPy6NsPbw_Eb3uV5OsYd77-4ynN6F50zFyiFEUNZ9XfMmC9DSnIPpawR_SHfhztPStrYXaOGEAUqBrCr227pxdrY8NThKiwdnNZ02Nfh29pCkBk0T85NN28Iwu-_XOskCc8SSGcDyMlhXTLqPNPwre5sLQswDk2tM8y_7e3uayo4Errf-NW4ulS-7f79tiVASvqrYZqpQMWLREPuvxsDwL7pTKnixnN20-0QH7CjSfoKkHlUR6pdZbzkrL4HybHGjxRNnlhJYgfnayE0hpv
Controller: ModernInfoTechInventory.Controllers.ProductQuantityController
Action: PostProductQuantity
Action Parameters: System.Reflection.TargetInvocationException: Exception has been thrown by the target of an invocation. ---> System.InvalidOperationException: OriginalValues cannot be used for entities in the Added state.
   at System.Data.Entity.Internal.InternalEntityEntry.ValidateStateToGetValues(String method, EntityState invalidState)
   at System.Data.Entity.Internal.InternalEntityEntry.get_OriginalValues()
   at System.Data.Entity.Infrastructure.DbEntityEntry.get_OriginalValues()
   --- End of inner exception stack trace ---
   at System.RuntimeMethodHandle.InvokeMethod(Object target, Object[] arguments, Signature sig, Boolean constructor)
   at System.Reflection.RuntimeMethodInfo.UnsafeInvokeInternal(Object obj, Object[] parameters, Object[] arguments)
   at System.Reflection.RuntimeMethodInfo.Invoke(Object obj, BindingFlags invokeAttr, Binder binder, Object[] parameters, CultureInfo culture)
   at System.Web.SecurityUtils.MethodInfoInvoke(MethodInfo method, Object target, Object[] args)
   at System.Web.Script.Serialization.JavaScriptSerializer.SerializeCustomObject(Object o, StringBuilder sb, Int32 depth, Hashtable objectsInUse, SerializationFormat serializationFormat)
   at System.Web.Script.Serialization.JavaScriptSerializer.SerializeValueInternal(Object o, StringBuilder sb, Int32 depth, Hashtable objectsInUse, SerializationFormat serializationFormat, MemberInfo currentMember)
   at System.Web.Script.Serialization.JavaScriptSerializer.SerializeValue(Object o, StringBuilder sb, Int32 depth, Hashtable objectsInUse, SerializationFormat serializationFormat, MemberInfo currentMember)
   at System.Web.Script.Serialization.JavaScriptSerializer.SerializeEnumerable(IEnumerable enumerable, StringBuilder sb, Int32 depth, Hashtable objectsInUse, SerializationFormat serializationFormat)
   at System.Web.Script.Serialization.JavaScriptSerializer.SerializeValueInternal(Object o, StringBuilder sb, Int32 depth, Hashtable objectsInUse, SerializationFormat serializationFormat, MemberInfo currentMember)
   at System.Web.Script.Serialization.JavaScriptSerializer.SerializeValue(Object o, StringBuilder sb, Int32 depth, Hashtable objectsInUse, SerializationFormat serializationFormat, MemberInfo currentMember)
   at System.Web.Script.Serialization.JavaScriptSerializer.SerializeCustomObject(Object o, StringBuilder sb, Int32 depth, Hashtable objectsInUse, SerializationFormat serializationFormat)
   at System.Web.Script.Serialization.JavaScriptSerializer.SerializeValueInternal(Object o, StringBuilder sb, Int32 depth, Hashtable objectsInUse, SerializationFormat serializationFormat, MemberInfo currentMember)
   at System.Web.Script.Serialization.JavaScriptSerializer.SerializeValue(Object o, StringBuilder sb, Int32 depth, Hashtable objectsInUse, SerializationFormat serializationFormat, MemberInfo currentMember)
   at System.Web.Script.Serialization.JavaScriptSerializer.SerializeCustomObject(Object o, StringBuilder sb, Int32 depth, Hashtable objectsInUse, SerializationFormat serializationFormat)
   at System.Web.Script.Serialization.JavaScriptSerializer.SerializeValueInternal(Object o, StringBuilder sb, Int32 depth, Hashtable objectsInUse, SerializationFormat serializationFormat, MemberInfo currentMember)
   at System.Web.Script.Serialization.JavaScriptSerializer.SerializeValue(Object o, StringBuilder sb, Int32 depth, Hashtable objectsInUse, SerializationFormat serializationFormat, MemberInfo currentMember)
   at System.Web.Script.Serialization.JavaScriptSerializer.Serialize(Object obj, StringBuilder output, SerializationFormat serializationFormat)
   at System.Web.Script.Serialization.JavaScriptSerializer.Serialize(Object obj, SerializationFormat serializationFormat)
   at System.Web.Script.Serialization.JavaScriptSerializer.Serialize(Object obj)
   at ModernInfoTechInventory.Helpers.JSONHelper.ToJSON(Object obj) in c:\Users\Nazmul Chowdhury\Documents\Visual Studio 2013\Projects\ModernInfoTechInventory\ModernInfoTechInventory\Helpers\JSONHelper.cs:line 13
Error: Cannot insert the value NULL into column 'ProductQuantityId', table 'ModernInfoTechInventory.dbo.ProductQuantity'; column does not allow nulls. INSERT fails.
The statement has been terminated.


2016-11-03 10:46:42.5962|INFO|ModernInfoTechInventory.Helpers.NLogger|JSON
Method: POST
URL: http://localhost:1036/api/productquantity
Authorization: Bearer _lbvuzhMSqZhMyqq8D09Gpwq20pGk6vs9-aJ8sOzx6hKudV4ABG-8t4tyZGe4_J0hOQ_OyJyIgv0ChhTbBhn61Wx3DwvospEyyCQ0_kFlAYZiQkD59_YLitWxpk2c6UsyJAt5j0BOG-9JY-w6Z71qVxeN2FqIou-wiSmQ0-aBmmTZhPy6NsPbw_Eb3uV5OsYd77-4ynN6F50zFyiFEUNZ9XfMmC9DSnIPpawR_SHfhztPStrYXaOGEAUqBrCr227pxdrY8NThKiwdnNZ02Nfh29pCkBk0T85NN28Iwu-_XOskCc8SSGcDyMlhXTLqPNPwre5sLQswDk2tM8y_7e3uayo4Errf-NW4ulS-7f79tiVASvqrYZqpQMWLREPuvxsDwL7pTKnixnN20-0QH7CjSfoKkHlUR6pdZbzkrL4HybHGjxRNnlhJYgfnayE0hpv
Controller: ModernInfoTechInventory.Controllers.ProductQuantityController
Action: PostProductQuantity
Action Parameters: {"messageFormat":"JSON","messageArguments":[{"productQuantityEntity":{"ProductQuantityId":"llllllll-ssss-3333-939f-73b30ae4bb23","Quantity":45,"Product":null}}]}

2016-11-03 10:47:38.9261|INFO|ModernInfoTechInventory.Helpers.NLogger|JSON
Method: PUT
URL: http://localhost:1036/api/productquantity/llllllll-ssss-3333-939f-73b30ae4bb23
Authorization: Bearer _lbvuzhMSqZhMyqq8D09Gpwq20pGk6vs9-aJ8sOzx6hKudV4ABG-8t4tyZGe4_J0hOQ_OyJyIgv0ChhTbBhn61Wx3DwvospEyyCQ0_kFlAYZiQkD59_YLitWxpk2c6UsyJAt5j0BOG-9JY-w6Z71qVxeN2FqIou-wiSmQ0-aBmmTZhPy6NsPbw_Eb3uV5OsYd77-4ynN6F50zFyiFEUNZ9XfMmC9DSnIPpawR_SHfhztPStrYXaOGEAUqBrCr227pxdrY8NThKiwdnNZ02Nfh29pCkBk0T85NN28Iwu-_XOskCc8SSGcDyMlhXTLqPNPwre5sLQswDk2tM8y_7e3uayo4Errf-NW4ulS-7f79tiVASvqrYZqpQMWLREPuvxsDwL7pTKnixnN20-0QH7CjSfoKkHlUR6pdZbzkrL4HybHGjxRNnlhJYgfnayE0hpv
Controller: ModernInfoTechInventory.Controllers.ProductQuantityController
Action: PutProductQuantity
Action Parameters: {"messageFormat":"JSON","messageArguments":[{"id":"llllllll-ssss-3333-939f-73b30ae4bb23","productQuantityEntity":{"ProductQuantityId":null,"Quantity":55,"Product":null}}]}

2016-11-03 10:47:59.6239|INFO|ModernInfoTechInventory.Helpers.NLogger|JSON
Method: GET
URL: http://localhost:1036/api/productquantity/llllllll-ssss-3333-939f-73b30ae4bb23
Authorization: Bearer _lbvuzhMSqZhMyqq8D09Gpwq20pGk6vs9-aJ8sOzx6hKudV4ABG-8t4tyZGe4_J0hOQ_OyJyIgv0ChhTbBhn61Wx3DwvospEyyCQ0_kFlAYZiQkD59_YLitWxpk2c6UsyJAt5j0BOG-9JY-w6Z71qVxeN2FqIou-wiSmQ0-aBmmTZhPy6NsPbw_Eb3uV5OsYd77-4ynN6F50zFyiFEUNZ9XfMmC9DSnIPpawR_SHfhztPStrYXaOGEAUqBrCr227pxdrY8NThKiwdnNZ02Nfh29pCkBk0T85NN28Iwu-_XOskCc8SSGcDyMlhXTLqPNPwre5sLQswDk2tM8y_7e3uayo4Errf-NW4ulS-7f79tiVASvqrYZqpQMWLREPuvxsDwL7pTKnixnN20-0QH7CjSfoKkHlUR6pdZbzkrL4HybHGjxRNnlhJYgfnayE0hpv
Controller: ModernInfoTechInventory.Controllers.ProductQuantityController
Action: GetProductQuantity
Action Parameters: {"messageFormat":"JSON","messageArguments":[{"id":"llllllll-ssss-3333-939f-73b30ae4bb23"}]}

2016-11-03 10:48:14.5956|INFO|ModernInfoTechInventory.Helpers.NLogger|JSON
Method: GET
URL: http://localhost:1036/api/productquantity
Authorization: Bearer _lbvuzhMSqZhMyqq8D09Gpwq20pGk6vs9-aJ8sOzx6hKudV4ABG-8t4tyZGe4_J0hOQ_OyJyIgv0ChhTbBhn61Wx3DwvospEyyCQ0_kFlAYZiQkD59_YLitWxpk2c6UsyJAt5j0BOG-9JY-w6Z71qVxeN2FqIou-wiSmQ0-aBmmTZhPy6NsPbw_Eb3uV5OsYd77-4ynN6F50zFyiFEUNZ9XfMmC9DSnIPpawR_SHfhztPStrYXaOGEAUqBrCr227pxdrY8NThKiwdnNZ02Nfh29pCkBk0T85NN28Iwu-_XOskCc8SSGcDyMlhXTLqPNPwre5sLQswDk2tM8y_7e3uayo4Errf-NW4ulS-7f79tiVASvqrYZqpQMWLREPuvxsDwL7pTKnixnN20-0QH7CjSfoKkHlUR6pdZbzkrL4HybHGjxRNnlhJYgfnayE0hpv
Controller: ModernInfoTechInventory.Controllers.ProductQuantityController
Action: GetAllProductQuantities
Action Parameters: {"messageFormat":"JSON","messageArguments":[{}]}

2016-11-03 10:48:32.0504|INFO|ModernInfoTechInventory.Helpers.NLogger|JSON
Method: DELETE
URL: http://localhost:1036/api/productquantity/llllllll-ssss-3333-939f-73b30ae4bb23
Authorization: Bearer _lbvuzhMSqZhMyqq8D09Gpwq20pGk6vs9-aJ8sOzx6hKudV4ABG-8t4tyZGe4_J0hOQ_OyJyIgv0ChhTbBhn61Wx3DwvospEyyCQ0_kFlAYZiQkD59_YLitWxpk2c6UsyJAt5j0BOG-9JY-w6Z71qVxeN2FqIou-wiSmQ0-aBmmTZhPy6NsPbw_Eb3uV5OsYd77-4ynN6F50zFyiFEUNZ9XfMmC9DSnIPpawR_SHfhztPStrYXaOGEAUqBrCr227pxdrY8NThKiwdnNZ02Nfh29pCkBk0T85NN28Iwu-_XOskCc8SSGcDyMlhXTLqPNPwre5sLQswDk2tM8y_7e3uayo4Errf-NW4ulS-7f79tiVASvqrYZqpQMWLREPuvxsDwL7pTKnixnN20-0QH7CjSfoKkHlUR6pdZbzkrL4HybHGjxRNnlhJYgfnayE0hpv
Controller: ModernInfoTechInventory.Controllers.ProductQuantityController
Action: DeleteProductQuantity
Action Parameters: {"messageFormat":"JSON","messageArguments":[{"id":"llllllll-ssss-3333-939f-73b30ae4bb23"}]}

2016-11-03 10:48:48.7901|INFO|ModernInfoTechInventory.Helpers.NLogger|JSON
Method: POST
URL: http://localhost:1036/api/productquantity
Authorization: Bearer _lbvuzhMSqZhMyqq8D09Gpwq20pGk6vs9-aJ8sOzx6hKudV4ABG-8t4tyZGe4_J0hOQ_OyJyIgv0ChhTbBhn61Wx3DwvospEyyCQ0_kFlAYZiQkD59_YLitWxpk2c6UsyJAt5j0BOG-9JY-w6Z71qVxeN2FqIou-wiSmQ0-aBmmTZhPy6NsPbw_Eb3uV5OsYd77-4ynN6F50zFyiFEUNZ9XfMmC9DSnIPpawR_SHfhztPStrYXaOGEAUqBrCr227pxdrY8NThKiwdnNZ02Nfh29pCkBk0T85NN28Iwu-_XOskCc8SSGcDyMlhXTLqPNPwre5sLQswDk2tM8y_7e3uayo4Errf-NW4ulS-7f79tiVASvqrYZqpQMWLREPuvxsDwL7pTKnixnN20-0QH7CjSfoKkHlUR6pdZbzkrL4HybHGjxRNnlhJYgfnayE0hpv
Controller: ModernInfoTechInventory.Controllers.ProductQuantityController
Action: PostProductQuantity
Action Parameters: {"messageFormat":"JSON","messageArguments":[{"productQuantityEntity":{"ProductQuantityId":"llllllll-ssss-3333-939f-73b30ae4bb23","Quantity":45,"Product":null}}]}

2016-11-03 10:48:56.0178|INFO|ModernInfoTechInventory.Helpers.NLogger|JSON
Method: PUT
URL: http://localhost:1036/api/productquantity/llllllll-ssss-3333-939f-73b30ae4bb23
Authorization: Bearer _lbvuzhMSqZhMyqq8D09Gpwq20pGk6vs9-aJ8sOzx6hKudV4ABG-8t4tyZGe4_J0hOQ_OyJyIgv0ChhTbBhn61Wx3DwvospEyyCQ0_kFlAYZiQkD59_YLitWxpk2c6UsyJAt5j0BOG-9JY-w6Z71qVxeN2FqIou-wiSmQ0-aBmmTZhPy6NsPbw_Eb3uV5OsYd77-4ynN6F50zFyiFEUNZ9XfMmC9DSnIPpawR_SHfhztPStrYXaOGEAUqBrCr227pxdrY8NThKiwdnNZ02Nfh29pCkBk0T85NN28Iwu-_XOskCc8SSGcDyMlhXTLqPNPwre5sLQswDk2tM8y_7e3uayo4Errf-NW4ulS-7f79tiVASvqrYZqpQMWLREPuvxsDwL7pTKnixnN20-0QH7CjSfoKkHlUR6pdZbzkrL4HybHGjxRNnlhJYgfnayE0hpv
Controller: ModernInfoTechInventory.Controllers.ProductQuantityController
Action: PutProductQuantity
Action Parameters: {"messageFormat":"JSON","messageArguments":[{"id":"llllllll-ssss-3333-939f-73b30ae4bb23","productQuantityEntity":{"ProductQuantityId":null,"Quantity":55,"Product":null}}]}

2016-11-03 10:52:29.1731|INFO|ModernInfoTechInventory.Helpers.NLogger|JSON
Method: POST
URL: http://localhost:1036/api/stockadjustment
Authorization: Bearer _lbvuzhMSqZhMyqq8D09Gpwq20pGk6vs9-aJ8sOzx6hKudV4ABG-8t4tyZGe4_J0hOQ_OyJyIgv0ChhTbBhn61Wx3DwvospEyyCQ0_kFlAYZiQkD59_YLitWxpk2c6UsyJAt5j0BOG-9JY-w6Z71qVxeN2FqIou-wiSmQ0-aBmmTZhPy6NsPbw_Eb3uV5OsYd77-4ynN6F50zFyiFEUNZ9XfMmC9DSnIPpawR_SHfhztPStrYXaOGEAUqBrCr227pxdrY8NThKiwdnNZ02Nfh29pCkBk0T85NN28Iwu-_XOskCc8SSGcDyMlhXTLqPNPwre5sLQswDk2tM8y_7e3uayo4Errf-NW4ulS-7f79tiVASvqrYZqpQMWLREPuvxsDwL7pTKnixnN20-0QH7CjSfoKkHlUR6pdZbzkrL4HybHGjxRNnlhJYgfnayE0hpv
Controller: ModernInfoTechInventory.Controllers.StockAdjustmentController
Action: PostStockAdjustment
Action Parameters: {"messageFormat":"JSON","messageArguments":[{"stockAdjustmentEntity":{"StockAdjustmentId":"ssssssss-ssss-3333-939f-ssssae4bb23","ReceiveDate":"\/Date(1478109600000)\/","ReceiveNumber":"83298293829","ProductQuantityId":"llllllll-ssss-3333-939f-73b30ae4bb23","ProductQuantity":null}}]}

2016-11-03 10:54:11.9625|INFO|ModernInfoTechInventory.Helpers.NLogger|JSON
Method: PUT
URL: http://localhost:1036/api/stockadjustment/ssssssss-ssss-3333-939f-ssssae4bb23
Authorization: Bearer _lbvuzhMSqZhMyqq8D09Gpwq20pGk6vs9-aJ8sOzx6hKudV4ABG-8t4tyZGe4_J0hOQ_OyJyIgv0ChhTbBhn61Wx3DwvospEyyCQ0_kFlAYZiQkD59_YLitWxpk2c6UsyJAt5j0BOG-9JY-w6Z71qVxeN2FqIou-wiSmQ0-aBmmTZhPy6NsPbw_Eb3uV5OsYd77-4ynN6F50zFyiFEUNZ9XfMmC9DSnIPpawR_SHfhztPStrYXaOGEAUqBrCr227pxdrY8NThKiwdnNZ02Nfh29pCkBk0T85NN28Iwu-_XOskCc8SSGcDyMlhXTLqPNPwre5sLQswDk2tM8y_7e3uayo4Errf-NW4ulS-7f79tiVASvqrYZqpQMWLREPuvxsDwL7pTKnixnN20-0QH7CjSfoKkHlUR6pdZbzkrL4HybHGjxRNnlhJYgfnayE0hpv
Controller: ModernInfoTechInventory.Controllers.StockAdjustmentController
Action: PutStockAdjustment
Action Parameters: {"messageFormat":"JSON","messageArguments":[{"id":"ssssssss-ssss-3333-939f-ssssae4bb23","stockAdjustmentEntity":{"StockAdjustmentId":null,"ReceiveDate":"\/Date(1446487200000)\/","ReceiveNumber":"22298293829","ProductQuantityId":"llllllll-ssss-3333-939f-73b30ae4bb23","ProductQuantity":null}}]}

2016-11-03 10:54:38.9489|INFO|ModernInfoTechInventory.Helpers.NLogger|JSON
Method: GET
URL: http://localhost:1036/api/stockadjustment/ssssssss-ssss-3333-939f-ssssae4bb23
Authorization: Bearer _lbvuzhMSqZhMyqq8D09Gpwq20pGk6vs9-aJ8sOzx6hKudV4ABG-8t4tyZGe4_J0hOQ_OyJyIgv0ChhTbBhn61Wx3DwvospEyyCQ0_kFlAYZiQkD59_YLitWxpk2c6UsyJAt5j0BOG-9JY-w6Z71qVxeN2FqIou-wiSmQ0-aBmmTZhPy6NsPbw_Eb3uV5OsYd77-4ynN6F50zFyiFEUNZ9XfMmC9DSnIPpawR_SHfhztPStrYXaOGEAUqBrCr227pxdrY8NThKiwdnNZ02Nfh29pCkBk0T85NN28Iwu-_XOskCc8SSGcDyMlhXTLqPNPwre5sLQswDk2tM8y_7e3uayo4Errf-NW4ulS-7f79tiVASvqrYZqpQMWLREPuvxsDwL7pTKnixnN20-0QH7CjSfoKkHlUR6pdZbzkrL4HybHGjxRNnlhJYgfnayE0hpv
Controller: ModernInfoTechInventory.Controllers.StockAdjustmentController
Action: GetStockAdjustment
Action Parameters: {"messageFormat":"JSON","messageArguments":[{"id":"ssssssss-ssss-3333-939f-ssssae4bb23"}]}

2016-11-03 10:54:53.4861|INFO|ModernInfoTechInventory.Helpers.NLogger|JSON
Method: GET
URL: http://localhost:1036/api/stockadjustment
Authorization: Bearer _lbvuzhMSqZhMyqq8D09Gpwq20pGk6vs9-aJ8sOzx6hKudV4ABG-8t4tyZGe4_J0hOQ_OyJyIgv0ChhTbBhn61Wx3DwvospEyyCQ0_kFlAYZiQkD59_YLitWxpk2c6UsyJAt5j0BOG-9JY-w6Z71qVxeN2FqIou-wiSmQ0-aBmmTZhPy6NsPbw_Eb3uV5OsYd77-4ynN6F50zFyiFEUNZ9XfMmC9DSnIPpawR_SHfhztPStrYXaOGEAUqBrCr227pxdrY8NThKiwdnNZ02Nfh29pCkBk0T85NN28Iwu-_XOskCc8SSGcDyMlhXTLqPNPwre5sLQswDk2tM8y_7e3uayo4Errf-NW4ulS-7f79tiVASvqrYZqpQMWLREPuvxsDwL7pTKnixnN20-0QH7CjSfoKkHlUR6pdZbzkrL4HybHGjxRNnlhJYgfnayE0hpv
Controller: ModernInfoTechInventory.Controllers.StockAdjustmentController
Action: GetAllStockAdjustments
Action Parameters: {"messageFormat":"JSON","messageArguments":[{}]}

2016-11-03 10:55:17.0341|INFO|ModernInfoTechInventory.Helpers.NLogger|JSON
Method: DELETE
URL: http://localhost:1036/api/stockadjustment/ssssssss-ssss-3333-939f-ssssae4bb23
Authorization: Bearer _lbvuzhMSqZhMyqq8D09Gpwq20pGk6vs9-aJ8sOzx6hKudV4ABG-8t4tyZGe4_J0hOQ_OyJyIgv0ChhTbBhn61Wx3DwvospEyyCQ0_kFlAYZiQkD59_YLitWxpk2c6UsyJAt5j0BOG-9JY-w6Z71qVxeN2FqIou-wiSmQ0-aBmmTZhPy6NsPbw_Eb3uV5OsYd77-4ynN6F50zFyiFEUNZ9XfMmC9DSnIPpawR_SHfhztPStrYXaOGEAUqBrCr227pxdrY8NThKiwdnNZ02Nfh29pCkBk0T85NN28Iwu-_XOskCc8SSGcDyMlhXTLqPNPwre5sLQswDk2tM8y_7e3uayo4Errf-NW4ulS-7f79tiVASvqrYZqpQMWLREPuvxsDwL7pTKnixnN20-0QH7CjSfoKkHlUR6pdZbzkrL4HybHGjxRNnlhJYgfnayE0hpv
Controller: ModernInfoTechInventory.Controllers.StockAdjustmentController
Action: DeletestockAdjustment
Action Parameters: {"messageFormat":"JSON","messageArguments":[{"id":"ssssssss-ssss-3333-939f-ssssae4bb23"}]}

2016-11-03 10:55:33.5171|INFO|ModernInfoTechInventory.Helpers.NLogger|JSON
Method: POST
URL: http://localhost:1036/api/stockadjustment
Authorization: Bearer _lbvuzhMSqZhMyqq8D09Gpwq20pGk6vs9-aJ8sOzx6hKudV4ABG-8t4tyZGe4_J0hOQ_OyJyIgv0ChhTbBhn61Wx3DwvospEyyCQ0_kFlAYZiQkD59_YLitWxpk2c6UsyJAt5j0BOG-9JY-w6Z71qVxeN2FqIou-wiSmQ0-aBmmTZhPy6NsPbw_Eb3uV5OsYd77-4ynN6F50zFyiFEUNZ9XfMmC9DSnIPpawR_SHfhztPStrYXaOGEAUqBrCr227pxdrY8NThKiwdnNZ02Nfh29pCkBk0T85NN28Iwu-_XOskCc8SSGcDyMlhXTLqPNPwre5sLQswDk2tM8y_7e3uayo4Errf-NW4ulS-7f79tiVASvqrYZqpQMWLREPuvxsDwL7pTKnixnN20-0QH7CjSfoKkHlUR6pdZbzkrL4HybHGjxRNnlhJYgfnayE0hpv
Controller: ModernInfoTechInventory.Controllers.StockAdjustmentController
Action: PostStockAdjustment
Action Parameters: {"messageFormat":"JSON","messageArguments":[{"stockAdjustmentEntity":{"StockAdjustmentId":"ssssssss-ssss-3333-939f-ssssae4bb23","ReceiveDate":"\/Date(1478109600000)\/","ReceiveNumber":"83298293829","ProductQuantityId":"llllllll-ssss-3333-939f-73b30ae4bb23","ProductQuantity":null}}]}

2016-11-03 10:55:40.9406|INFO|ModernInfoTechInventory.Helpers.NLogger|JSON
Method: PUT
URL: http://localhost:1036/api/stockadjustment/ssssssss-ssss-3333-939f-ssssae4bb23
Authorization: Bearer _lbvuzhMSqZhMyqq8D09Gpwq20pGk6vs9-aJ8sOzx6hKudV4ABG-8t4tyZGe4_J0hOQ_OyJyIgv0ChhTbBhn61Wx3DwvospEyyCQ0_kFlAYZiQkD59_YLitWxpk2c6UsyJAt5j0BOG-9JY-w6Z71qVxeN2FqIou-wiSmQ0-aBmmTZhPy6NsPbw_Eb3uV5OsYd77-4ynN6F50zFyiFEUNZ9XfMmC9DSnIPpawR_SHfhztPStrYXaOGEAUqBrCr227pxdrY8NThKiwdnNZ02Nfh29pCkBk0T85NN28Iwu-_XOskCc8SSGcDyMlhXTLqPNPwre5sLQswDk2tM8y_7e3uayo4Errf-NW4ulS-7f79tiVASvqrYZqpQMWLREPuvxsDwL7pTKnixnN20-0QH7CjSfoKkHlUR6pdZbzkrL4HybHGjxRNnlhJYgfnayE0hpv
Controller: ModernInfoTechInventory.Controllers.StockAdjustmentController
Action: PutStockAdjustment
Action Parameters: {"messageFormat":"JSON","messageArguments":[{"id":"ssssssss-ssss-3333-939f-ssssae4bb23","stockAdjustmentEntity":{"StockAdjustmentId":null,"ReceiveDate":"\/Date(1446487200000)\/","ReceiveNumber":"22298293829","ProductQuantityId":"llllllll-ssss-3333-939f-73b30ae4bb23","ProductQuantity":null}}]}

2016-11-03 10:57:05.9551|INFO|ModernInfoTechInventory.Helpers.NLogger|JSON
Method: POST
URL: http://localhost:1036/api/damagestockentry
Authorization: Bearer _lbvuzhMSqZhMyqq8D09Gpwq20pGk6vs9-aJ8sOzx6hKudV4ABG-8t4tyZGe4_J0hOQ_OyJyIgv0ChhTbBhn61Wx3DwvospEyyCQ0_kFlAYZiQkD59_YLitWxpk2c6UsyJAt5j0BOG-9JY-w6Z71qVxeN2FqIou-wiSmQ0-aBmmTZhPy6NsPbw_Eb3uV5OsYd77-4ynN6F50zFyiFEUNZ9XfMmC9DSnIPpawR_SHfhztPStrYXaOGEAUqBrCr227pxdrY8NThKiwdnNZ02Nfh29pCkBk0T85NN28Iwu-_XOskCc8SSGcDyMlhXTLqPNPwre5sLQswDk2tM8y_7e3uayo4Errf-NW4ulS-7f79tiVASvqrYZqpQMWLREPuvxsDwL7pTKnixnN20-0QH7CjSfoKkHlUR6pdZbzkrL4HybHGjxRNnlhJYgfnayE0hpv
Controller: ModernInfoTechInventory.Controllers.DamageStockEntryController
Action: PostDamageStockEntry
Action Parameters: {"messageFormat":"JSON","messageArguments":[{"damageStockEntryEntity":{"DamageStockEntryId":"ssssssss-ssss-3333-939f-ssssae4bb23","ProductQuantityId":"llllllll-ssss-3333-939f-73b30ae4bb23","Remark":"Completely Bad","ProductQuantity":null}}]}

2016-11-03 10:58:31.8210|INFO|ModernInfoTechInventory.Helpers.NLogger|JSON
Method: PUT
URL: http://localhost:1036/api/damagestockentry/ssssssss-ssss-3333-939f-ssssae4bb23
Authorization: Bearer _lbvuzhMSqZhMyqq8D09Gpwq20pGk6vs9-aJ8sOzx6hKudV4ABG-8t4tyZGe4_J0hOQ_OyJyIgv0ChhTbBhn61Wx3DwvospEyyCQ0_kFlAYZiQkD59_YLitWxpk2c6UsyJAt5j0BOG-9JY-w6Z71qVxeN2FqIou-wiSmQ0-aBmmTZhPy6NsPbw_Eb3uV5OsYd77-4ynN6F50zFyiFEUNZ9XfMmC9DSnIPpawR_SHfhztPStrYXaOGEAUqBrCr227pxdrY8NThKiwdnNZ02Nfh29pCkBk0T85NN28Iwu-_XOskCc8SSGcDyMlhXTLqPNPwre5sLQswDk2tM8y_7e3uayo4Errf-NW4ulS-7f79tiVASvqrYZqpQMWLREPuvxsDwL7pTKnixnN20-0QH7CjSfoKkHlUR6pdZbzkrL4HybHGjxRNnlhJYgfnayE0hpv
Controller: ModernInfoTechInventory.Controllers.DamageStockEntryController
Action: PutdamageStockEntry
Action Parameters: {"messageFormat":"JSON","messageArguments":[{"id":"ssssssss-ssss-3333-939f-ssssae4bb23","damageStockEntryEntity":{"DamageStockEntryId":null,"ProductQuantityId":"llllllll-ssss-3333-939f-73b30ae4bb23","Remark":"Completely Worth","ProductQuantity":null}}]}

2016-11-03 10:58:59.8686|INFO|ModernInfoTechInventory.Helpers.NLogger|JSON
Method: DELETE
URL: http://localhost:1036/api/damagestockentry/ssssssss-ssss-3333-939f-ssssae4bb23
Authorization: Bearer _lbvuzhMSqZhMyqq8D09Gpwq20pGk6vs9-aJ8sOzx6hKudV4ABG-8t4tyZGe4_J0hOQ_OyJyIgv0ChhTbBhn61Wx3DwvospEyyCQ0_kFlAYZiQkD59_YLitWxpk2c6UsyJAt5j0BOG-9JY-w6Z71qVxeN2FqIou-wiSmQ0-aBmmTZhPy6NsPbw_Eb3uV5OsYd77-4ynN6F50zFyiFEUNZ9XfMmC9DSnIPpawR_SHfhztPStrYXaOGEAUqBrCr227pxdrY8NThKiwdnNZ02Nfh29pCkBk0T85NN28Iwu-_XOskCc8SSGcDyMlhXTLqPNPwre5sLQswDk2tM8y_7e3uayo4Errf-NW4ulS-7f79tiVASvqrYZqpQMWLREPuvxsDwL7pTKnixnN20-0QH7CjSfoKkHlUR6pdZbzkrL4HybHGjxRNnlhJYgfnayE0hpv
Controller: ModernInfoTechInventory.Controllers.DamageStockEntryController
Action: DeletedamageStockEntry
Action Parameters: {"messageFormat":"JSON","messageArguments":[{"id":"ssssssss-ssss-3333-939f-ssssae4bb23"}]}

2016-11-03 10:59:15.3953|INFO|ModernInfoTechInventory.Helpers.NLogger|JSON
Method: POST
URL: http://localhost:1036/api/damagestockentry
Authorization: Bearer _lbvuzhMSqZhMyqq8D09Gpwq20pGk6vs9-aJ8sOzx6hKudV4ABG-8t4tyZGe4_J0hOQ_OyJyIgv0ChhTbBhn61Wx3DwvospEyyCQ0_kFlAYZiQkD59_YLitWxpk2c6UsyJAt5j0BOG-9JY-w6Z71qVxeN2FqIou-wiSmQ0-aBmmTZhPy6NsPbw_Eb3uV5OsYd77-4ynN6F50zFyiFEUNZ9XfMmC9DSnIPpawR_SHfhztPStrYXaOGEAUqBrCr227pxdrY8NThKiwdnNZ02Nfh29pCkBk0T85NN28Iwu-_XOskCc8SSGcDyMlhXTLqPNPwre5sLQswDk2tM8y_7e3uayo4Errf-NW4ulS-7f79tiVASvqrYZqpQMWLREPuvxsDwL7pTKnixnN20-0QH7CjSfoKkHlUR6pdZbzkrL4HybHGjxRNnlhJYgfnayE0hpv
Controller: ModernInfoTechInventory.Controllers.DamageStockEntryController
Action: PostDamageStockEntry
Action Parameters: {"messageFormat":"JSON","messageArguments":[{"damageStockEntryEntity":{"DamageStockEntryId":"ssssssss-ssss-3333-939f-ssssae4bb23","ProductQuantityId":"llllllll-ssss-3333-939f-73b30ae4bb23","Remark":"Completely Bad","ProductQuantity":null}}]}

2016-11-03 10:59:27.5750|INFO|ModernInfoTechInventory.Helpers.NLogger|JSON
Method: PUT
URL: http://localhost:1036/api/damagestockentry/ssssssss-ssss-3333-939f-ssssae4bb23
Authorization: Bearer _lbvuzhMSqZhMyqq8D09Gpwq20pGk6vs9-aJ8sOzx6hKudV4ABG-8t4tyZGe4_J0hOQ_OyJyIgv0ChhTbBhn61Wx3DwvospEyyCQ0_kFlAYZiQkD59_YLitWxpk2c6UsyJAt5j0BOG-9JY-w6Z71qVxeN2FqIou-wiSmQ0-aBmmTZhPy6NsPbw_Eb3uV5OsYd77-4ynN6F50zFyiFEUNZ9XfMmC9DSnIPpawR_SHfhztPStrYXaOGEAUqBrCr227pxdrY8NThKiwdnNZ02Nfh29pCkBk0T85NN28Iwu-_XOskCc8SSGcDyMlhXTLqPNPwre5sLQswDk2tM8y_7e3uayo4Errf-NW4ulS-7f79tiVASvqrYZqpQMWLREPuvxsDwL7pTKnixnN20-0QH7CjSfoKkHlUR6pdZbzkrL4HybHGjxRNnlhJYgfnayE0hpv
Controller: ModernInfoTechInventory.Controllers.DamageStockEntryController
Action: PutdamageStockEntry
Action Parameters: {"messageFormat":"JSON","messageArguments":[{"id":"ssssssss-ssss-3333-939f-ssssae4bb23","damageStockEntryEntity":{"DamageStockEntryId":null,"ProductQuantityId":"llllllll-ssss-3333-939f-73b30ae4bb23","Remark":"Completely Worth","ProductQuantity":null}}]}

2016-11-03 10:59:40.7623|INFO|ModernInfoTechInventory.Helpers.NLogger|JSON
Method: GET
URL: http://localhost:1036/api/damagestockentry/ssssssss-ssss-3333-939f-ssssae4bb23
Authorization: Bearer _lbvuzhMSqZhMyqq8D09Gpwq20pGk6vs9-aJ8sOzx6hKudV4ABG-8t4tyZGe4_J0hOQ_OyJyIgv0ChhTbBhn61Wx3DwvospEyyCQ0_kFlAYZiQkD59_YLitWxpk2c6UsyJAt5j0BOG-9JY-w6Z71qVxeN2FqIou-wiSmQ0-aBmmTZhPy6NsPbw_Eb3uV5OsYd77-4ynN6F50zFyiFEUNZ9XfMmC9DSnIPpawR_SHfhztPStrYXaOGEAUqBrCr227pxdrY8NThKiwdnNZ02Nfh29pCkBk0T85NN28Iwu-_XOskCc8SSGcDyMlhXTLqPNPwre5sLQswDk2tM8y_7e3uayo4Errf-NW4ulS-7f79tiVASvqrYZqpQMWLREPuvxsDwL7pTKnixnN20-0QH7CjSfoKkHlUR6pdZbzkrL4HybHGjxRNnlhJYgfnayE0hpv
Controller: ModernInfoTechInventory.Controllers.DamageStockEntryController
Action: GetDamageStockEntry
Action Parameters: {"messageFormat":"JSON","messageArguments":[{"id":"ssssssss-ssss-3333-939f-ssssae4bb23"}]}

2016-11-03 10:59:51.9843|INFO|ModernInfoTechInventory.Helpers.NLogger|JSON
Method: GET
URL: http://localhost:1036/api/damagestockentry
Authorization: Bearer _lbvuzhMSqZhMyqq8D09Gpwq20pGk6vs9-aJ8sOzx6hKudV4ABG-8t4tyZGe4_J0hOQ_OyJyIgv0ChhTbBhn61Wx3DwvospEyyCQ0_kFlAYZiQkD59_YLitWxpk2c6UsyJAt5j0BOG-9JY-w6Z71qVxeN2FqIou-wiSmQ0-aBmmTZhPy6NsPbw_Eb3uV5OsYd77-4ynN6F50zFyiFEUNZ9XfMmC9DSnIPpawR_SHfhztPStrYXaOGEAUqBrCr227pxdrY8NThKiwdnNZ02Nfh29pCkBk0T85NN28Iwu-_XOskCc8SSGcDyMlhXTLqPNPwre5sLQswDk2tM8y_7e3uayo4Errf-NW4ulS-7f79tiVASvqrYZqpQMWLREPuvxsDwL7pTKnixnN20-0QH7CjSfoKkHlUR6pdZbzkrL4HybHGjxRNnlhJYgfnayE0hpv
Controller: ModernInfoTechInventory.Controllers.DamageStockEntryController
Action: GetAllDamageStockEntries
Action Parameters: {"messageFormat":"JSON","messageArguments":[{}]}

2016-11-03 11:05:49.5318|INFO|ModernInfoTechInventory.Helpers.NLogger|JSON
Method: POST
URL: http://localhost:1036/api/damagestockentry
Authorization: Bearer _lbvuzhMSqZhMyqq8D09Gpwq20pGk6vs9-aJ8sOzx6hKudV4ABG-8t4tyZGe4_J0hOQ_OyJyIgv0ChhTbBhn61Wx3DwvospEyyCQ0_kFlAYZiQkD59_YLitWxpk2c6UsyJAt5j0BOG-9JY-w6Z71qVxeN2FqIou-wiSmQ0-aBmmTZhPy6NsPbw_Eb3uV5OsYd77-4ynN6F50zFyiFEUNZ9XfMmC9DSnIPpawR_SHfhztPStrYXaOGEAUqBrCr227pxdrY8NThKiwdnNZ02Nfh29pCkBk0T85NN28Iwu-_XOskCc8SSGcDyMlhXTLqPNPwre5sLQswDk2tM8y_7e3uayo4Errf-NW4ulS-7f79tiVASvqrYZqpQMWLREPuvxsDwL7pTKnixnN20-0QH7CjSfoKkHlUR6pdZbzkrL4HybHGjxRNnlhJYgfnayE0hpv
Controller: ModernInfoTechInventory.Controllers.DamageStockEntryController
Action: PostDamageStockEntry
Action Parameters: {"messageFormat":"JSON","messageArguments":[{"damageStockEntryEntity":{"DamageStockEntryId":null,"ProductQuantityId":"llllllll-ssss-3333-939f-73b30ae4bb23","Remark":null,"ProductQuantity":null}}]}

2016-11-03 11:05:57.5376|ERROR|ModernInfoTechInventory.Helpers.NLogger|Method: POST
URL: http://localhost:1036/api/damagestockentry
Authorization: Bearer _lbvuzhMSqZhMyqq8D09Gpwq20pGk6vs9-aJ8sOzx6hKudV4ABG-8t4tyZGe4_J0hOQ_OyJyIgv0ChhTbBhn61Wx3DwvospEyyCQ0_kFlAYZiQkD59_YLitWxpk2c6UsyJAt5j0BOG-9JY-w6Z71qVxeN2FqIou-wiSmQ0-aBmmTZhPy6NsPbw_Eb3uV5OsYd77-4ynN6F50zFyiFEUNZ9XfMmC9DSnIPpawR_SHfhztPStrYXaOGEAUqBrCr227pxdrY8NThKiwdnNZ02Nfh29pCkBk0T85NN28Iwu-_XOskCc8SSGcDyMlhXTLqPNPwre5sLQswDk2tM8y_7e3uayo4Errf-NW4ulS-7f79tiVASvqrYZqpQMWLREPuvxsDwL7pTKnixnN20-0QH7CjSfoKkHlUR6pdZbzkrL4HybHGjxRNnlhJYgfnayE0hpv
Controller: ModernInfoTechInventory.Controllers.DamageStockEntryController
Action: PostDamageStockEntry
Action Parameters: System.Reflection.TargetInvocationException: Exception has been thrown by the target of an invocation. ---> System.InvalidOperationException: OriginalValues cannot be used for entities in the Added state.
   at System.Data.Entity.Internal.InternalEntityEntry.ValidateStateToGetValues(String method, EntityState invalidState)
   at System.Data.Entity.Internal.InternalEntityEntry.get_OriginalValues()
   at System.Data.Entity.Infrastructure.DbEntityEntry.get_OriginalValues()
   --- End of inner exception stack trace ---
   at System.RuntimeMethodHandle.InvokeMethod(Object target, Object[] arguments, Signature sig, Boolean constructor)
   at System.Reflection.RuntimeMethodInfo.UnsafeInvokeInternal(Object obj, Object[] parameters, Object[] arguments)
   at System.Reflection.RuntimeMethodInfo.Invoke(Object obj, BindingFlags invokeAttr, Binder binder, Object[] parameters, CultureInfo culture)
   at System.Web.SecurityUtils.MethodInfoInvoke(MethodInfo method, Object target, Object[] args)
   at System.Web.Script.Serialization.JavaScriptSerializer.SerializeCustomObject(Object o, StringBuilder sb, Int32 depth, Hashtable objectsInUse, SerializationFormat serializationFormat)
   at System.Web.Script.Serialization.JavaScriptSerializer.SerializeValueInternal(Object o, StringBuilder sb, Int32 depth, Hashtable objectsInUse, SerializationFormat serializationFormat, MemberInfo currentMember)
   at System.Web.Script.Serialization.JavaScriptSerializer.SerializeValue(Object o, StringBuilder sb, Int32 depth, Hashtable objectsInUse, SerializationFormat serializationFormat, MemberInfo currentMember)
   at System.Web.Script.Serialization.JavaScriptSerializer.SerializeCustomObject(Object o, StringBuilder sb, Int32 depth, Hashtable objectsInUse, SerializationFormat serializationFormat)
   at System.Web.Script.Serialization.JavaScriptSerializer.SerializeValueInternal(Object o, StringBuilder sb, Int32 depth, Hashtable objectsInUse, SerializationFormat serializationFormat, MemberInfo currentMember)
   at System.Web.Script.Serialization.JavaScriptSerializer.SerializeValue(Object o, StringBuilder sb, Int32 depth, Hashtable objectsInUse, SerializationFormat serializationFormat, MemberInfo currentMember)
   at System.Web.Script.Serialization.JavaScriptSerializer.SerializeEnumerable(IEnumerable enumerable, StringBuilder sb, Int32 depth, Hashtable objectsInUse, SerializationFormat serializationFormat)
   at System.Web.Script.Serialization.JavaScriptSerializer.SerializeValueInternal(Object o, StringBuilder sb, Int32 depth, Hashtable objectsInUse, SerializationFormat serializationFormat, MemberInfo currentMember)
   at System.Web.Script.Serialization.JavaScriptSerializer.SerializeValue(Object o, StringBuilder sb, Int32 depth, Hashtable objectsInUse, SerializationFormat serializationFormat, MemberInfo currentMember)
   at System.Web.Script.Serialization.JavaScriptSerializer.SerializeCustomObject(Object o, StringBuilder sb, Int32 depth, Hashtable objectsInUse, SerializationFormat serializationFormat)
   at System.Web.Script.Serialization.JavaScriptSerializer.SerializeValueInternal(Object o, StringBuilder sb, Int32 depth, Hashtable objectsInUse, SerializationFormat serializationFormat, MemberInfo currentMember)
   at System.Web.Script.Serialization.JavaScriptSerializer.SerializeValue(Object o, StringBuilder sb, Int32 depth, Hashtable objectsInUse, SerializationFormat serializationFormat, MemberInfo currentMember)
   at System.Web.Script.Serialization.JavaScriptSerializer.SerializeCustomObject(Object o, StringBuilder sb, Int32 depth, Hashtable objectsInUse, SerializationFormat serializationFormat)
   at System.Web.Script.Serialization.JavaScriptSerializer.SerializeValueInternal(Object o, StringBuilder sb, Int32 depth, Hashtable objectsInUse, SerializationFormat serializationFormat, MemberInfo currentMember)
   at System.Web.Script.Serialization.JavaScriptSerializer.SerializeValue(Object o, StringBuilder sb, Int32 depth, Hashtable objectsInUse, SerializationFormat serializationFormat, MemberInfo currentMember)
   at System.Web.Script.Serialization.JavaScriptSerializer.Serialize(Object obj, StringBuilder output, SerializationFormat serializationFormat)
   at System.Web.Script.Serialization.JavaScriptSerializer.Serialize(Object obj, SerializationFormat serializationFormat)
   at System.Web.Script.Serialization.JavaScriptSerializer.Serialize(Object obj)
   at ModernInfoTechInventory.Helpers.JSONHelper.ToJSON(Object obj) in c:\Users\Nazmul Chowdhury\Documents\Visual Studio 2013\Projects\ModernInfoTechInventory\ModernInfoTechInventory\Helpers\JSONHelper.cs:line 13
Error: Validation failed for one or more entities. See 'EntityValidationErrors' property for more details.


2016-11-03 11:07:37.4607|INFO|ModernInfoTechInventory.Helpers.NLogger|JSON
Method: POST
URL: http://localhost:1036/api/salereturnquantity
Authorization: Bearer _lbvuzhMSqZhMyqq8D09Gpwq20pGk6vs9-aJ8sOzx6hKudV4ABG-8t4tyZGe4_J0hOQ_OyJyIgv0ChhTbBhn61Wx3DwvospEyyCQ0_kFlAYZiQkD59_YLitWxpk2c6UsyJAt5j0BOG-9JY-w6Z71qVxeN2FqIou-wiSmQ0-aBmmTZhPy6NsPbw_Eb3uV5OsYd77-4ynN6F50zFyiFEUNZ9XfMmC9DSnIPpawR_SHfhztPStrYXaOGEAUqBrCr227pxdrY8NThKiwdnNZ02Nfh29pCkBk0T85NN28Iwu-_XOskCc8SSGcDyMlhXTLqPNPwre5sLQswDk2tM8y_7e3uayo4Errf-NW4ulS-7f79tiVASvqrYZqpQMWLREPuvxsDwL7pTKnixnN20-0QH7CjSfoKkHlUR6pdZbzkrL4HybHGjxRNnlhJYgfnayE0hpv
Controller: ModernInfoTechInventory.Controllers.SaleReturnQuantityController
Action: PostSaleReturnQuantity
Action Parameters: {"messageFormat":"JSON","messageArguments":[{"saleReturnQuantityEntity":{"SaleReturnQuantityId":"bbbbbbbb-ssss-3333-939f-73b30ae4bb23","ReturnQuantity":26,"BillEntry":null}}]}

2016-11-03 11:30:26.7818|INFO|ModernInfoTechInventory.Helpers.NLogger|JSON
Method: PUT
URL: http://localhost:1036/api/salereturnquantity/bbbbbbbb-ssss-3333-939f-73b30ae4bb23
Authorization: Bearer _lbvuzhMSqZhMyqq8D09Gpwq20pGk6vs9-aJ8sOzx6hKudV4ABG-8t4tyZGe4_J0hOQ_OyJyIgv0ChhTbBhn61Wx3DwvospEyyCQ0_kFlAYZiQkD59_YLitWxpk2c6UsyJAt5j0BOG-9JY-w6Z71qVxeN2FqIou-wiSmQ0-aBmmTZhPy6NsPbw_Eb3uV5OsYd77-4ynN6F50zFyiFEUNZ9XfMmC9DSnIPpawR_SHfhztPStrYXaOGEAUqBrCr227pxdrY8NThKiwdnNZ02Nfh29pCkBk0T85NN28Iwu-_XOskCc8SSGcDyMlhXTLqPNPwre5sLQswDk2tM8y_7e3uayo4Errf-NW4ulS-7f79tiVASvqrYZqpQMWLREPuvxsDwL7pTKnixnN20-0QH7CjSfoKkHlUR6pdZbzkrL4HybHGjxRNnlhJYgfnayE0hpv
Controller: ModernInfoTechInventory.Controllers.SaleReturnQuantityController
Action: PutSaleReturnQuantity
Action Parameters: {"messageFormat":"JSON","messageArguments":[{"id":"bbbbbbbb-ssss-3333-939f-73b30ae4bb23","saleReturnQuantityEntity":{"SaleReturnQuantityId":null,"ReturnQuantity":34,"BillEntry":null}}]}

2016-11-03 11:30:58.2450|INFO|ModernInfoTechInventory.Helpers.NLogger|JSON
Method: GET
URL: http://localhost:1036/api/salereturnquantity/bbbbbbbb-ssss-3333-939f-73b30ae4bb23
Authorization: Bearer _lbvuzhMSqZhMyqq8D09Gpwq20pGk6vs9-aJ8sOzx6hKudV4ABG-8t4tyZGe4_J0hOQ_OyJyIgv0ChhTbBhn61Wx3DwvospEyyCQ0_kFlAYZiQkD59_YLitWxpk2c6UsyJAt5j0BOG-9JY-w6Z71qVxeN2FqIou-wiSmQ0-aBmmTZhPy6NsPbw_Eb3uV5OsYd77-4ynN6F50zFyiFEUNZ9XfMmC9DSnIPpawR_SHfhztPStrYXaOGEAUqBrCr227pxdrY8NThKiwdnNZ02Nfh29pCkBk0T85NN28Iwu-_XOskCc8SSGcDyMlhXTLqPNPwre5sLQswDk2tM8y_7e3uayo4Errf-NW4ulS-7f79tiVASvqrYZqpQMWLREPuvxsDwL7pTKnixnN20-0QH7CjSfoKkHlUR6pdZbzkrL4HybHGjxRNnlhJYgfnayE0hpv
Controller: ModernInfoTechInventory.Controllers.SaleReturnQuantityController
Action: GetSaleReturnQuantity
Action Parameters: {"messageFormat":"JSON","messageArguments":[{"id":"bbbbbbbb-ssss-3333-939f-73b30ae4bb23"}]}

2016-11-03 11:31:10.7230|INFO|ModernInfoTechInventory.Helpers.NLogger|JSON
Method: GET
URL: http://localhost:1036/api/salereturnquantity
Authorization: Bearer _lbvuzhMSqZhMyqq8D09Gpwq20pGk6vs9-aJ8sOzx6hKudV4ABG-8t4tyZGe4_J0hOQ_OyJyIgv0ChhTbBhn61Wx3DwvospEyyCQ0_kFlAYZiQkD59_YLitWxpk2c6UsyJAt5j0BOG-9JY-w6Z71qVxeN2FqIou-wiSmQ0-aBmmTZhPy6NsPbw_Eb3uV5OsYd77-4ynN6F50zFyiFEUNZ9XfMmC9DSnIPpawR_SHfhztPStrYXaOGEAUqBrCr227pxdrY8NThKiwdnNZ02Nfh29pCkBk0T85NN28Iwu-_XOskCc8SSGcDyMlhXTLqPNPwre5sLQswDk2tM8y_7e3uayo4Errf-NW4ulS-7f79tiVASvqrYZqpQMWLREPuvxsDwL7pTKnixnN20-0QH7CjSfoKkHlUR6pdZbzkrL4HybHGjxRNnlhJYgfnayE0hpv
Controller: ModernInfoTechInventory.Controllers.SaleReturnQuantityController
Action: GetAllSaleReturnQuantities
Action Parameters: {"messageFormat":"JSON","messageArguments":[{}]}

2016-11-03 11:31:37.2292|INFO|ModernInfoTechInventory.Helpers.NLogger|JSON
Method: DELETE
URL: http://localhost:1036/api/salereturnquantity/bbbbbbbb-ssss-3333-939f-73b30ae4bb23
Authorization: Bearer _lbvuzhMSqZhMyqq8D09Gpwq20pGk6vs9-aJ8sOzx6hKudV4ABG-8t4tyZGe4_J0hOQ_OyJyIgv0ChhTbBhn61Wx3DwvospEyyCQ0_kFlAYZiQkD59_YLitWxpk2c6UsyJAt5j0BOG-9JY-w6Z71qVxeN2FqIou-wiSmQ0-aBmmTZhPy6NsPbw_Eb3uV5OsYd77-4ynN6F50zFyiFEUNZ9XfMmC9DSnIPpawR_SHfhztPStrYXaOGEAUqBrCr227pxdrY8NThKiwdnNZ02Nfh29pCkBk0T85NN28Iwu-_XOskCc8SSGcDyMlhXTLqPNPwre5sLQswDk2tM8y_7e3uayo4Errf-NW4ulS-7f79tiVASvqrYZqpQMWLREPuvxsDwL7pTKnixnN20-0QH7CjSfoKkHlUR6pdZbzkrL4HybHGjxRNnlhJYgfnayE0hpv
Controller: ModernInfoTechInventory.Controllers.SaleReturnQuantityController
Action: DeleteSaleReturnQuantity
Action Parameters: {"messageFormat":"JSON","messageArguments":[{"id":"bbbbbbbb-ssss-3333-939f-73b30ae4bb23"}]}

2016-11-03 11:32:10.0432|INFO|ModernInfoTechInventory.Helpers.NLogger|JSON
Method: POST
URL: http://localhost:1036/api/salereturnquantity
Authorization: Bearer _lbvuzhMSqZhMyqq8D09Gpwq20pGk6vs9-aJ8sOzx6hKudV4ABG-8t4tyZGe4_J0hOQ_OyJyIgv0ChhTbBhn61Wx3DwvospEyyCQ0_kFlAYZiQkD59_YLitWxpk2c6UsyJAt5j0BOG-9JY-w6Z71qVxeN2FqIou-wiSmQ0-aBmmTZhPy6NsPbw_Eb3uV5OsYd77-4ynN6F50zFyiFEUNZ9XfMmC9DSnIPpawR_SHfhztPStrYXaOGEAUqBrCr227pxdrY8NThKiwdnNZ02Nfh29pCkBk0T85NN28Iwu-_XOskCc8SSGcDyMlhXTLqPNPwre5sLQswDk2tM8y_7e3uayo4Errf-NW4ulS-7f79tiVASvqrYZqpQMWLREPuvxsDwL7pTKnixnN20-0QH7CjSfoKkHlUR6pdZbzkrL4HybHGjxRNnlhJYgfnayE0hpv
Controller: ModernInfoTechInventory.Controllers.SaleReturnQuantityController
Action: PostSaleReturnQuantity
Action Parameters: {"messageFormat":"JSON","messageArguments":[{"saleReturnQuantityEntity":{"SaleReturnQuantityId":"bbbbbbbb-ssss-3333-939f-73b30ae4bb23","ReturnQuantity":26,"BillEntry":null}}]}

2016-11-03 11:37:41.1027|INFO|ModernInfoTechInventory.Helpers.NLogger|JSON
Method: POST
URL: http://localhost:1036/api/supplier
Authorization: Bearer _lbvuzhMSqZhMyqq8D09Gpwq20pGk6vs9-aJ8sOzx6hKudV4ABG-8t4tyZGe4_J0hOQ_OyJyIgv0ChhTbBhn61Wx3DwvospEyyCQ0_kFlAYZiQkD59_YLitWxpk2c6UsyJAt5j0BOG-9JY-w6Z71qVxeN2FqIou-wiSmQ0-aBmmTZhPy6NsPbw_Eb3uV5OsYd77-4ynN6F50zFyiFEUNZ9XfMmC9DSnIPpawR_SHfhztPStrYXaOGEAUqBrCr227pxdrY8NThKiwdnNZ02Nfh29pCkBk0T85NN28Iwu-_XOskCc8SSGcDyMlhXTLqPNPwre5sLQswDk2tM8y_7e3uayo4Errf-NW4ulS-7f79tiVASvqrYZqpQMWLREPuvxsDwL7pTKnixnN20-0QH7CjSfoKkHlUR6pdZbzkrL4HybHGjxRNnlhJYgfnayE0hpv
Controller: ModernInfoTechInventory.Controllers.SupplierController
Action: PostSupplier
Action Parameters: {"messageFormat":"JSON","messageArguments":[{"supplierEntity":{"SupplierId":"86e2b786-a665-4089-8308-1fc9eb3b6e42","SupplierName":"Brothers Group","LocationId":"11111111-67f4-42d1-939f-73b30ae4bb23","PhoneNumber":"018828372899","Location":null}}]}

2016-11-03 11:38:18.8356|INFO|ModernInfoTechInventory.Helpers.NLogger|JSON
Method: GET
URL: http://localhost:1036/api/supplier/86e2b786-a665-4089-8308-1fc9eb3b6e42
Authorization: Bearer _lbvuzhMSqZhMyqq8D09Gpwq20pGk6vs9-aJ8sOzx6hKudV4ABG-8t4tyZGe4_J0hOQ_OyJyIgv0ChhTbBhn61Wx3DwvospEyyCQ0_kFlAYZiQkD59_YLitWxpk2c6UsyJAt5j0BOG-9JY-w6Z71qVxeN2FqIou-wiSmQ0-aBmmTZhPy6NsPbw_Eb3uV5OsYd77-4ynN6F50zFyiFEUNZ9XfMmC9DSnIPpawR_SHfhztPStrYXaOGEAUqBrCr227pxdrY8NThKiwdnNZ02Nfh29pCkBk0T85NN28Iwu-_XOskCc8SSGcDyMlhXTLqPNPwre5sLQswDk2tM8y_7e3uayo4Errf-NW4ulS-7f79tiVASvqrYZqpQMWLREPuvxsDwL7pTKnixnN20-0QH7CjSfoKkHlUR6pdZbzkrL4HybHGjxRNnlhJYgfnayE0hpv
Controller: ModernInfoTechInventory.Controllers.SupplierController
Action: GetSupplier
Action Parameters: {"messageFormat":"JSON","messageArguments":[{"id":"86e2b786-a665-4089-8308-1fc9eb3b6e42"}]}

2016-11-03 11:38:30.1409|INFO|ModernInfoTechInventory.Helpers.NLogger|JSON
Method: GET
URL: http://localhost:1036/api/supplier
Authorization: Bearer _lbvuzhMSqZhMyqq8D09Gpwq20pGk6vs9-aJ8sOzx6hKudV4ABG-8t4tyZGe4_J0hOQ_OyJyIgv0ChhTbBhn61Wx3DwvospEyyCQ0_kFlAYZiQkD59_YLitWxpk2c6UsyJAt5j0BOG-9JY-w6Z71qVxeN2FqIou-wiSmQ0-aBmmTZhPy6NsPbw_Eb3uV5OsYd77-4ynN6F50zFyiFEUNZ9XfMmC9DSnIPpawR_SHfhztPStrYXaOGEAUqBrCr227pxdrY8NThKiwdnNZ02Nfh29pCkBk0T85NN28Iwu-_XOskCc8SSGcDyMlhXTLqPNPwre5sLQswDk2tM8y_7e3uayo4Errf-NW4ulS-7f79tiVASvqrYZqpQMWLREPuvxsDwL7pTKnixnN20-0QH7CjSfoKkHlUR6pdZbzkrL4HybHGjxRNnlhJYgfnayE0hpv
Controller: ModernInfoTechInventory.Controllers.SupplierController
Action: GetAllSuppliers
Action Parameters: {"messageFormat":"JSON","messageArguments":[{}]}

2016-11-03 11:39:12.1267|INFO|ModernInfoTechInventory.Helpers.NLogger|JSON
Method: PUT
URL: http://localhost:1036/api/supplier/86e2b786-a665-4089-8308-1fc9eb3b6e42
Authorization: Bearer _lbvuzhMSqZhMyqq8D09Gpwq20pGk6vs9-aJ8sOzx6hKudV4ABG-8t4tyZGe4_J0hOQ_OyJyIgv0ChhTbBhn61Wx3DwvospEyyCQ0_kFlAYZiQkD59_YLitWxpk2c6UsyJAt5j0BOG-9JY-w6Z71qVxeN2FqIou-wiSmQ0-aBmmTZhPy6NsPbw_Eb3uV5OsYd77-4ynN6F50zFyiFEUNZ9XfMmC9DSnIPpawR_SHfhztPStrYXaOGEAUqBrCr227pxdrY8NThKiwdnNZ02Nfh29pCkBk0T85NN28Iwu-_XOskCc8SSGcDyMlhXTLqPNPwre5sLQswDk2tM8y_7e3uayo4Errf-NW4ulS-7f79tiVASvqrYZqpQMWLREPuvxsDwL7pTKnixnN20-0QH7CjSfoKkHlUR6pdZbzkrL4HybHGjxRNnlhJYgfnayE0hpv
Controller: ModernInfoTechInventory.Controllers.SupplierController
Action: PutSupplier
Action Parameters: {"messageFormat":"JSON","messageArguments":[{"id":"86e2b786-a665-4089-8308-1fc9eb3b6e42","supplierEntity":{"SupplierId":null,"SupplierName":"Brothers Group","LocationId":"11111111-67f4-42d1-939f-73b30ae4bb23","PhoneNumber":"+88018828372899","Location":null}}]}

2016-11-03 11:39:30.6780|ERROR|ModernInfoTechInventory.Helpers.NLogger|Method: PUT
URL: http://localhost:1036/api/supplier/86e2b786-a665-4089-8308-1fc9eb3b6e42
Authorization: Bearer _lbvuzhMSqZhMyqq8D09Gpwq20pGk6vs9-aJ8sOzx6hKudV4ABG-8t4tyZGe4_J0hOQ_OyJyIgv0ChhTbBhn61Wx3DwvospEyyCQ0_kFlAYZiQkD59_YLitWxpk2c6UsyJAt5j0BOG-9JY-w6Z71qVxeN2FqIou-wiSmQ0-aBmmTZhPy6NsPbw_Eb3uV5OsYd77-4ynN6F50zFyiFEUNZ9XfMmC9DSnIPpawR_SHfhztPStrYXaOGEAUqBrCr227pxdrY8NThKiwdnNZ02Nfh29pCkBk0T85NN28Iwu-_XOskCc8SSGcDyMlhXTLqPNPwre5sLQswDk2tM8y_7e3uayo4Errf-NW4ulS-7f79tiVASvqrYZqpQMWLREPuvxsDwL7pTKnixnN20-0QH7CjSfoKkHlUR6pdZbzkrL4HybHGjxRNnlhJYgfnayE0hpv
Controller: ModernInfoTechInventory.Controllers.SupplierController
Action: PutSupplier
Action Parameters: System.InvalidOperationException: A circular reference was detected while serializing an object of type 'System.Reflection.RuntimeModule'.
   at System.Web.Script.Serialization.JavaScriptSerializer.SerializeValueInternal(Object o, StringBuilder sb, Int32 depth, Hashtable objectsInUse, SerializationFormat serializationFormat, MemberInfo currentMember)
   at System.Web.Script.Serialization.JavaScriptSerializer.SerializeValue(Object o, StringBuilder sb, Int32 depth, Hashtable objectsInUse, SerializationFormat serializationFormat, MemberInfo currentMember)
   at System.Web.Script.Serialization.JavaScriptSerializer.SerializeCustomObject(Object o, StringBuilder sb, Int32 depth, Hashtable objectsInUse, SerializationFormat serializationFormat)
   at System.Web.Script.Serialization.JavaScriptSerializer.SerializeValueInternal(Object o, StringBuilder sb, Int32 depth, Hashtable objectsInUse, SerializationFormat serializationFormat, MemberInfo currentMember)
   at System.Web.Script.Serialization.JavaScriptSerializer.SerializeValue(Object o, StringBuilder sb, Int32 depth, Hashtable objectsInUse, SerializationFormat serializationFormat, MemberInfo currentMember)
   at System.Web.Script.Serialization.JavaScriptSerializer.SerializeEnumerable(IEnumerable enumerable, StringBuilder sb, Int32 depth, Hashtable objectsInUse, SerializationFormat serializationFormat)
   at System.Web.Script.Serialization.JavaScriptSerializer.SerializeValueInternal(Object o, StringBuilder sb, Int32 depth, Hashtable objectsInUse, SerializationFormat serializationFormat, MemberInfo currentMember)
   at System.Web.Script.Serialization.JavaScriptSerializer.SerializeValue(Object o, StringBuilder sb, Int32 depth, Hashtable objectsInUse, SerializationFormat serializationFormat, MemberInfo currentMember)
   at System.Web.Script.Serialization.JavaScriptSerializer.SerializeCustomObject(Object o, StringBuilder sb, Int32 depth, Hashtable objectsInUse, SerializationFormat serializationFormat)
   at System.Web.Script.Serialization.JavaScriptSerializer.SerializeValueInternal(Object o, StringBuilder sb, Int32 depth, Hashtable objectsInUse, SerializationFormat serializationFormat, MemberInfo currentMember)
   at System.Web.Script.Serialization.JavaScriptSerializer.SerializeValue(Object o, StringBuilder sb, Int32 depth, Hashtable objectsInUse, SerializationFormat serializationFormat, MemberInfo currentMember)
   at System.Web.Script.Serialization.JavaScriptSerializer.SerializeCustomObject(Object o, StringBuilder sb, Int32 depth, Hashtable objectsInUse, SerializationFormat serializationFormat)
   at System.Web.Script.Serialization.JavaScriptSerializer.SerializeValueInternal(Object o, StringBuilder sb, Int32 depth, Hashtable objectsInUse, SerializationFormat serializationFormat, MemberInfo currentMember)
   at System.Web.Script.Serialization.JavaScriptSerializer.SerializeValue(Object o, StringBuilder sb, Int32 depth, Hashtable objectsInUse, SerializationFormat serializationFormat, MemberInfo currentMember)
   at System.Web.Script.Serialization.JavaScriptSerializer.SerializeCustomObject(Object o, StringBuilder sb, Int32 depth, Hashtable objectsInUse, SerializationFormat serializationFormat)
   at System.Web.Script.Serialization.JavaScriptSerializer.SerializeValueInternal(Object o, StringBuilder sb, Int32 depth, Hashtable objectsInUse, SerializationFormat serializationFormat, MemberInfo currentMember)
   at System.Web.Script.Serialization.JavaScriptSerializer.SerializeValue(Object o, StringBuilder sb, Int32 depth, Hashtable objectsInUse, SerializationFormat serializationFormat, MemberInfo currentMember)
   at System.Web.Script.Serialization.JavaScriptSerializer.SerializeCustomObject(Object o, StringBuilder sb, Int32 depth, Hashtable objectsInUse, SerializationFormat serializationFormat)
   at System.Web.Script.Serialization.JavaScriptSerializer.SerializeValueInternal(Object o, StringBuilder sb, Int32 depth, Hashtable objectsInUse, SerializationFormat serializationFormat, MemberInfo currentMember)
   at System.Web.Script.Serialization.JavaScriptSerializer.SerializeValue(Object o, StringBuilder sb, Int32 depth, Hashtable objectsInUse, SerializationFormat serializationFormat, MemberInfo currentMember)
   at System.Web.Script.Serialization.JavaScriptSerializer.SerializeCustomObject(Object o, StringBuilder sb, Int32 depth, Hashtable objectsInUse, SerializationFormat serializationFormat)
   at System.Web.Script.Serialization.JavaScriptSerializer.SerializeValueInternal(Object o, StringBuilder sb, Int32 depth, Hashtable objectsInUse, SerializationFormat serializationFormat, MemberInfo currentMember)
   at System.Web.Script.Serialization.JavaScriptSerializer.SerializeValue(Object o, StringBuilder sb, Int32 depth, Hashtable objectsInUse, SerializationFormat serializationFormat, MemberInfo currentMember)
   at System.Web.Script.Serialization.JavaScriptSerializer.SerializeEnumerable(IEnumerable enumerable, StringBuilder sb, Int32 depth, Hashtable objectsInUse, SerializationFormat serializationFormat)
   at System.Web.Script.Serialization.JavaScriptSerializer.SerializeValueInternal(Object o, StringBuilder sb, Int32 depth, Hashtable objectsInUse, SerializationFormat serializationFormat, MemberInfo currentMember)
   at System.Web.Script.Serialization.JavaScriptSerializer.SerializeValue(Object o, StringBuilder sb, Int32 depth, Hashtable objectsInUse, SerializationFormat serializationFormat, MemberInfo currentMember)
   at System.Web.Script.Serialization.JavaScriptSerializer.SerializeCustomObject(Object o, StringBuilder sb, Int32 depth, Hashtable objectsInUse, SerializationFormat serializationFormat)
   at System.Web.Script.Serialization.JavaScriptSerializer.SerializeValueInternal(Object o, StringBuilder sb, Int32 depth, Hashtable objectsInUse, SerializationFormat serializationFormat, MemberInfo currentMember)
   at System.Web.Script.Serialization.JavaScriptSerializer.SerializeValue(Object o, StringBuilder sb, Int32 depth, Hashtable objectsInUse, SerializationFormat serializationFormat, MemberInfo currentMember)
   at System.Web.Script.Serialization.JavaScriptSerializer.SerializeCustomObject(Object o, StringBuilder sb, Int32 depth, Hashtable objectsInUse, SerializationFormat serializationFormat)
   at System.Web.Script.Serialization.JavaScriptSerializer.SerializeValueInternal(Object o, StringBuilder sb, Int32 depth, Hashtable objectsInUse, SerializationFormat serializationFormat, MemberInfo currentMember)
   at System.Web.Script.Serialization.JavaScriptSerializer.SerializeValue(Object o, StringBuilder sb, Int32 depth, Hashtable objectsInUse, SerializationFormat serializationFormat, MemberInfo currentMember)
   at System.Web.Script.Serialization.JavaScriptSerializer.SerializeCustomObject(Object o, StringBuilder sb, Int32 depth, Hashtable objectsInUse, SerializationFormat serializationFormat)
   at System.Web.Script.Serialization.JavaScriptSerializer.SerializeValueInternal(Object o, StringBuilder sb, Int32 depth, Hashtable objectsInUse, SerializationFormat serializationFormat, MemberInfo currentMember)
   at System.Web.Script.Serialization.JavaScriptSerializer.SerializeValue(Object o, StringBuilder sb, Int32 depth, Hashtable objectsInUse, SerializationFormat serializationFormat, MemberInfo currentMember)
   at System.Web.Script.Serialization.JavaScriptSerializer.SerializeEnumerable(IEnumerable enumerable, StringBuilder sb, Int32 depth, Hashtable objectsInUse, SerializationFormat serializationFormat)
   at System.Web.Script.Serialization.JavaScriptSerializer.SerializeValueInternal(Object o, StringBuilder sb, Int32 depth, Hashtable objectsInUse, SerializationFormat serializationFormat, MemberInfo currentMember)
   at System.Web.Script.Serialization.JavaScriptSerializer.SerializeValue(Object o, StringBuilder sb, Int32 depth, Hashtable objectsInUse, SerializationFormat serializationFormat, MemberInfo currentMember)
   at System.Web.Script.Serialization.JavaScriptSerializer.SerializeCustomObject(Object o, StringBuilder sb, Int32 depth, Hashtable objectsInUse, SerializationFormat serializationFormat)
   at System.Web.Script.Serialization.JavaScriptSerializer.SerializeValueInternal(Object o, StringBuilder sb, Int32 depth, Hashtable objectsInUse, SerializationFormat serializationFormat, MemberInfo currentMember)
   at System.Web.Script.Serialization.JavaScriptSerializer.SerializeValue(Object o, StringBuilder sb, Int32 depth, Hashtable objectsInUse, SerializationFormat serializationFormat, MemberInfo currentMember)
   at System.Web.Script.Serialization.JavaScriptSerializer.SerializeCustomObject(Object o, StringBuilder sb, Int32 depth, Hashtable objectsInUse, SerializationFormat serializationFormat)
   at System.Web.Script.Serialization.JavaScriptSerializer.SerializeValueInternal(Object o, StringBuilder sb, Int32 depth, Hashtable objectsInUse, SerializationFormat serializationFormat, MemberInfo currentMember)
   at System.Web.Script.Serialization.JavaScriptSerializer.SerializeValue(Object o, StringBuilder sb, Int32 depth, Hashtable objectsInUse, SerializationFormat serializationFormat, MemberInfo currentMember)
   at System.Web.Script.Serialization.JavaScriptSerializer.SerializeCustomObject(Object o, StringBuilder sb, Int32 depth, Hashtable objectsInUse, SerializationFormat serializationFormat)
   at System.Web.Script.Serialization.JavaScriptSerializer.SerializeValueInternal(Object o, StringBuilder sb, Int32 depth, Hashtable objectsInUse, SerializationFormat serializationFormat, MemberInfo currentMember)
   at System.Web.Script.Serialization.JavaScriptSerializer.SerializeValue(Object o, StringBuilder sb, Int32 depth, Hashtable objectsInUse, SerializationFormat serializationFormat, MemberInfo currentMember)
   at System.Web.Script.Serialization.JavaScriptSerializer.SerializeEnumerable(IEnumerable enumerable, StringBuilder sb, Int32 depth, Hashtable objectsInUse, SerializationFormat serializationFormat)
   at System.Web.Script.Serialization.JavaScriptSerializer.SerializeValueInternal(Object o, StringBuilder sb, Int32 depth, Hashtable objectsInUse, SerializationFormat serializationFormat, MemberInfo currentMember)
   at System.Web.Script.Serialization.JavaScriptSerializer.SerializeValue(Object o, StringBuilder sb, Int32 depth, Hashtable objectsInUse, SerializationFormat serializationFormat, MemberInfo currentMember)
   at System.Web.Script.Serialization.JavaScriptSerializer.SerializeCustomObject(Object o, StringBuilder sb, Int32 depth, Hashtable objectsInUse, SerializationFormat serializationFormat)
   at System.Web.Script.Serialization.JavaScriptSerializer.SerializeValueInternal(Object o, StringBuilder sb, Int32 depth, Hashtable objectsInUse, SerializationFormat serializationFormat, MemberInfo currentMember)
   at System.Web.Script.Serialization.JavaScriptSerializer.SerializeValue(Object o, StringBuilder sb, Int32 depth, Hashtable objectsInUse, SerializationFormat serializationFormat, MemberInfo currentMember)
   at System.Web.Script.Serialization.JavaScriptSerializer.SerializeCustomObject(Object o, StringBuilder sb, Int32 depth, Hashtable objectsInUse, SerializationFormat serializationFormat)
   at System.Web.Script.Serialization.JavaScriptSerializer.SerializeValueInternal(Object o, StringBuilder sb, Int32 depth, Hashtable objectsInUse, SerializationFormat serializationFormat, MemberInfo currentMember)
   at System.Web.Script.Serialization.JavaScriptSerializer.SerializeValue(Object o, StringBuilder sb, Int32 depth, Hashtable objectsInUse, SerializationFormat serializationFormat, MemberInfo currentMember)
   at System.Web.Script.Serialization.JavaScriptSerializer.SerializeCustomObject(Object o, StringBuilder sb, Int32 depth, Hashtable objectsInUse, SerializationFormat serializationFormat)
   at System.Web.Script.Serialization.JavaScriptSerializer.SerializeValueInternal(Object o, StringBuilder sb, Int32 depth, Hashtable objectsInUse, SerializationFormat serializationFormat, MemberInfo currentMember)
   at System.Web.Script.Serialization.JavaScriptSerializer.SerializeValue(Object o, StringBuilder sb, Int32 depth, Hashtable objectsInUse, SerializationFormat serializationFormat, MemberInfo currentMember)
   at System.Web.Script.Serialization.JavaScriptSerializer.Serialize(Object obj, StringBuilder output, SerializationFormat serializationFormat)
   at System.Web.Script.Serialization.JavaScriptSerializer.Serialize(Object obj, SerializationFormat serializationFormat)
   at System.Web.Script.Serialization.JavaScriptSerializer.Serialize(Object obj)
   at ModernInfoTechInventory.Helpers.JSONHelper.ToJSON(Object obj) in c:\Users\Nazmul Chowdhury\Documents\Visual Studio 2013\Projects\ModernInfoTechInventory\ModernInfoTechInventory\Helpers\JSONHelper.cs:line 13
Error: String or binary data would be truncated.
The statement has been terminated.


2016-11-03 11:39:53.1542|INFO|ModernInfoTechInventory.Helpers.NLogger|JSON
Method: PUT
URL: http://localhost:1036/api/supplier/86e2b786-a665-4089-8308-1fc9eb3b6e42
Authorization: Bearer _lbvuzhMSqZhMyqq8D09Gpwq20pGk6vs9-aJ8sOzx6hKudV4ABG-8t4tyZGe4_J0hOQ_OyJyIgv0ChhTbBhn61Wx3DwvospEyyCQ0_kFlAYZiQkD59_YLitWxpk2c6UsyJAt5j0BOG-9JY-w6Z71qVxeN2FqIou-wiSmQ0-aBmmTZhPy6NsPbw_Eb3uV5OsYd77-4ynN6F50zFyiFEUNZ9XfMmC9DSnIPpawR_SHfhztPStrYXaOGEAUqBrCr227pxdrY8NThKiwdnNZ02Nfh29pCkBk0T85NN28Iwu-_XOskCc8SSGcDyMlhXTLqPNPwre5sLQswDk2tM8y_7e3uayo4Errf-NW4ulS-7f79tiVASvqrYZqpQMWLREPuvxsDwL7pTKnixnN20-0QH7CjSfoKkHlUR6pdZbzkrL4HybHGjxRNnlhJYgfnayE0hpv
Controller: ModernInfoTechInventory.Controllers.SupplierController
Action: PutSupplier
Action Parameters: {"messageFormat":"JSON","messageArguments":[{"id":"86e2b786-a665-4089-8308-1fc9eb3b6e42","supplierEntity":{"SupplierId":null,"SupplierName":"Brothers Group","LocationId":"11111111-67f4-42d1-939f-73b30ae4bb23","PhoneNumber":"+880188283728","Location":null}}]}

2016-11-03 11:40:17.8795|INFO|ModernInfoTechInventory.Helpers.NLogger|JSON
Method: DELETE
URL: http://localhost:1036/api/supplier/86e2b786-a665-4089-8308-1fc9eb3b6e42
Authorization: Bearer _lbvuzhMSqZhMyqq8D09Gpwq20pGk6vs9-aJ8sOzx6hKudV4ABG-8t4tyZGe4_J0hOQ_OyJyIgv0ChhTbBhn61Wx3DwvospEyyCQ0_kFlAYZiQkD59_YLitWxpk2c6UsyJAt5j0BOG-9JY-w6Z71qVxeN2FqIou-wiSmQ0-aBmmTZhPy6NsPbw_Eb3uV5OsYd77-4ynN6F50zFyiFEUNZ9XfMmC9DSnIPpawR_SHfhztPStrYXaOGEAUqBrCr227pxdrY8NThKiwdnNZ02Nfh29pCkBk0T85NN28Iwu-_XOskCc8SSGcDyMlhXTLqPNPwre5sLQswDk2tM8y_7e3uayo4Errf-NW4ulS-7f79tiVASvqrYZqpQMWLREPuvxsDwL7pTKnixnN20-0QH7CjSfoKkHlUR6pdZbzkrL4HybHGjxRNnlhJYgfnayE0hpv
Controller: ModernInfoTechInventory.Controllers.SupplierController
Action: DeleteSupplier
Action Parameters: {"messageFormat":"JSON","messageArguments":[{"id":"86e2b786-a665-4089-8308-1fc9eb3b6e42"}]}

2016-11-03 11:40:43.1986|INFO|ModernInfoTechInventory.Helpers.NLogger|JSON
Method: POST
URL: http://localhost:1036/api/supplier
Authorization: Bearer _lbvuzhMSqZhMyqq8D09Gpwq20pGk6vs9-aJ8sOzx6hKudV4ABG-8t4tyZGe4_J0hOQ_OyJyIgv0ChhTbBhn61Wx3DwvospEyyCQ0_kFlAYZiQkD59_YLitWxpk2c6UsyJAt5j0BOG-9JY-w6Z71qVxeN2FqIou-wiSmQ0-aBmmTZhPy6NsPbw_Eb3uV5OsYd77-4ynN6F50zFyiFEUNZ9XfMmC9DSnIPpawR_SHfhztPStrYXaOGEAUqBrCr227pxdrY8NThKiwdnNZ02Nfh29pCkBk0T85NN28Iwu-_XOskCc8SSGcDyMlhXTLqPNPwre5sLQswDk2tM8y_7e3uayo4Errf-NW4ulS-7f79tiVASvqrYZqpQMWLREPuvxsDwL7pTKnixnN20-0QH7CjSfoKkHlUR6pdZbzkrL4HybHGjxRNnlhJYgfnayE0hpv
Controller: ModernInfoTechInventory.Controllers.SupplierController
Action: PostSupplier
Action Parameters: {"messageFormat":"JSON","messageArguments":[{"supplierEntity":{"SupplierId":"86e2b786-a665-4089-8308-1fc9eb3b6e42","SupplierName":"Brothers Group","LocationId":"11111111-67f4-42d1-939f-73b30ae4bb23","PhoneNumber":"018828372899","Location":null}}]}

2016-11-03 11:41:03.0099|INFO|ModernInfoTechInventory.Helpers.NLogger|JSON
Method: PUT
URL: http://localhost:1036/api/supplier/86e2b786-a665-4089-8308-1fc9eb3b6e42
Authorization: Bearer _lbvuzhMSqZhMyqq8D09Gpwq20pGk6vs9-aJ8sOzx6hKudV4ABG-8t4tyZGe4_J0hOQ_OyJyIgv0ChhTbBhn61Wx3DwvospEyyCQ0_kFlAYZiQkD59_YLitWxpk2c6UsyJAt5j0BOG-9JY-w6Z71qVxeN2FqIou-wiSmQ0-aBmmTZhPy6NsPbw_Eb3uV5OsYd77-4ynN6F50zFyiFEUNZ9XfMmC9DSnIPpawR_SHfhztPStrYXaOGEAUqBrCr227pxdrY8NThKiwdnNZ02Nfh29pCkBk0T85NN28Iwu-_XOskCc8SSGcDyMlhXTLqPNPwre5sLQswDk2tM8y_7e3uayo4Errf-NW4ulS-7f79tiVASvqrYZqpQMWLREPuvxsDwL7pTKnixnN20-0QH7CjSfoKkHlUR6pdZbzkrL4HybHGjxRNnlhJYgfnayE0hpv
Controller: ModernInfoTechInventory.Controllers.SupplierController
Action: PutSupplier
Action Parameters: {"messageFormat":"JSON","messageArguments":[{"id":"86e2b786-a665-4089-8308-1fc9eb3b6e42","supplierEntity":{"SupplierId":null,"SupplierName":"Brothers Group","LocationId":"11111111-67f4-42d1-939f-73b30ae4bb23","PhoneNumber":"+188283728","Location":null}}]}

2016-11-03 11:43:41.4194|INFO|ModernInfoTechInventory.Helpers.NLogger|JSON
Method: POST
URL: http://localhost:1036/api/supplierpayment
Authorization: Bearer _lbvuzhMSqZhMyqq8D09Gpwq20pGk6vs9-aJ8sOzx6hKudV4ABG-8t4tyZGe4_J0hOQ_OyJyIgv0ChhTbBhn61Wx3DwvospEyyCQ0_kFlAYZiQkD59_YLitWxpk2c6UsyJAt5j0BOG-9JY-w6Z71qVxeN2FqIou-wiSmQ0-aBmmTZhPy6NsPbw_Eb3uV5OsYd77-4ynN6F50zFyiFEUNZ9XfMmC9DSnIPpawR_SHfhztPStrYXaOGEAUqBrCr227pxdrY8NThKiwdnNZ02Nfh29pCkBk0T85NN28Iwu-_XOskCc8SSGcDyMlhXTLqPNPwre5sLQswDk2tM8y_7e3uayo4Errf-NW4ulS-7f79tiVASvqrYZqpQMWLREPuvxsDwL7pTKnixnN20-0QH7CjSfoKkHlUR6pdZbzkrL4HybHGjxRNnlhJYgfnayE0hpv
Controller: ModernInfoTechInventory.Controllers.SupplierPaymentController
Action: PostSupplierPayment
Action Parameters: {"messageFormat":"JSON","messageArguments":[{"supplierPaymentEntity":{"SupplierPaymentId":"86e2b786-a665-4089-8308-1fc9eb3b6e42","PaymentDate":"\/Date(1541268000000)\/","PaidAmount":790000,"Description":"Foreign Supplier","Supplier":null}}]}

2016-11-03 11:44:19.6481|INFO|ModernInfoTechInventory.Helpers.NLogger|JSON
Method: GET
URL: http://localhost:1036/api/supplierpayment/86e2b786-a665-4089-8308-1fc9eb3b6e42
Authorization: Bearer _lbvuzhMSqZhMyqq8D09Gpwq20pGk6vs9-aJ8sOzx6hKudV4ABG-8t4tyZGe4_J0hOQ_OyJyIgv0ChhTbBhn61Wx3DwvospEyyCQ0_kFlAYZiQkD59_YLitWxpk2c6UsyJAt5j0BOG-9JY-w6Z71qVxeN2FqIou-wiSmQ0-aBmmTZhPy6NsPbw_Eb3uV5OsYd77-4ynN6F50zFyiFEUNZ9XfMmC9DSnIPpawR_SHfhztPStrYXaOGEAUqBrCr227pxdrY8NThKiwdnNZ02Nfh29pCkBk0T85NN28Iwu-_XOskCc8SSGcDyMlhXTLqPNPwre5sLQswDk2tM8y_7e3uayo4Errf-NW4ulS-7f79tiVASvqrYZqpQMWLREPuvxsDwL7pTKnixnN20-0QH7CjSfoKkHlUR6pdZbzkrL4HybHGjxRNnlhJYgfnayE0hpv
Controller: ModernInfoTechInventory.Controllers.SupplierPaymentController
Action: GetSupplierPayment
Action Parameters: {"messageFormat":"JSON","messageArguments":[{"id":"86e2b786-a665-4089-8308-1fc9eb3b6e42"}]}

2016-11-03 11:44:31.7988|INFO|ModernInfoTechInventory.Helpers.NLogger|JSON
Method: GET
URL: http://localhost:1036/api/supplierpayment
Authorization: Bearer _lbvuzhMSqZhMyqq8D09Gpwq20pGk6vs9-aJ8sOzx6hKudV4ABG-8t4tyZGe4_J0hOQ_OyJyIgv0ChhTbBhn61Wx3DwvospEyyCQ0_kFlAYZiQkD59_YLitWxpk2c6UsyJAt5j0BOG-9JY-w6Z71qVxeN2FqIou-wiSmQ0-aBmmTZhPy6NsPbw_Eb3uV5OsYd77-4ynN6F50zFyiFEUNZ9XfMmC9DSnIPpawR_SHfhztPStrYXaOGEAUqBrCr227pxdrY8NThKiwdnNZ02Nfh29pCkBk0T85NN28Iwu-_XOskCc8SSGcDyMlhXTLqPNPwre5sLQswDk2tM8y_7e3uayo4Errf-NW4ulS-7f79tiVASvqrYZqpQMWLREPuvxsDwL7pTKnixnN20-0QH7CjSfoKkHlUR6pdZbzkrL4HybHGjxRNnlhJYgfnayE0hpv
Controller: ModernInfoTechInventory.Controllers.SupplierPaymentController
Action: GetAllSupplierPayments
Action Parameters: {"messageFormat":"JSON","messageArguments":[{}]}

2016-11-03 11:45:18.1751|INFO|ModernInfoTechInventory.Helpers.NLogger|JSON
Method: PUT
URL: http://localhost:1036/api/supplierpayment/86e2b786-a665-4089-8308-1fc9eb3b6e42
Authorization: Bearer _lbvuzhMSqZhMyqq8D09Gpwq20pGk6vs9-aJ8sOzx6hKudV4ABG-8t4tyZGe4_J0hOQ_OyJyIgv0ChhTbBhn61Wx3DwvospEyyCQ0_kFlAYZiQkD59_YLitWxpk2c6UsyJAt5j0BOG-9JY-w6Z71qVxeN2FqIou-wiSmQ0-aBmmTZhPy6NsPbw_Eb3uV5OsYd77-4ynN6F50zFyiFEUNZ9XfMmC9DSnIPpawR_SHfhztPStrYXaOGEAUqBrCr227pxdrY8NThKiwdnNZ02Nfh29pCkBk0T85NN28Iwu-_XOskCc8SSGcDyMlhXTLqPNPwre5sLQswDk2tM8y_7e3uayo4Errf-NW4ulS-7f79tiVASvqrYZqpQMWLREPuvxsDwL7pTKnixnN20-0QH7CjSfoKkHlUR6pdZbzkrL4HybHGjxRNnlhJYgfnayE0hpv
Controller: ModernInfoTechInventory.Controllers.SupplierPaymentController
Action: PutSupplierPayment
Action Parameters: {"messageFormat":"JSON","messageArguments":[{"id":"86e2b786-a665-4089-8308-1fc9eb3b6e42","supplierPaymentEntity":{"SupplierPaymentId":null,"PaymentDate":"\/Date(1541268000000)\/","PaidAmount":79000.67,"Description":"American Supplier","Supplier":null}}]}

2016-11-03 11:45:35.2403|INFO|ModernInfoTechInventory.Helpers.NLogger|JSON
Method: DELETE
URL: http://localhost:1036/api/supplierpayment/86e2b786-a665-4089-8308-1fc9eb3b6e42
Authorization: Bearer _lbvuzhMSqZhMyqq8D09Gpwq20pGk6vs9-aJ8sOzx6hKudV4ABG-8t4tyZGe4_J0hOQ_OyJyIgv0ChhTbBhn61Wx3DwvospEyyCQ0_kFlAYZiQkD59_YLitWxpk2c6UsyJAt5j0BOG-9JY-w6Z71qVxeN2FqIou-wiSmQ0-aBmmTZhPy6NsPbw_Eb3uV5OsYd77-4ynN6F50zFyiFEUNZ9XfMmC9DSnIPpawR_SHfhztPStrYXaOGEAUqBrCr227pxdrY8NThKiwdnNZ02Nfh29pCkBk0T85NN28Iwu-_XOskCc8SSGcDyMlhXTLqPNPwre5sLQswDk2tM8y_7e3uayo4Errf-NW4ulS-7f79tiVASvqrYZqpQMWLREPuvxsDwL7pTKnixnN20-0QH7CjSfoKkHlUR6pdZbzkrL4HybHGjxRNnlhJYgfnayE0hpv
Controller: ModernInfoTechInventory.Controllers.SupplierPaymentController
Action: DeleteSupplierPayment
Action Parameters: {"messageFormat":"JSON","messageArguments":[{"id":"86e2b786-a665-4089-8308-1fc9eb3b6e42"}]}

2016-11-03 11:45:47.7957|INFO|ModernInfoTechInventory.Helpers.NLogger|JSON
Method: POST
URL: http://localhost:1036/api/supplierpayment
Authorization: Bearer _lbvuzhMSqZhMyqq8D09Gpwq20pGk6vs9-aJ8sOzx6hKudV4ABG-8t4tyZGe4_J0hOQ_OyJyIgv0ChhTbBhn61Wx3DwvospEyyCQ0_kFlAYZiQkD59_YLitWxpk2c6UsyJAt5j0BOG-9JY-w6Z71qVxeN2FqIou-wiSmQ0-aBmmTZhPy6NsPbw_Eb3uV5OsYd77-4ynN6F50zFyiFEUNZ9XfMmC9DSnIPpawR_SHfhztPStrYXaOGEAUqBrCr227pxdrY8NThKiwdnNZ02Nfh29pCkBk0T85NN28Iwu-_XOskCc8SSGcDyMlhXTLqPNPwre5sLQswDk2tM8y_7e3uayo4Errf-NW4ulS-7f79tiVASvqrYZqpQMWLREPuvxsDwL7pTKnixnN20-0QH7CjSfoKkHlUR6pdZbzkrL4HybHGjxRNnlhJYgfnayE0hpv
Controller: ModernInfoTechInventory.Controllers.SupplierPaymentController
Action: PostSupplierPayment
Action Parameters: {"messageFormat":"JSON","messageArguments":[{"supplierPaymentEntity":{"SupplierPaymentId":"86e2b786-a665-4089-8308-1fc9eb3b6e42","PaymentDate":"\/Date(1541268000000)\/","PaidAmount":790000,"Description":"Foreign Supplier","Supplier":null}}]}

2016-11-03 11:45:55.7226|INFO|ModernInfoTechInventory.Helpers.NLogger|JSON
Method: PUT
URL: http://localhost:1036/api/supplierpayment/86e2b786-a665-4089-8308-1fc9eb3b6e42
Authorization: Bearer _lbvuzhMSqZhMyqq8D09Gpwq20pGk6vs9-aJ8sOzx6hKudV4ABG-8t4tyZGe4_J0hOQ_OyJyIgv0ChhTbBhn61Wx3DwvospEyyCQ0_kFlAYZiQkD59_YLitWxpk2c6UsyJAt5j0BOG-9JY-w6Z71qVxeN2FqIou-wiSmQ0-aBmmTZhPy6NsPbw_Eb3uV5OsYd77-4ynN6F50zFyiFEUNZ9XfMmC9DSnIPpawR_SHfhztPStrYXaOGEAUqBrCr227pxdrY8NThKiwdnNZ02Nfh29pCkBk0T85NN28Iwu-_XOskCc8SSGcDyMlhXTLqPNPwre5sLQswDk2tM8y_7e3uayo4Errf-NW4ulS-7f79tiVASvqrYZqpQMWLREPuvxsDwL7pTKnixnN20-0QH7CjSfoKkHlUR6pdZbzkrL4HybHGjxRNnlhJYgfnayE0hpv
Controller: ModernInfoTechInventory.Controllers.SupplierPaymentController
Action: PutSupplierPayment
Action Parameters: {"messageFormat":"JSON","messageArguments":[{"id":"86e2b786-a665-4089-8308-1fc9eb3b6e42","supplierPaymentEntity":{"SupplierPaymentId":null,"PaymentDate":"\/Date(1541268000000)\/","PaidAmount":79000.67,"Description":"American Supplier","Supplier":null}}]}

