2016-10-29 15:04:24.8277|INFO|ModernInfoTechInventory.Helpers.NLogger|JSON
Method: GET
URL: http://localhost:1036/api/category
Authorization: Bearer _GrMshGIAhSZrTtG7wVi9W2SO30Q6H7qlLz4Bh0lghaAVRRn-Lo9wHL1FKRwo0D-OyFthyvkbH57Dnjk5e--MyoP88h7ew4G_UO6UxyuaS7ihP4thEEoZ6DVXR2UESrGQ8p0wHosi0aB9REpepMpRPevLauvwFBQVHu4L7wUvznolU6G-PsRIi6y-3YMmT9uGMYt4Z8FvXOusEaciPJf7sA1dxFndQdlh86OuR5LcDpr4akf__UXQEH1CbJuOQukbbQk9PLS-Qa2r3DeIGveOwwSmNGPTp5e2Cy_S9d8piEg4cYfQ4ksTDDujjDBF2kVDpmgt_Sqr-Kjihz8GFNeBvcvjz2B6IwhSKCePfFr2R6CAYkc30qSmVBuqBZT2Af_UZZFvkTcHkXXP9HYiNSgyGCSBOns4ZZ_lr1mv5GLwvA
Controller: ModernInfoTechInventory.Controllers.CategoryController
Action: GetAllCategories
Action Parameters: {"messageFormat":"JSON","messageArguments":[{}]}

2016-10-29 15:07:17.8260|INFO|ModernInfoTechInventory.Helpers.NLogger|JSON
Method: POST
URL: http://localhost:1036/api/subcategory
Authorization: Bearer _GrMshGIAhSZrTtG7wVi9W2SO30Q6H7qlLz4Bh0lghaAVRRn-Lo9wHL1FKRwo0D-OyFthyvkbH57Dnjk5e--MyoP88h7ew4G_UO6UxyuaS7ihP4thEEoZ6DVXR2UESrGQ8p0wHosi0aB9REpepMpRPevLauvwFBQVHu4L7wUvznolU6G-PsRIi6y-3YMmT9uGMYt4Z8FvXOusEaciPJf7sA1dxFndQdlh86OuR5LcDpr4akf__UXQEH1CbJuOQukbbQk9PLS-Qa2r3DeIGveOwwSmNGPTp5e2Cy_S9d8piEg4cYfQ4ksTDDujjDBF2kVDpmgt_Sqr-Kjihz8GFNeBvcvjz2B6IwhSKCePfFr2R6CAYkc30qSmVBuqBZT2Af_UZZFvkTcHkXXP9HYiNSgyGCSBOns4ZZ_lr1mv5GLwvA
Controller: ModernInfoTechInventory.Controllers.SubCategoryController
Action: PostSubCategory
Action Parameters: {"messageFormat":"JSON","messageArguments":[{"subCategoryEntity":{"SubCategoryId":"00093570-tryu-49d2-9f63-8ba92335eb70","SubCategoryName":"Levis","CategoryId":"67893570-tryu-49d2-9f63-8ba92335eb70","Category":null}}]}

2016-10-29 15:09:15.3537|INFO|ModernInfoTechInventory.Helpers.NLogger|JSON
Method: PUT
URL: http://localhost:1036/api/subcategory/00093570-tryu-49d2-9f63-8ba92335eb70
Authorization: Bearer _GrMshGIAhSZrTtG7wVi9W2SO30Q6H7qlLz4Bh0lghaAVRRn-Lo9wHL1FKRwo0D-OyFthyvkbH57Dnjk5e--MyoP88h7ew4G_UO6UxyuaS7ihP4thEEoZ6DVXR2UESrGQ8p0wHosi0aB9REpepMpRPevLauvwFBQVHu4L7wUvznolU6G-PsRIi6y-3YMmT9uGMYt4Z8FvXOusEaciPJf7sA1dxFndQdlh86OuR5LcDpr4akf__UXQEH1CbJuOQukbbQk9PLS-Qa2r3DeIGveOwwSmNGPTp5e2Cy_S9d8piEg4cYfQ4ksTDDujjDBF2kVDpmgt_Sqr-Kjihz8GFNeBvcvjz2B6IwhSKCePfFr2R6CAYkc30qSmVBuqBZT2Af_UZZFvkTcHkXXP9HYiNSgyGCSBOns4ZZ_lr1mv5GLwvA
Controller: ModernInfoTechInventory.Controllers.SubCategoryController
Action: PutSubCategory
Action Parameters: {"messageFormat":"JSON","messageArguments":[{"id":"00093570-tryu-49d2-9f63-8ba92335eb70","subCategoryEntity":{"SubCategoryId":null,"SubCategoryName":"Lee","CategoryId":"67893570-tryu-49d2-9f63-8ba92335eb70","Category":null}}]}

2016-10-29 15:09:33.3781|ERROR|ModernInfoTechInventory.Helpers.NLogger|Method: PUT
URL: http://localhost:1036/api/subcategory/00093570-tryu-49d2-9f63-8ba92335eb70
Authorization: Bearer _GrMshGIAhSZrTtG7wVi9W2SO30Q6H7qlLz4Bh0lghaAVRRn-Lo9wHL1FKRwo0D-OyFthyvkbH57Dnjk5e--MyoP88h7ew4G_UO6UxyuaS7ihP4thEEoZ6DVXR2UESrGQ8p0wHosi0aB9REpepMpRPevLauvwFBQVHu4L7wUvznolU6G-PsRIi6y-3YMmT9uGMYt4Z8FvXOusEaciPJf7sA1dxFndQdlh86OuR5LcDpr4akf__UXQEH1CbJuOQukbbQk9PLS-Qa2r3DeIGveOwwSmNGPTp5e2Cy_S9d8piEg4cYfQ4ksTDDujjDBF2kVDpmgt_Sqr-Kjihz8GFNeBvcvjz2B6IwhSKCePfFr2R6CAYkc30qSmVBuqBZT2Af_UZZFvkTcHkXXP9HYiNSgyGCSBOns4ZZ_lr1mv5GLwvA
Controller: ModernInfoTechInventory.Controllers.SubCategoryController
Action: PutSubCategory
Action Parameters: System.InvalidOperationException: A circular reference was detected while serializing an object of type 'System.Reflection.RuntimeModule'.
   at System.Web.Script.Serialization.JavaScriptSerializer.SerializeValueInternal(Object o, StringBuilder sb, Int32 depth, Hashtable objectsInUse, SerializationFormat serializationFormat, MemberInfo currentMember)
   at System.Web.Script.Serialization.JavaScriptSerializer.SerializeValue(Object o, StringBuilder sb, Int32 depth, Hashtable objectsInUse, SerializationFormat serializationFormat, MemberInfo currentMember)
   at System.Web.Script.Serialization.JavaScriptSerializer.SerializeCustomObject(Object o, StringBuilder sb, Int32 depth, Hashtable objectsInUse, SerializationFormat serializationFormat)
   at System.Web.Script.Serialization.JavaScriptSerializer.SerializeValueInternal(Object o, StringBuilder sb, Int32 depth, Hashtable objectsInUse, SerializationFormat serializationFormat, MemberInfo currentMember)
   at System.Web.Script.Serialization.JavaScriptSerializer.SerializeValue(Object o, StringBuilder sb, Int32 depth, Hashtable objectsInUse, SerializationFormat serializationFormat, MemberInfo currentMember)
   at System.Web.Script.Serialization.JavaScriptSerializer.SerializeEnumerable(IEnumerable enumerable, StringBuilder sb, Int32 depth, Hashtable objectsInUse, SerializationFormat serializationFormat)
   at System.Web.Script.Serialization.JavaScriptSerializer.SerializeValueInternal(Object o, StringBuilder sb, Int32 depth, Hashtable objectsInUse, SerializationFormat serializationFormat, MemberInfo currentMember)
   at System.Web.Script.Serialization.JavaScriptSerializer.SerializeValue(Object o, StringBuilder sb, Int32 depth, Hashtable objectsInUse, SerializationFormat serializationFormat, MemberInfo currentMember)
   at System.Web.Script.Serialization.JavaScriptSerializer.SerializeCustomObject(Object o, StringBuilder sb, Int32 depth, Hashtable objectsInUse, SerializationFormat serializationFormat)
   at System.Web.Script.Serialization.JavaScriptSerializer.SerializeValueInternal(Object o, StringBuilder sb, Int32 depth, Hashtable objectsInUse, SerializationFormat serializationFormat, MemberInfo currentMember)
   at System.Web.Script.Serialization.JavaScriptSerializer.SerializeValue(Object o, StringBuilder sb, Int32 depth, Hashtable objectsInUse, SerializationFormat serializationFormat, MemberInfo currentMember)
   at System.Web.Script.Serialization.JavaScriptSerializer.SerializeCustomObject(Object o, StringBuilder sb, Int32 depth, Hashtable objectsInUse, SerializationFormat serializationFormat)
   at System.Web.Script.Serialization.JavaScriptSerializer.SerializeValueInternal(Object o, StringBuilder sb, Int32 depth, Hashtable objectsInUse, SerializationFormat serializationFormat, MemberInfo currentMember)
   at System.Web.Script.Serialization.JavaScriptSerializer.SerializeValue(Object o, StringBuilder sb, Int32 depth, Hashtable objectsInUse, SerializationFormat serializationFormat, MemberInfo currentMember)
   at System.Web.Script.Serialization.JavaScriptSerializer.SerializeCustomObject(Object o, StringBuilder sb, Int32 depth, Hashtable objectsInUse, SerializationFormat serializationFormat)
   at System.Web.Script.Serialization.JavaScriptSerializer.SerializeValueInternal(Object o, StringBuilder sb, Int32 depth, Hashtable objectsInUse, SerializationFormat serializationFormat, MemberInfo currentMember)
   at System.Web.Script.Serialization.JavaScriptSerializer.SerializeValue(Object o, StringBuilder sb, Int32 depth, Hashtable objectsInUse, SerializationFormat serializationFormat, MemberInfo currentMember)
   at System.Web.Script.Serialization.JavaScriptSerializer.SerializeCustomObject(Object o, StringBuilder sb, Int32 depth, Hashtable objectsInUse, SerializationFormat serializationFormat)
   at System.Web.Script.Serialization.JavaScriptSerializer.SerializeValueInternal(Object o, StringBuilder sb, Int32 depth, Hashtable objectsInUse, SerializationFormat serializationFormat, MemberInfo currentMember)
   at System.Web.Script.Serialization.JavaScriptSerializer.SerializeValue(Object o, StringBuilder sb, Int32 depth, Hashtable objectsInUse, SerializationFormat serializationFormat, MemberInfo currentMember)
   at System.Web.Script.Serialization.JavaScriptSerializer.SerializeCustomObject(Object o, StringBuilder sb, Int32 depth, Hashtable objectsInUse, SerializationFormat serializationFormat)
   at System.Web.Script.Serialization.JavaScriptSerializer.SerializeValueInternal(Object o, StringBuilder sb, Int32 depth, Hashtable objectsInUse, SerializationFormat serializationFormat, MemberInfo currentMember)
   at System.Web.Script.Serialization.JavaScriptSerializer.SerializeValue(Object o, StringBuilder sb, Int32 depth, Hashtable objectsInUse, SerializationFormat serializationFormat, MemberInfo currentMember)
   at System.Web.Script.Serialization.JavaScriptSerializer.SerializeCustomObject(Object o, StringBuilder sb, Int32 depth, Hashtable objectsInUse, SerializationFormat serializationFormat)
   at System.Web.Script.Serialization.JavaScriptSerializer.SerializeValueInternal(Object o, StringBuilder sb, Int32 depth, Hashtable objectsInUse, SerializationFormat serializationFormat, MemberInfo currentMember)
   at System.Web.Script.Serialization.JavaScriptSerializer.SerializeValue(Object o, StringBuilder sb, Int32 depth, Hashtable objectsInUse, SerializationFormat serializationFormat, MemberInfo currentMember)
   at System.Web.Script.Serialization.JavaScriptSerializer.Serialize(Object obj, StringBuilder output, SerializationFormat serializationFormat)
   at System.Web.Script.Serialization.JavaScriptSerializer.Serialize(Object obj, SerializationFormat serializationFormat)
   at System.Web.Script.Serialization.JavaScriptSerializer.Serialize(Object obj)
   at ModernInfoTechInventory.Helpers.JSONHelper.ToJSON(Object obj) in c:\Users\Nazmul Chowdhury\Documents\Visual Studio 2013\Projects\ModernInfoTechInventory\ModernInfoTechInventory\Helpers\JSONHelper.cs:line 13
Error: The property 'SubCategoryId' is part of the object's key information and cannot be modified. 


2016-10-29 15:10:23.0330|INFO|ModernInfoTechInventory.Helpers.NLogger|JSON
Method: PUT
URL: http://localhost:1036/api/subcategory/00093570-tryu-49d2-9f63-8ba92335eb70
Authorization: Bearer _GrMshGIAhSZrTtG7wVi9W2SO30Q6H7qlLz4Bh0lghaAVRRn-Lo9wHL1FKRwo0D-OyFthyvkbH57Dnjk5e--MyoP88h7ew4G_UO6UxyuaS7ihP4thEEoZ6DVXR2UESrGQ8p0wHosi0aB9REpepMpRPevLauvwFBQVHu4L7wUvznolU6G-PsRIi6y-3YMmT9uGMYt4Z8FvXOusEaciPJf7sA1dxFndQdlh86OuR5LcDpr4akf__UXQEH1CbJuOQukbbQk9PLS-Qa2r3DeIGveOwwSmNGPTp5e2Cy_S9d8piEg4cYfQ4ksTDDujjDBF2kVDpmgt_Sqr-Kjihz8GFNeBvcvjz2B6IwhSKCePfFr2R6CAYkc30qSmVBuqBZT2Af_UZZFvkTcHkXXP9HYiNSgyGCSBOns4ZZ_lr1mv5GLwvA
Controller: ModernInfoTechInventory.Controllers.SubCategoryController
Action: PutSubCategory
Action Parameters: {"messageFormat":"JSON","messageArguments":[{"id":"00093570-tryu-49d2-9f63-8ba92335eb70","subCategoryEntity":{"SubCategoryId":null,"SubCategoryName":"Lee","CategoryId":"67893570-tryu-49d2-9f63-8ba92335eb70","Category":null}}]}

2016-10-29 15:10:41.3100|ERROR|ModernInfoTechInventory.Helpers.NLogger|Method: PUT
URL: http://localhost:1036/api/subcategory/00093570-tryu-49d2-9f63-8ba92335eb70
Authorization: Bearer _GrMshGIAhSZrTtG7wVi9W2SO30Q6H7qlLz4Bh0lghaAVRRn-Lo9wHL1FKRwo0D-OyFthyvkbH57Dnjk5e--MyoP88h7ew4G_UO6UxyuaS7ihP4thEEoZ6DVXR2UESrGQ8p0wHosi0aB9REpepMpRPevLauvwFBQVHu4L7wUvznolU6G-PsRIi6y-3YMmT9uGMYt4Z8FvXOusEaciPJf7sA1dxFndQdlh86OuR5LcDpr4akf__UXQEH1CbJuOQukbbQk9PLS-Qa2r3DeIGveOwwSmNGPTp5e2Cy_S9d8piEg4cYfQ4ksTDDujjDBF2kVDpmgt_Sqr-Kjihz8GFNeBvcvjz2B6IwhSKCePfFr2R6CAYkc30qSmVBuqBZT2Af_UZZFvkTcHkXXP9HYiNSgyGCSBOns4ZZ_lr1mv5GLwvA
Controller: ModernInfoTechInventory.Controllers.SubCategoryController
Action: PutSubCategory
Action Parameters: System.InvalidOperationException: A circular reference was detected while serializing an object of type 'System.Reflection.RuntimeModule'.
   at System.Web.Script.Serialization.JavaScriptSerializer.SerializeValueInternal(Object o, StringBuilder sb, Int32 depth, Hashtable objectsInUse, SerializationFormat serializationFormat, MemberInfo currentMember)
   at System.Web.Script.Serialization.JavaScriptSerializer.SerializeValue(Object o, StringBuilder sb, Int32 depth, Hashtable objectsInUse, SerializationFormat serializationFormat, MemberInfo currentMember)
   at System.Web.Script.Serialization.JavaScriptSerializer.SerializeCustomObject(Object o, StringBuilder sb, Int32 depth, Hashtable objectsInUse, SerializationFormat serializationFormat)
   at System.Web.Script.Serialization.JavaScriptSerializer.SerializeValueInternal(Object o, StringBuilder sb, Int32 depth, Hashtable objectsInUse, SerializationFormat serializationFormat, MemberInfo currentMember)
   at System.Web.Script.Serialization.JavaScriptSerializer.SerializeValue(Object o, StringBuilder sb, Int32 depth, Hashtable objectsInUse, SerializationFormat serializationFormat, MemberInfo currentMember)
   at System.Web.Script.Serialization.JavaScriptSerializer.SerializeEnumerable(IEnumerable enumerable, StringBuilder sb, Int32 depth, Hashtable objectsInUse, SerializationFormat serializationFormat)
   at System.Web.Script.Serialization.JavaScriptSerializer.SerializeValueInternal(Object o, StringBuilder sb, Int32 depth, Hashtable objectsInUse, SerializationFormat serializationFormat, MemberInfo currentMember)
   at System.Web.Script.Serialization.JavaScriptSerializer.SerializeValue(Object o, StringBuilder sb, Int32 depth, Hashtable objectsInUse, SerializationFormat serializationFormat, MemberInfo currentMember)
   at System.Web.Script.Serialization.JavaScriptSerializer.SerializeCustomObject(Object o, StringBuilder sb, Int32 depth, Hashtable objectsInUse, SerializationFormat serializationFormat)
   at System.Web.Script.Serialization.JavaScriptSerializer.SerializeValueInternal(Object o, StringBuilder sb, Int32 depth, Hashtable objectsInUse, SerializationFormat serializationFormat, MemberInfo currentMember)
   at System.Web.Script.Serialization.JavaScriptSerializer.SerializeValue(Object o, StringBuilder sb, Int32 depth, Hashtable objectsInUse, SerializationFormat serializationFormat, MemberInfo currentMember)
   at System.Web.Script.Serialization.JavaScriptSerializer.SerializeCustomObject(Object o, StringBuilder sb, Int32 depth, Hashtable objectsInUse, SerializationFormat serializationFormat)
   at System.Web.Script.Serialization.JavaScriptSerializer.SerializeValueInternal(Object o, StringBuilder sb, Int32 depth, Hashtable objectsInUse, SerializationFormat serializationFormat, MemberInfo currentMember)
   at System.Web.Script.Serialization.JavaScriptSerializer.SerializeValue(Object o, StringBuilder sb, Int32 depth, Hashtable objectsInUse, SerializationFormat serializationFormat, MemberInfo currentMember)
   at System.Web.Script.Serialization.JavaScriptSerializer.SerializeCustomObject(Object o, StringBuilder sb, Int32 depth, Hashtable objectsInUse, SerializationFormat serializationFormat)
   at System.Web.Script.Serialization.JavaScriptSerializer.SerializeValueInternal(Object o, StringBuilder sb, Int32 depth, Hashtable objectsInUse, SerializationFormat serializationFormat, MemberInfo currentMember)
   at System.Web.Script.Serialization.JavaScriptSerializer.SerializeValue(Object o, StringBuilder sb, Int32 depth, Hashtable objectsInUse, SerializationFormat serializationFormat, MemberInfo currentMember)
   at System.Web.Script.Serialization.JavaScriptSerializer.SerializeCustomObject(Object o, StringBuilder sb, Int32 depth, Hashtable objectsInUse, SerializationFormat serializationFormat)
   at System.Web.Script.Serialization.JavaScriptSerializer.SerializeValueInternal(Object o, StringBuilder sb, Int32 depth, Hashtable objectsInUse, SerializationFormat serializationFormat, MemberInfo currentMember)
   at System.Web.Script.Serialization.JavaScriptSerializer.SerializeValue(Object o, StringBuilder sb, Int32 depth, Hashtable objectsInUse, SerializationFormat serializationFormat, MemberInfo currentMember)
   at System.Web.Script.Serialization.JavaScriptSerializer.SerializeCustomObject(Object o, StringBuilder sb, Int32 depth, Hashtable objectsInUse, SerializationFormat serializationFormat)
   at System.Web.Script.Serialization.JavaScriptSerializer.SerializeValueInternal(Object o, StringBuilder sb, Int32 depth, Hashtable objectsInUse, SerializationFormat serializationFormat, MemberInfo currentMember)
   at System.Web.Script.Serialization.JavaScriptSerializer.SerializeValue(Object o, StringBuilder sb, Int32 depth, Hashtable objectsInUse, SerializationFormat serializationFormat, MemberInfo currentMember)
   at System.Web.Script.Serialization.JavaScriptSerializer.SerializeCustomObject(Object o, StringBuilder sb, Int32 depth, Hashtable objectsInUse, SerializationFormat serializationFormat)
   at System.Web.Script.Serialization.JavaScriptSerializer.SerializeValueInternal(Object o, StringBuilder sb, Int32 depth, Hashtable objectsInUse, SerializationFormat serializationFormat, MemberInfo currentMember)
   at System.Web.Script.Serialization.JavaScriptSerializer.SerializeValue(Object o, StringBuilder sb, Int32 depth, Hashtable objectsInUse, SerializationFormat serializationFormat, MemberInfo currentMember)
   at System.Web.Script.Serialization.JavaScriptSerializer.Serialize(Object obj, StringBuilder output, SerializationFormat serializationFormat)
   at System.Web.Script.Serialization.JavaScriptSerializer.Serialize(Object obj, SerializationFormat serializationFormat)
   at System.Web.Script.Serialization.JavaScriptSerializer.Serialize(Object obj)
   at ModernInfoTechInventory.Helpers.JSONHelper.ToJSON(Object obj) in c:\Users\Nazmul Chowdhury\Documents\Visual Studio 2013\Projects\ModernInfoTechInventory\ModernInfoTechInventory\Helpers\JSONHelper.cs:line 13
Error: The property 'SubCategoryId' is part of the object's key information and cannot be modified. 


2016-10-29 15:13:00.3303|INFO|ModernInfoTechInventory.Helpers.NLogger|JSON
Method: PUT
URL: http://localhost:1036/api/subcategory/00093570-tryu-49d2-9f63-8ba92335eb70
Authorization: Bearer _GrMshGIAhSZrTtG7wVi9W2SO30Q6H7qlLz4Bh0lghaAVRRn-Lo9wHL1FKRwo0D-OyFthyvkbH57Dnjk5e--MyoP88h7ew4G_UO6UxyuaS7ihP4thEEoZ6DVXR2UESrGQ8p0wHosi0aB9REpepMpRPevLauvwFBQVHu4L7wUvznolU6G-PsRIi6y-3YMmT9uGMYt4Z8FvXOusEaciPJf7sA1dxFndQdlh86OuR5LcDpr4akf__UXQEH1CbJuOQukbbQk9PLS-Qa2r3DeIGveOwwSmNGPTp5e2Cy_S9d8piEg4cYfQ4ksTDDujjDBF2kVDpmgt_Sqr-Kjihz8GFNeBvcvjz2B6IwhSKCePfFr2R6CAYkc30qSmVBuqBZT2Af_UZZFvkTcHkXXP9HYiNSgyGCSBOns4ZZ_lr1mv5GLwvA
Controller: ModernInfoTechInventory.Controllers.SubCategoryController
Action: PutSubCategory
Action Parameters: {"messageFormat":"JSON","messageArguments":[{"id":"00093570-tryu-49d2-9f63-8ba92335eb70","subCategoryEntity":{"SubCategoryId":null,"SubCategoryName":"Lee","CategoryId":"67893570-tryu-49d2-9f63-8ba92335eb70","Category":null}}]}

2016-10-29 15:13:22.1134|INFO|ModernInfoTechInventory.Helpers.NLogger|JSON
Method: PUT
URL: http://localhost:1036/api/subcategory/00093570-tryu-49d2-9f63-8ba92335eb77
Authorization: Bearer _GrMshGIAhSZrTtG7wVi9W2SO30Q6H7qlLz4Bh0lghaAVRRn-Lo9wHL1FKRwo0D-OyFthyvkbH57Dnjk5e--MyoP88h7ew4G_UO6UxyuaS7ihP4thEEoZ6DVXR2UESrGQ8p0wHosi0aB9REpepMpRPevLauvwFBQVHu4L7wUvznolU6G-PsRIi6y-3YMmT9uGMYt4Z8FvXOusEaciPJf7sA1dxFndQdlh86OuR5LcDpr4akf__UXQEH1CbJuOQukbbQk9PLS-Qa2r3DeIGveOwwSmNGPTp5e2Cy_S9d8piEg4cYfQ4ksTDDujjDBF2kVDpmgt_Sqr-Kjihz8GFNeBvcvjz2B6IwhSKCePfFr2R6CAYkc30qSmVBuqBZT2Af_UZZFvkTcHkXXP9HYiNSgyGCSBOns4ZZ_lr1mv5GLwvA
Controller: ModernInfoTechInventory.Controllers.SubCategoryController
Action: PutSubCategory
Action Parameters: {"messageFormat":"JSON","messageArguments":[{"id":"00093570-tryu-49d2-9f63-8ba92335eb77","subCategoryEntity":{"SubCategoryId":null,"SubCategoryName":"Lee","CategoryId":"67893570-tryu-49d2-9f63-8ba92335eb70","Category":null}}]}

2016-10-29 15:13:24.9904|INFO|ModernInfoTechInventory.Helpers.NLogger|JSON
Method: PUT
URL: http://localhost:1036/api/subcategory/00093570-tryu-49d2-9f63-8ba92335eb77
Authorization: Bearer _GrMshGIAhSZrTtG7wVi9W2SO30Q6H7qlLz4Bh0lghaAVRRn-Lo9wHL1FKRwo0D-OyFthyvkbH57Dnjk5e--MyoP88h7ew4G_UO6UxyuaS7ihP4thEEoZ6DVXR2UESrGQ8p0wHosi0aB9REpepMpRPevLauvwFBQVHu4L7wUvznolU6G-PsRIi6y-3YMmT9uGMYt4Z8FvXOusEaciPJf7sA1dxFndQdlh86OuR5LcDpr4akf__UXQEH1CbJuOQukbbQk9PLS-Qa2r3DeIGveOwwSmNGPTp5e2Cy_S9d8piEg4cYfQ4ksTDDujjDBF2kVDpmgt_Sqr-Kjihz8GFNeBvcvjz2B6IwhSKCePfFr2R6CAYkc30qSmVBuqBZT2Af_UZZFvkTcHkXXP9HYiNSgyGCSBOns4ZZ_lr1mv5GLwvA
Controller: ModernInfoTechInventory.Controllers.SubCategoryController
Action: PutSubCategory
Action Parameters: {"messageFormat":"JSON","messageArguments":[{"id":"00093570-tryu-49d2-9f63-8ba92335eb77","subCategoryEntity":{"SubCategoryId":null,"SubCategoryName":"Lee","CategoryId":"67893570-tryu-49d2-9f63-8ba92335eb70","Category":null}}]}

2016-10-29 15:13:33.6705|INFO|ModernInfoTechInventory.Helpers.NLogger|JSON
Method: PUT
URL: http://localhost:1036/api/subcategory/00093570-tryu-49d2-9f63-8ba92335eb70
Authorization: Bearer _GrMshGIAhSZrTtG7wVi9W2SO30Q6H7qlLz4Bh0lghaAVRRn-Lo9wHL1FKRwo0D-OyFthyvkbH57Dnjk5e--MyoP88h7ew4G_UO6UxyuaS7ihP4thEEoZ6DVXR2UESrGQ8p0wHosi0aB9REpepMpRPevLauvwFBQVHu4L7wUvznolU6G-PsRIi6y-3YMmT9uGMYt4Z8FvXOusEaciPJf7sA1dxFndQdlh86OuR5LcDpr4akf__UXQEH1CbJuOQukbbQk9PLS-Qa2r3DeIGveOwwSmNGPTp5e2Cy_S9d8piEg4cYfQ4ksTDDujjDBF2kVDpmgt_Sqr-Kjihz8GFNeBvcvjz2B6IwhSKCePfFr2R6CAYkc30qSmVBuqBZT2Af_UZZFvkTcHkXXP9HYiNSgyGCSBOns4ZZ_lr1mv5GLwvA
Controller: ModernInfoTechInventory.Controllers.SubCategoryController
Action: PutSubCategory
Action Parameters: {"messageFormat":"JSON","messageArguments":[{"id":"00093570-tryu-49d2-9f63-8ba92335eb70","subCategoryEntity":{"SubCategoryId":null,"SubCategoryName":"Lee","CategoryId":"67893570-tryu-49d2-9f63-8ba92335eb70","Category":null}}]}

2016-10-29 15:14:11.5354|INFO|ModernInfoTechInventory.Helpers.NLogger|JSON
Method: POST
URL: http://localhost:1036/api/subcategory
Authorization: Bearer _GrMshGIAhSZrTtG7wVi9W2SO30Q6H7qlLz4Bh0lghaAVRRn-Lo9wHL1FKRwo0D-OyFthyvkbH57Dnjk5e--MyoP88h7ew4G_UO6UxyuaS7ihP4thEEoZ6DVXR2UESrGQ8p0wHosi0aB9REpepMpRPevLauvwFBQVHu4L7wUvznolU6G-PsRIi6y-3YMmT9uGMYt4Z8FvXOusEaciPJf7sA1dxFndQdlh86OuR5LcDpr4akf__UXQEH1CbJuOQukbbQk9PLS-Qa2r3DeIGveOwwSmNGPTp5e2Cy_S9d8piEg4cYfQ4ksTDDujjDBF2kVDpmgt_Sqr-Kjihz8GFNeBvcvjz2B6IwhSKCePfFr2R6CAYkc30qSmVBuqBZT2Af_UZZFvkTcHkXXP9HYiNSgyGCSBOns4ZZ_lr1mv5GLwvA
Controller: ModernInfoTechInventory.Controllers.SubCategoryController
Action: PostSubCategory
Action Parameters: {"messageFormat":"JSON","messageArguments":[{"subCategoryEntity":{"SubCategoryId":"22293570-tryu-49d2-9f63-8ba92335eb70","SubCategoryName":"GAP","CategoryId":"67893570-tryu-49d2-9f63-8ba92335eb70","Category":null}}]}

2016-10-29 15:14:34.3858|INFO|ModernInfoTechInventory.Helpers.NLogger|JSON
Method: GET
URL: http://localhost:1036/api/subcategory
Authorization: Bearer _GrMshGIAhSZrTtG7wVi9W2SO30Q6H7qlLz4Bh0lghaAVRRn-Lo9wHL1FKRwo0D-OyFthyvkbH57Dnjk5e--MyoP88h7ew4G_UO6UxyuaS7ihP4thEEoZ6DVXR2UESrGQ8p0wHosi0aB9REpepMpRPevLauvwFBQVHu4L7wUvznolU6G-PsRIi6y-3YMmT9uGMYt4Z8FvXOusEaciPJf7sA1dxFndQdlh86OuR5LcDpr4akf__UXQEH1CbJuOQukbbQk9PLS-Qa2r3DeIGveOwwSmNGPTp5e2Cy_S9d8piEg4cYfQ4ksTDDujjDBF2kVDpmgt_Sqr-Kjihz8GFNeBvcvjz2B6IwhSKCePfFr2R6CAYkc30qSmVBuqBZT2Af_UZZFvkTcHkXXP9HYiNSgyGCSBOns4ZZ_lr1mv5GLwvA
Controller: ModernInfoTechInventory.Controllers.SubCategoryController
Action: GetAllSubCategories
Action Parameters: {"messageFormat":"JSON","messageArguments":[{}]}

2016-10-29 15:14:41.9127|INFO|ModernInfoTechInventory.Helpers.NLogger|JSON
Method: GET
URL: http://localhost:1036/api/subcategory
Authorization: Bearer _GrMshGIAhSZrTtG7wVi9W2SO30Q6H7qlLz4Bh0lghaAVRRn-Lo9wHL1FKRwo0D-OyFthyvkbH57Dnjk5e--MyoP88h7ew4G_UO6UxyuaS7ihP4thEEoZ6DVXR2UESrGQ8p0wHosi0aB9REpepMpRPevLauvwFBQVHu4L7wUvznolU6G-PsRIi6y-3YMmT9uGMYt4Z8FvXOusEaciPJf7sA1dxFndQdlh86OuR5LcDpr4akf__UXQEH1CbJuOQukbbQk9PLS-Qa2r3DeIGveOwwSmNGPTp5e2Cy_S9d8piEg4cYfQ4ksTDDujjDBF2kVDpmgt_Sqr-Kjihz8GFNeBvcvjz2B6IwhSKCePfFr2R6CAYkc30qSmVBuqBZT2Af_UZZFvkTcHkXXP9HYiNSgyGCSBOns4ZZ_lr1mv5GLwvA
Controller: ModernInfoTechInventory.Controllers.SubCategoryController
Action: GetAllSubCategories
Action Parameters: {"messageFormat":"JSON","messageArguments":[{}]}

2016-10-29 15:14:54.1453|INFO|ModernInfoTechInventory.Helpers.NLogger|JSON
Method: GET
URL: http://localhost:1036/api/subcategory/00093570-tryu-49d2-9f63-8ba92335eb77
Authorization: Bearer _GrMshGIAhSZrTtG7wVi9W2SO30Q6H7qlLz4Bh0lghaAVRRn-Lo9wHL1FKRwo0D-OyFthyvkbH57Dnjk5e--MyoP88h7ew4G_UO6UxyuaS7ihP4thEEoZ6DVXR2UESrGQ8p0wHosi0aB9REpepMpRPevLauvwFBQVHu4L7wUvznolU6G-PsRIi6y-3YMmT9uGMYt4Z8FvXOusEaciPJf7sA1dxFndQdlh86OuR5LcDpr4akf__UXQEH1CbJuOQukbbQk9PLS-Qa2r3DeIGveOwwSmNGPTp5e2Cy_S9d8piEg4cYfQ4ksTDDujjDBF2kVDpmgt_Sqr-Kjihz8GFNeBvcvjz2B6IwhSKCePfFr2R6CAYkc30qSmVBuqBZT2Af_UZZFvkTcHkXXP9HYiNSgyGCSBOns4ZZ_lr1mv5GLwvA
Controller: ModernInfoTechInventory.Controllers.SubCategoryController
Action: GetSubCategory
Action Parameters: {"messageFormat":"JSON","messageArguments":[{"id":"00093570-tryu-49d2-9f63-8ba92335eb77"}]}

2016-10-29 15:15:00.6384|ERROR|ModernInfoTechInventory.Helpers.NLogger|Method: GET
URL: http://localhost:1036/api/subcategory/00093570-tryu-49d2-9f63-8ba92335eb77
Authorization: Bearer _GrMshGIAhSZrTtG7wVi9W2SO30Q6H7qlLz4Bh0lghaAVRRn-Lo9wHL1FKRwo0D-OyFthyvkbH57Dnjk5e--MyoP88h7ew4G_UO6UxyuaS7ihP4thEEoZ6DVXR2UESrGQ8p0wHosi0aB9REpepMpRPevLauvwFBQVHu4L7wUvznolU6G-PsRIi6y-3YMmT9uGMYt4Z8FvXOusEaciPJf7sA1dxFndQdlh86OuR5LcDpr4akf__UXQEH1CbJuOQukbbQk9PLS-Qa2r3DeIGveOwwSmNGPTp5e2Cy_S9d8piEg4cYfQ4ksTDDujjDBF2kVDpmgt_Sqr-Kjihz8GFNeBvcvjz2B6IwhSKCePfFr2R6CAYkc30qSmVBuqBZT2Af_UZZFvkTcHkXXP9HYiNSgyGCSBOns4ZZ_lr1mv5GLwvA
Controller: ModernInfoTechInventory.Controllers.SubCategoryController
Action: GetSubCategory
Action Parameters: System.InvalidOperationException: A circular reference was detected while serializing an object of type 'System.Reflection.RuntimeModule'.
   at System.Web.Script.Serialization.JavaScriptSerializer.SerializeValueInternal(Object o, StringBuilder sb, Int32 depth, Hashtable objectsInUse, SerializationFormat serializationFormat, MemberInfo currentMember)
   at System.Web.Script.Serialization.JavaScriptSerializer.SerializeValue(Object o, StringBuilder sb, Int32 depth, Hashtable objectsInUse, SerializationFormat serializationFormat, MemberInfo currentMember)
   at System.Web.Script.Serialization.JavaScriptSerializer.SerializeCustomObject(Object o, StringBuilder sb, Int32 depth, Hashtable objectsInUse, SerializationFormat serializationFormat)
   at System.Web.Script.Serialization.JavaScriptSerializer.SerializeValueInternal(Object o, StringBuilder sb, Int32 depth, Hashtable objectsInUse, SerializationFormat serializationFormat, MemberInfo currentMember)
   at System.Web.Script.Serialization.JavaScriptSerializer.SerializeValue(Object o, StringBuilder sb, Int32 depth, Hashtable objectsInUse, SerializationFormat serializationFormat, MemberInfo currentMember)
   at System.Web.Script.Serialization.JavaScriptSerializer.SerializeEnumerable(IEnumerable enumerable, StringBuilder sb, Int32 depth, Hashtable objectsInUse, SerializationFormat serializationFormat)
   at System.Web.Script.Serialization.JavaScriptSerializer.SerializeValueInternal(Object o, StringBuilder sb, Int32 depth, Hashtable objectsInUse, SerializationFormat serializationFormat, MemberInfo currentMember)
   at System.Web.Script.Serialization.JavaScriptSerializer.SerializeValue(Object o, StringBuilder sb, Int32 depth, Hashtable objectsInUse, SerializationFormat serializationFormat, MemberInfo currentMember)
   at System.Web.Script.Serialization.JavaScriptSerializer.SerializeCustomObject(Object o, StringBuilder sb, Int32 depth, Hashtable objectsInUse, SerializationFormat serializationFormat)
   at System.Web.Script.Serialization.JavaScriptSerializer.SerializeValueInternal(Object o, StringBuilder sb, Int32 depth, Hashtable objectsInUse, SerializationFormat serializationFormat, MemberInfo currentMember)
   at System.Web.Script.Serialization.JavaScriptSerializer.SerializeValue(Object o, StringBuilder sb, Int32 depth, Hashtable objectsInUse, SerializationFormat serializationFormat, MemberInfo currentMember)
   at System.Web.Script.Serialization.JavaScriptSerializer.SerializeCustomObject(Object o, StringBuilder sb, Int32 depth, Hashtable objectsInUse, SerializationFormat serializationFormat)
   at System.Web.Script.Serialization.JavaScriptSerializer.SerializeValueInternal(Object o, StringBuilder sb, Int32 depth, Hashtable objectsInUse, SerializationFormat serializationFormat, MemberInfo currentMember)
   at System.Web.Script.Serialization.JavaScriptSerializer.SerializeValue(Object o, StringBuilder sb, Int32 depth, Hashtable objectsInUse, SerializationFormat serializationFormat, MemberInfo currentMember)
   at System.Web.Script.Serialization.JavaScriptSerializer.SerializeCustomObject(Object o, StringBuilder sb, Int32 depth, Hashtable objectsInUse, SerializationFormat serializationFormat)
   at System.Web.Script.Serialization.JavaScriptSerializer.SerializeValueInternal(Object o, StringBuilder sb, Int32 depth, Hashtable objectsInUse, SerializationFormat serializationFormat, MemberInfo currentMember)
   at System.Web.Script.Serialization.JavaScriptSerializer.SerializeValue(Object o, StringBuilder sb, Int32 depth, Hashtable objectsInUse, SerializationFormat serializationFormat, MemberInfo currentMember)
   at System.Web.Script.Serialization.JavaScriptSerializer.SerializeCustomObject(Object o, StringBuilder sb, Int32 depth, Hashtable objectsInUse, SerializationFormat serializationFormat)
   at System.Web.Script.Serialization.JavaScriptSerializer.SerializeValueInternal(Object o, StringBuilder sb, Int32 depth, Hashtable objectsInUse, SerializationFormat serializationFormat, MemberInfo currentMember)
   at System.Web.Script.Serialization.JavaScriptSerializer.SerializeValue(Object o, StringBuilder sb, Int32 depth, Hashtable objectsInUse, SerializationFormat serializationFormat, MemberInfo currentMember)
   at System.Web.Script.Serialization.JavaScriptSerializer.SerializeCustomObject(Object o, StringBuilder sb, Int32 depth, Hashtable objectsInUse, SerializationFormat serializationFormat)
   at System.Web.Script.Serialization.JavaScriptSerializer.SerializeValueInternal(Object o, StringBuilder sb, Int32 depth, Hashtable objectsInUse, SerializationFormat serializationFormat, MemberInfo currentMember)
   at System.Web.Script.Serialization.JavaScriptSerializer.SerializeValue(Object o, StringBuilder sb, Int32 depth, Hashtable objectsInUse, SerializationFormat serializationFormat, MemberInfo currentMember)
   at System.Web.Script.Serialization.JavaScriptSerializer.SerializeCustomObject(Object o, StringBuilder sb, Int32 depth, Hashtable objectsInUse, SerializationFormat serializationFormat)
   at System.Web.Script.Serialization.JavaScriptSerializer.SerializeValueInternal(Object o, StringBuilder sb, Int32 depth, Hashtable objectsInUse, SerializationFormat serializationFormat, MemberInfo currentMember)
   at System.Web.Script.Serialization.JavaScriptSerializer.SerializeValue(Object o, StringBuilder sb, Int32 depth, Hashtable objectsInUse, SerializationFormat serializationFormat, MemberInfo currentMember)
   at System.Web.Script.Serialization.JavaScriptSerializer.Serialize(Object obj, StringBuilder output, SerializationFormat serializationFormat)
   at System.Web.Script.Serialization.JavaScriptSerializer.Serialize(Object obj, SerializationFormat serializationFormat)
   at System.Web.Script.Serialization.JavaScriptSerializer.Serialize(Object obj)
   at ModernInfoTechInventory.Helpers.JSONHelper.ToJSON(Object obj) in c:\Users\Nazmul Chowdhury\Documents\Visual Studio 2013\Projects\ModernInfoTechInventory\ModernInfoTechInventory\Helpers\JSONHelper.cs:line 13
Error: No SubCategory found for this 00093570-tryu-49d2-9f63-8ba92335eb77
Error Code: 1001


2016-10-29 15:15:30.4141|INFO|ModernInfoTechInventory.Helpers.NLogger|JSON
Method: DELETE
URL: http://localhost:1036/api/subcategory/00093570-tryu-49d2-9f63-8ba92335eb77
Authorization: Bearer _GrMshGIAhSZrTtG7wVi9W2SO30Q6H7qlLz4Bh0lghaAVRRn-Lo9wHL1FKRwo0D-OyFthyvkbH57Dnjk5e--MyoP88h7ew4G_UO6UxyuaS7ihP4thEEoZ6DVXR2UESrGQ8p0wHosi0aB9REpepMpRPevLauvwFBQVHu4L7wUvznolU6G-PsRIi6y-3YMmT9uGMYt4Z8FvXOusEaciPJf7sA1dxFndQdlh86OuR5LcDpr4akf__UXQEH1CbJuOQukbbQk9PLS-Qa2r3DeIGveOwwSmNGPTp5e2Cy_S9d8piEg4cYfQ4ksTDDujjDBF2kVDpmgt_Sqr-Kjihz8GFNeBvcvjz2B6IwhSKCePfFr2R6CAYkc30qSmVBuqBZT2Af_UZZFvkTcHkXXP9HYiNSgyGCSBOns4ZZ_lr1mv5GLwvA
Controller: ModernInfoTechInventory.Controllers.SubCategoryController
Action: DeleteSubCategory
Action Parameters: {"messageFormat":"JSON","messageArguments":[{"id":"00093570-tryu-49d2-9f63-8ba92335eb77"}]}

2016-10-29 15:15:34.6446|ERROR|ModernInfoTechInventory.Helpers.NLogger|Method: DELETE
URL: http://localhost:1036/api/subcategory/00093570-tryu-49d2-9f63-8ba92335eb77
Authorization: Bearer _GrMshGIAhSZrTtG7wVi9W2SO30Q6H7qlLz4Bh0lghaAVRRn-Lo9wHL1FKRwo0D-OyFthyvkbH57Dnjk5e--MyoP88h7ew4G_UO6UxyuaS7ihP4thEEoZ6DVXR2UESrGQ8p0wHosi0aB9REpepMpRPevLauvwFBQVHu4L7wUvznolU6G-PsRIi6y-3YMmT9uGMYt4Z8FvXOusEaciPJf7sA1dxFndQdlh86OuR5LcDpr4akf__UXQEH1CbJuOQukbbQk9PLS-Qa2r3DeIGveOwwSmNGPTp5e2Cy_S9d8piEg4cYfQ4ksTDDujjDBF2kVDpmgt_Sqr-Kjihz8GFNeBvcvjz2B6IwhSKCePfFr2R6CAYkc30qSmVBuqBZT2Af_UZZFvkTcHkXXP9HYiNSgyGCSBOns4ZZ_lr1mv5GLwvA
Controller: ModernInfoTechInventory.Controllers.SubCategoryController
Action: DeleteSubCategory
Action Parameters: System.InvalidOperationException: A circular reference was detected while serializing an object of type 'System.Reflection.RuntimeModule'.
   at System.Web.Script.Serialization.JavaScriptSerializer.SerializeValueInternal(Object o, StringBuilder sb, Int32 depth, Hashtable objectsInUse, SerializationFormat serializationFormat, MemberInfo currentMember)
   at System.Web.Script.Serialization.JavaScriptSerializer.SerializeValue(Object o, StringBuilder sb, Int32 depth, Hashtable objectsInUse, SerializationFormat serializationFormat, MemberInfo currentMember)
   at System.Web.Script.Serialization.JavaScriptSerializer.SerializeCustomObject(Object o, StringBuilder sb, Int32 depth, Hashtable objectsInUse, SerializationFormat serializationFormat)
   at System.Web.Script.Serialization.JavaScriptSerializer.SerializeValueInternal(Object o, StringBuilder sb, Int32 depth, Hashtable objectsInUse, SerializationFormat serializationFormat, MemberInfo currentMember)
   at System.Web.Script.Serialization.JavaScriptSerializer.SerializeValue(Object o, StringBuilder sb, Int32 depth, Hashtable objectsInUse, SerializationFormat serializationFormat, MemberInfo currentMember)
   at System.Web.Script.Serialization.JavaScriptSerializer.SerializeEnumerable(IEnumerable enumerable, StringBuilder sb, Int32 depth, Hashtable objectsInUse, SerializationFormat serializationFormat)
   at System.Web.Script.Serialization.JavaScriptSerializer.SerializeValueInternal(Object o, StringBuilder sb, Int32 depth, Hashtable objectsInUse, SerializationFormat serializationFormat, MemberInfo currentMember)
   at System.Web.Script.Serialization.JavaScriptSerializer.SerializeValue(Object o, StringBuilder sb, Int32 depth, Hashtable objectsInUse, SerializationFormat serializationFormat, MemberInfo currentMember)
   at System.Web.Script.Serialization.JavaScriptSerializer.SerializeCustomObject(Object o, StringBuilder sb, Int32 depth, Hashtable objectsInUse, SerializationFormat serializationFormat)
   at System.Web.Script.Serialization.JavaScriptSerializer.SerializeValueInternal(Object o, StringBuilder sb, Int32 depth, Hashtable objectsInUse, SerializationFormat serializationFormat, MemberInfo currentMember)
   at System.Web.Script.Serialization.JavaScriptSerializer.SerializeValue(Object o, StringBuilder sb, Int32 depth, Hashtable objectsInUse, SerializationFormat serializationFormat, MemberInfo currentMember)
   at System.Web.Script.Serialization.JavaScriptSerializer.SerializeCustomObject(Object o, StringBuilder sb, Int32 depth, Hashtable objectsInUse, SerializationFormat serializationFormat)
   at System.Web.Script.Serialization.JavaScriptSerializer.SerializeValueInternal(Object o, StringBuilder sb, Int32 depth, Hashtable objectsInUse, SerializationFormat serializationFormat, MemberInfo currentMember)
   at System.Web.Script.Serialization.JavaScriptSerializer.SerializeValue(Object o, StringBuilder sb, Int32 depth, Hashtable objectsInUse, SerializationFormat serializationFormat, MemberInfo currentMember)
   at System.Web.Script.Serialization.JavaScriptSerializer.SerializeCustomObject(Object o, StringBuilder sb, Int32 depth, Hashtable objectsInUse, SerializationFormat serializationFormat)
   at System.Web.Script.Serialization.JavaScriptSerializer.SerializeValueInternal(Object o, StringBuilder sb, Int32 depth, Hashtable objectsInUse, SerializationFormat serializationFormat, MemberInfo currentMember)
   at System.Web.Script.Serialization.JavaScriptSerializer.SerializeValue(Object o, StringBuilder sb, Int32 depth, Hashtable objectsInUse, SerializationFormat serializationFormat, MemberInfo currentMember)
   at System.Web.Script.Serialization.JavaScriptSerializer.SerializeCustomObject(Object o, StringBuilder sb, Int32 depth, Hashtable objectsInUse, SerializationFormat serializationFormat)
   at System.Web.Script.Serialization.JavaScriptSerializer.SerializeValueInternal(Object o, StringBuilder sb, Int32 depth, Hashtable objectsInUse, SerializationFormat serializationFormat, MemberInfo currentMember)
   at System.Web.Script.Serialization.JavaScriptSerializer.SerializeValue(Object o, StringBuilder sb, Int32 depth, Hashtable objectsInUse, SerializationFormat serializationFormat, MemberInfo currentMember)
   at System.Web.Script.Serialization.JavaScriptSerializer.SerializeCustomObject(Object o, StringBuilder sb, Int32 depth, Hashtable objectsInUse, SerializationFormat serializationFormat)
   at System.Web.Script.Serialization.JavaScriptSerializer.SerializeValueInternal(Object o, StringBuilder sb, Int32 depth, Hashtable objectsInUse, SerializationFormat serializationFormat, MemberInfo currentMember)
   at System.Web.Script.Serialization.JavaScriptSerializer.SerializeValue(Object o, StringBuilder sb, Int32 depth, Hashtable objectsInUse, SerializationFormat serializationFormat, MemberInfo currentMember)
   at System.Web.Script.Serialization.JavaScriptSerializer.SerializeCustomObject(Object o, StringBuilder sb, Int32 depth, Hashtable objectsInUse, SerializationFormat serializationFormat)
   at System.Web.Script.Serialization.JavaScriptSerializer.SerializeValueInternal(Object o, StringBuilder sb, Int32 depth, Hashtable objectsInUse, SerializationFormat serializationFormat, MemberInfo currentMember)
   at System.Web.Script.Serialization.JavaScriptSerializer.SerializeValue(Object o, StringBuilder sb, Int32 depth, Hashtable objectsInUse, SerializationFormat serializationFormat, MemberInfo currentMember)
   at System.Web.Script.Serialization.JavaScriptSerializer.Serialize(Object obj, StringBuilder output, SerializationFormat serializationFormat)
   at System.Web.Script.Serialization.JavaScriptSerializer.Serialize(Object obj, SerializationFormat serializationFormat)
   at System.Web.Script.Serialization.JavaScriptSerializer.Serialize(Object obj)
   at ModernInfoTechInventory.Helpers.JSONHelper.ToJSON(Object obj) in c:\Users\Nazmul Chowdhury\Documents\Visual Studio 2013\Projects\ModernInfoTechInventory\ModernInfoTechInventory\Helpers\JSONHelper.cs:line 13
Error: SubCategory is already deleted or not exist in system.
Error Code: 1002


2016-10-29 15:15:52.9288|INFO|ModernInfoTechInventory.Helpers.NLogger|JSON
Method: GET
URL: http://localhost:1036/api/subcategory
Authorization: Bearer _GrMshGIAhSZrTtG7wVi9W2SO30Q6H7qlLz4Bh0lghaAVRRn-Lo9wHL1FKRwo0D-OyFthyvkbH57Dnjk5e--MyoP88h7ew4G_UO6UxyuaS7ihP4thEEoZ6DVXR2UESrGQ8p0wHosi0aB9REpepMpRPevLauvwFBQVHu4L7wUvznolU6G-PsRIi6y-3YMmT9uGMYt4Z8FvXOusEaciPJf7sA1dxFndQdlh86OuR5LcDpr4akf__UXQEH1CbJuOQukbbQk9PLS-Qa2r3DeIGveOwwSmNGPTp5e2Cy_S9d8piEg4cYfQ4ksTDDujjDBF2kVDpmgt_Sqr-Kjihz8GFNeBvcvjz2B6IwhSKCePfFr2R6CAYkc30qSmVBuqBZT2Af_UZZFvkTcHkXXP9HYiNSgyGCSBOns4ZZ_lr1mv5GLwvA
Controller: ModernInfoTechInventory.Controllers.SubCategoryController
Action: GetAllSubCategories
Action Parameters: {"messageFormat":"JSON","messageArguments":[{}]}

2016-10-29 15:16:15.5515|INFO|ModernInfoTechInventory.Helpers.NLogger|JSON
Method: GET
URL: http://localhost:1036/api/subcategory/22293570-tryu-49d2-9f63-8ba92335eb70
Authorization: Bearer _GrMshGIAhSZrTtG7wVi9W2SO30Q6H7qlLz4Bh0lghaAVRRn-Lo9wHL1FKRwo0D-OyFthyvkbH57Dnjk5e--MyoP88h7ew4G_UO6UxyuaS7ihP4thEEoZ6DVXR2UESrGQ8p0wHosi0aB9REpepMpRPevLauvwFBQVHu4L7wUvznolU6G-PsRIi6y-3YMmT9uGMYt4Z8FvXOusEaciPJf7sA1dxFndQdlh86OuR5LcDpr4akf__UXQEH1CbJuOQukbbQk9PLS-Qa2r3DeIGveOwwSmNGPTp5e2Cy_S9d8piEg4cYfQ4ksTDDujjDBF2kVDpmgt_Sqr-Kjihz8GFNeBvcvjz2B6IwhSKCePfFr2R6CAYkc30qSmVBuqBZT2Af_UZZFvkTcHkXXP9HYiNSgyGCSBOns4ZZ_lr1mv5GLwvA
Controller: ModernInfoTechInventory.Controllers.SubCategoryController
Action: GetSubCategory
Action Parameters: {"messageFormat":"JSON","messageArguments":[{"id":"22293570-tryu-49d2-9f63-8ba92335eb70"}]}

2016-10-29 15:16:27.8935|INFO|ModernInfoTechInventory.Helpers.NLogger|JSON
Method: DELETE
URL: http://localhost:1036/api/subcategory/22293570-tryu-49d2-9f63-8ba92335eb70
Authorization: Bearer _GrMshGIAhSZrTtG7wVi9W2SO30Q6H7qlLz4Bh0lghaAVRRn-Lo9wHL1FKRwo0D-OyFthyvkbH57Dnjk5e--MyoP88h7ew4G_UO6UxyuaS7ihP4thEEoZ6DVXR2UESrGQ8p0wHosi0aB9REpepMpRPevLauvwFBQVHu4L7wUvznolU6G-PsRIi6y-3YMmT9uGMYt4Z8FvXOusEaciPJf7sA1dxFndQdlh86OuR5LcDpr4akf__UXQEH1CbJuOQukbbQk9PLS-Qa2r3DeIGveOwwSmNGPTp5e2Cy_S9d8piEg4cYfQ4ksTDDujjDBF2kVDpmgt_Sqr-Kjihz8GFNeBvcvjz2B6IwhSKCePfFr2R6CAYkc30qSmVBuqBZT2Af_UZZFvkTcHkXXP9HYiNSgyGCSBOns4ZZ_lr1mv5GLwvA
Controller: ModernInfoTechInventory.Controllers.SubCategoryController
Action: DeleteSubCategory
Action Parameters: {"messageFormat":"JSON","messageArguments":[{"id":"22293570-tryu-49d2-9f63-8ba92335eb70"}]}

2016-10-29 15:16:54.0914|INFO|ModernInfoTechInventory.Helpers.NLogger|JSON
Method: POST
URL: http://localhost:1036/api/subcategory
Authorization: Bearer _GrMshGIAhSZrTtG7wVi9W2SO30Q6H7qlLz4Bh0lghaAVRRn-Lo9wHL1FKRwo0D-OyFthyvkbH57Dnjk5e--MyoP88h7ew4G_UO6UxyuaS7ihP4thEEoZ6DVXR2UESrGQ8p0wHosi0aB9REpepMpRPevLauvwFBQVHu4L7wUvznolU6G-PsRIi6y-3YMmT9uGMYt4Z8FvXOusEaciPJf7sA1dxFndQdlh86OuR5LcDpr4akf__UXQEH1CbJuOQukbbQk9PLS-Qa2r3DeIGveOwwSmNGPTp5e2Cy_S9d8piEg4cYfQ4ksTDDujjDBF2kVDpmgt_Sqr-Kjihz8GFNeBvcvjz2B6IwhSKCePfFr2R6CAYkc30qSmVBuqBZT2Af_UZZFvkTcHkXXP9HYiNSgyGCSBOns4ZZ_lr1mv5GLwvA
Controller: ModernInfoTechInventory.Controllers.SubCategoryController
Action: PostSubCategory
Action Parameters: {"messageFormat":"JSON","messageArguments":[{"subCategoryEntity":{"SubCategoryId":"22293570-tryu-49d2-9f63-8ba92335eb70","SubCategoryName":"GAP","CategoryId":"67893570-tryu-49d2-9f63-8ba92335eb70","Category":null}}]}

2016-10-29 15:16:59.0191|INFO|ModernInfoTechInventory.Helpers.NLogger|JSON
Method: GET
URL: http://localhost:1036/api/subcategory
Authorization: Bearer _GrMshGIAhSZrTtG7wVi9W2SO30Q6H7qlLz4Bh0lghaAVRRn-Lo9wHL1FKRwo0D-OyFthyvkbH57Dnjk5e--MyoP88h7ew4G_UO6UxyuaS7ihP4thEEoZ6DVXR2UESrGQ8p0wHosi0aB9REpepMpRPevLauvwFBQVHu4L7wUvznolU6G-PsRIi6y-3YMmT9uGMYt4Z8FvXOusEaciPJf7sA1dxFndQdlh86OuR5LcDpr4akf__UXQEH1CbJuOQukbbQk9PLS-Qa2r3DeIGveOwwSmNGPTp5e2Cy_S9d8piEg4cYfQ4ksTDDujjDBF2kVDpmgt_Sqr-Kjihz8GFNeBvcvjz2B6IwhSKCePfFr2R6CAYkc30qSmVBuqBZT2Af_UZZFvkTcHkXXP9HYiNSgyGCSBOns4ZZ_lr1mv5GLwvA
Controller: ModernInfoTechInventory.Controllers.SubCategoryController
Action: GetAllSubCategories
Action Parameters: {"messageFormat":"JSON","messageArguments":[{}]}

2016-10-29 15:17:04.0763|INFO|ModernInfoTechInventory.Helpers.NLogger|JSON
Method: DELETE
URL: http://localhost:1036/api/subcategory/22293570-tryu-49d2-9f63-8ba92335eb70
Authorization: Bearer _GrMshGIAhSZrTtG7wVi9W2SO30Q6H7qlLz4Bh0lghaAVRRn-Lo9wHL1FKRwo0D-OyFthyvkbH57Dnjk5e--MyoP88h7ew4G_UO6UxyuaS7ihP4thEEoZ6DVXR2UESrGQ8p0wHosi0aB9REpepMpRPevLauvwFBQVHu4L7wUvznolU6G-PsRIi6y-3YMmT9uGMYt4Z8FvXOusEaciPJf7sA1dxFndQdlh86OuR5LcDpr4akf__UXQEH1CbJuOQukbbQk9PLS-Qa2r3DeIGveOwwSmNGPTp5e2Cy_S9d8piEg4cYfQ4ksTDDujjDBF2kVDpmgt_Sqr-Kjihz8GFNeBvcvjz2B6IwhSKCePfFr2R6CAYkc30qSmVBuqBZT2Af_UZZFvkTcHkXXP9HYiNSgyGCSBOns4ZZ_lr1mv5GLwvA
Controller: ModernInfoTechInventory.Controllers.SubCategoryController
Action: DeleteSubCategory
Action Parameters: {"messageFormat":"JSON","messageArguments":[{"id":"22293570-tryu-49d2-9f63-8ba92335eb70"}]}

2016-10-29 15:17:10.5918|INFO|ModernInfoTechInventory.Helpers.NLogger|JSON
Method: POST
URL: http://localhost:1036/api/subcategory
Authorization: Bearer _GrMshGIAhSZrTtG7wVi9W2SO30Q6H7qlLz4Bh0lghaAVRRn-Lo9wHL1FKRwo0D-OyFthyvkbH57Dnjk5e--MyoP88h7ew4G_UO6UxyuaS7ihP4thEEoZ6DVXR2UESrGQ8p0wHosi0aB9REpepMpRPevLauvwFBQVHu4L7wUvznolU6G-PsRIi6y-3YMmT9uGMYt4Z8FvXOusEaciPJf7sA1dxFndQdlh86OuR5LcDpr4akf__UXQEH1CbJuOQukbbQk9PLS-Qa2r3DeIGveOwwSmNGPTp5e2Cy_S9d8piEg4cYfQ4ksTDDujjDBF2kVDpmgt_Sqr-Kjihz8GFNeBvcvjz2B6IwhSKCePfFr2R6CAYkc30qSmVBuqBZT2Af_UZZFvkTcHkXXP9HYiNSgyGCSBOns4ZZ_lr1mv5GLwvA
Controller: ModernInfoTechInventory.Controllers.SubCategoryController
Action: PostSubCategory
Action Parameters: {"messageFormat":"JSON","messageArguments":[{"subCategoryEntity":{"SubCategoryId":"22293570-tryu-49d2-9f63-8ba92335eb70","SubCategoryName":"GAP","CategoryId":"67893570-tryu-49d2-9f63-8ba92335eb70","Category":null}}]}

2016-10-29 15:17:58.4947|INFO|ModernInfoTechInventory.Helpers.NLogger|JSON
Method: GET
URL: http://localhost:1036/api/Account/ManageInfo?returnUrl=%2F&generateState=true&_=1477732373776
Authorization: Bearer gkCrp9WxMBasRerPgH_Q1Q15odgX01jAVNhU1YYZOxLU-Gz-GBlg8eIZowv-xKvwgDm1PqsAx1Dydlyu1Acu_tuA0hreEhKJnx6_7GbzT87gw9yUxGpSWlZ9Lei0HvPh1NB9Vp9iV62QW3-mBWHRudr-wci5f4K5SgWq6kQYXd_ATM7U6wrcs8riiCjS2uqds1SfxwwGTiOmvorrvmFmPVcbDcyXc74yV_0WBrRbti0qrIeYpx4pkIXwwfmb_emnt-m3kwC17T7kYSB9xSDs34yVbpWhOjv_BUyNqbrp5DaWcJOKcYc4VxSh0SCsrY9vsoNdr9zsTbH6p8LY_3M0Er7OP_IiYDXBFex1JCPh065LQ8PTw2NrVYMDzuJ_pN8-Iv5YpBgrxjhJWDZkkmj-PekflxcHsLBuDAnIZINsqXo
Controller: ModernInfoTechInventory.Controllers.AccountController
Action: GetManageInfo
Action Parameters: {"messageFormat":"JSON","messageArguments":[{"returnUrl":"/","generateState":true}]}

2016-10-29 15:18:01.1001|INFO|ModernInfoTechInventory.Helpers.NLogger|JSON
Method: GET
URL: http://localhost:1036/api/companyinfo
Authorization: Bearer gkCrp9WxMBasRerPgH_Q1Q15odgX01jAVNhU1YYZOxLU-Gz-GBlg8eIZowv-xKvwgDm1PqsAx1Dydlyu1Acu_tuA0hreEhKJnx6_7GbzT87gw9yUxGpSWlZ9Lei0HvPh1NB9Vp9iV62QW3-mBWHRudr-wci5f4K5SgWq6kQYXd_ATM7U6wrcs8riiCjS2uqds1SfxwwGTiOmvorrvmFmPVcbDcyXc74yV_0WBrRbti0qrIeYpx4pkIXwwfmb_emnt-m3kwC17T7kYSB9xSDs34yVbpWhOjv_BUyNqbrp5DaWcJOKcYc4VxSh0SCsrY9vsoNdr9zsTbH6p8LY_3M0Er7OP_IiYDXBFex1JCPh065LQ8PTw2NrVYMDzuJ_pN8-Iv5YpBgrxjhJWDZkkmj-PekflxcHsLBuDAnIZINsqXo
Controller: ModernInfoTechInventory.Controllers.CompanyInfoController
Action: GetAllCompanies
Action Parameters: {"messageFormat":"JSON","messageArguments":[{}]}

