2016-10-26 15:11:28.1178|INFO|ModernInfoTechInventory.Helpers.NLogger|JSON
Method: GET
URL: http://localhost:1036/api/Account/ManageInfo?returnUrl=%2F&generateState=true&_=1477473070058
Authorization: Bearer Ar6U0h1h6VkcLzwiYGTUiMMshUuf9XpM1WdWbBr0EdcKbRUbi0z9v3VPkLBxjwj82aUo-wHiqKS7rlWIcaR2tXs-CW3c3CwHTwefVAvRZdC1ZZE7tTw1Cx9_sFzIOP74gXu-qEecsBgtHb4e59tE_AAfEUHh2SrRQcIO2h1ohXLarK1hHo89buwMnloNlWUHKR3ui-wSWNDcCjcb88FNGSPXC9Xl-4fJXQE1E7-4D7hY5t5Nyf2ae3i3h7V9jH6TjPMIbkDp5mjTbIs-9u17E30eYGvccb_rYu0o0TOALh9lwcZPa0ONnNBN_sbHFRRUXxcU57FGEmTvKqWdCEJxfPUa_9Gzc8wrtfvMY1OfkMJPqtyJHWPOvJnQuIQPCxUgP_lvnQcyCKKr_mtDo8sQgTZe_GAuvLzw1KxyxDaYWLk
Controller: ModernInfoTechInventory.Controllers.AccountController
Action: GetManageInfo
Action Parameters: {"messageFormat":"JSON","messageArguments":[{"returnUrl":"/","generateState":true}]}

2016-10-26 15:11:31.9342|INFO|ModernInfoTechInventory.Helpers.NLogger|JSON
Method: GET
URL: http://localhost:1036/api/companyinfo
Authorization: Bearer Ar6U0h1h6VkcLzwiYGTUiMMshUuf9XpM1WdWbBr0EdcKbRUbi0z9v3VPkLBxjwj82aUo-wHiqKS7rlWIcaR2tXs-CW3c3CwHTwefVAvRZdC1ZZE7tTw1Cx9_sFzIOP74gXu-qEecsBgtHb4e59tE_AAfEUHh2SrRQcIO2h1ohXLarK1hHo89buwMnloNlWUHKR3ui-wSWNDcCjcb88FNGSPXC9Xl-4fJXQE1E7-4D7hY5t5Nyf2ae3i3h7V9jH6TjPMIbkDp5mjTbIs-9u17E30eYGvccb_rYu0o0TOALh9lwcZPa0ONnNBN_sbHFRRUXxcU57FGEmTvKqWdCEJxfPUa_9Gzc8wrtfvMY1OfkMJPqtyJHWPOvJnQuIQPCxUgP_lvnQcyCKKr_mtDo8sQgTZe_GAuvLzw1KxyxDaYWLk
Controller: ModernInfoTechInventory.Controllers.CompanyInfoController
Action: GetAllCompanies
Action Parameters: {"messageFormat":"JSON","messageArguments":[{}]}

2016-10-26 15:12:25.9024|INFO|ModernInfoTechInventory.Helpers.NLogger|JSON
Method: GET
URL: http://localhost:1036/api/supplier
Authorization: Bearer qcaqOCEsfCe0TWvPSpDarOW1eqAxKy0FEwEvilb3n0J3nysD7sJ5PeK2gJN3QC7RJ0_ofQLrIt7F9c8o7MEgHGS5Ofn2oe9SH7zrhZ29HziBMeQ--L2y2_PaZL0cbMrUoL7KCuqM4Uq3plxQZ10Sxf-6CdTw094BZuZY_JsF6hjAw84dWMsQee7q9Y9FGcsEv4bByEK6qGtfezmcl4pxk9x7zpTohJKEsIovpGPbzLQhwSqMYdHx4cGAbJ0ZfsaSAZR6PiGNEmxNP5hPGTJTNtnQg2olobxh--JG3QfwOnUyl7ddpMpTNrci_UY4eHEMxYxXVcrpNJdcvJ82mCQ8thzJALGqiHvhTZNRs8jPs5c_sJO8au73uZxwoL61w1i0bTUqEKkuvQeayVZcMgYYury-gODHzbemoY2BF9pdytw
Controller: ModernInfoTechInventory.Controllers.SupplierController
Action: GetAllSuppliers
Action Parameters: {"messageFormat":"JSON","messageArguments":[{}]}

2016-10-26 15:14:30.0586|INFO|ModernInfoTechInventory.Helpers.NLogger|JSON
Method: GET
URL: http://localhost:1036/api/supplier
Authorization: Bearer qcaqOCEsfCe0TWvPSpDarOW1eqAxKy0FEwEvilb3n0J3nysD7sJ5PeK2gJN3QC7RJ0_ofQLrIt7F9c8o7MEgHGS5Ofn2oe9SH7zrhZ29HziBMeQ--L2y2_PaZL0cbMrUoL7KCuqM4Uq3plxQZ10Sxf-6CdTw094BZuZY_JsF6hjAw84dWMsQee7q9Y9FGcsEv4bByEK6qGtfezmcl4pxk9x7zpTohJKEsIovpGPbzLQhwSqMYdHx4cGAbJ0ZfsaSAZR6PiGNEmxNP5hPGTJTNtnQg2olobxh--JG3QfwOnUyl7ddpMpTNrci_UY4eHEMxYxXVcrpNJdcvJ82mCQ8thzJALGqiHvhTZNRs8jPs5c_sJO8au73uZxwoL61w1i0bTUqEKkuvQeayVZcMgYYury-gODHzbemoY2BF9pdytw
Controller: ModernInfoTechInventory.Controllers.SupplierController
Action: GetAllSuppliers
Action Parameters: {"messageFormat":"JSON","messageArguments":[{}]}

2016-10-26 15:14:53.1758|INFO|ModernInfoTechInventory.Helpers.NLogger|JSON
Method: GET
URL: http://localhost:1036/api/supplier
Authorization: Bearer qcaqOCEsfCe0TWvPSpDarOW1eqAxKy0FEwEvilb3n0J3nysD7sJ5PeK2gJN3QC7RJ0_ofQLrIt7F9c8o7MEgHGS5Ofn2oe9SH7zrhZ29HziBMeQ--L2y2_PaZL0cbMrUoL7KCuqM4Uq3plxQZ10Sxf-6CdTw094BZuZY_JsF6hjAw84dWMsQee7q9Y9FGcsEv4bByEK6qGtfezmcl4pxk9x7zpTohJKEsIovpGPbzLQhwSqMYdHx4cGAbJ0ZfsaSAZR6PiGNEmxNP5hPGTJTNtnQg2olobxh--JG3QfwOnUyl7ddpMpTNrci_UY4eHEMxYxXVcrpNJdcvJ82mCQ8thzJALGqiHvhTZNRs8jPs5c_sJO8au73uZxwoL61w1i0bTUqEKkuvQeayVZcMgYYury-gODHzbemoY2BF9pdytw
Controller: ModernInfoTechInventory.Controllers.SupplierController
Action: GetAllSuppliers
Action Parameters: {"messageFormat":"JSON","messageArguments":[{}]}

2016-10-26 19:21:00.2395|INFO|ModernInfoTechInventory.Helpers.NLogger|JSON
Method: POST
URL: http://localhost:1036/api/supplier
Authorization: Bearer qcaqOCEsfCe0TWvPSpDarOW1eqAxKy0FEwEvilb3n0J3nysD7sJ5PeK2gJN3QC7RJ0_ofQLrIt7F9c8o7MEgHGS5Ofn2oe9SH7zrhZ29HziBMeQ--L2y2_PaZL0cbMrUoL7KCuqM4Uq3plxQZ10Sxf-6CdTw094BZuZY_JsF6hjAw84dWMsQee7q9Y9FGcsEv4bByEK6qGtfezmcl4pxk9x7zpTohJKEsIovpGPbzLQhwSqMYdHx4cGAbJ0ZfsaSAZR6PiGNEmxNP5hPGTJTNtnQg2olobxh--JG3QfwOnUyl7ddpMpTNrci_UY4eHEMxYxXVcrpNJdcvJ82mCQ8thzJALGqiHvhTZNRs8jPs5c_sJO8au73uZxwoL61w1i0bTUqEKkuvQeayVZcMgYYury-gODHzbemoY2BF9pdytw
Controller: ModernInfoTechInventory.Controllers.SupplierController
Action: PostSupplier
Action Parameters: {"messageFormat":"JSON","messageArguments":[{"supplierEntity":{"SupplierId":"nah11632-ade3-484a-a203-b27763999yjj","SupplierName":"Lux","LocationId":"67e11632-ade3-484a-a203-b27763066fek","PhoneNumber":"233232323","Location":null}}]}

