2016-11-06 21:16:33.3074|INFO|ModernInfoTechInventory.Helpers.NLogger|JSON
Method: GET
URL: http://localhost:1036/api/Account/ManageInfo?returnUrl=%2F&generateState=true&_=1478445332602
Authorization: Bearer LA-Fxc12YP_9fYp01pDdqhdeZAX5NS_69WsFBWfa79XipK58WLRKbT0jYS4P9dey6HSGjcs3ZkgX5nDHlYIQjB89v9NFPObeqw48qkDbL2J9nmp2yuaIjCoB_MdPbm8mcwLiiAw-HUlDm7yf3nhy7P4BmfmQyylM-iclBKHYFvH6_TbJPKZKB5vG8wsLzEGqA6U6o9arKQCuM_tbKcZEBNqgWk53mDY5Pt8D19--jPUvz5_4TW-8O6rcyP0RGD52oxB74xM06GFsaZnUR4Wn1fMbnNPmsXXFpmb0J2Q5fe9ZxBpvvhCFRxBnMtsTN1FTxiPu_lWgKxoAmbXj3Y4PgiJYms_Yplec2o5_eGoLM3i1Sydf0TQzEzqZuxHCKqjwm7ZANfdDd40o6FQQ9enS1yVd6oM4fiBcdgzz0bwoPKTMRIVkAlbRJs7O9Iop24md
Controller: ModernInfoTechInventory.Controllers.AccountController
Action: GetManageInfo
Action Parameters: {"messageFormat":"JSON","messageArguments":[{"returnUrl":"/","generateState":true}]}

2016-11-06 21:16:37.6419|INFO|ModernInfoTechInventory.Helpers.NLogger|JSON
Method: GET
URL: http://localhost:1036/api/companyinfo
Authorization: Bearer LA-Fxc12YP_9fYp01pDdqhdeZAX5NS_69WsFBWfa79XipK58WLRKbT0jYS4P9dey6HSGjcs3ZkgX5nDHlYIQjB89v9NFPObeqw48qkDbL2J9nmp2yuaIjCoB_MdPbm8mcwLiiAw-HUlDm7yf3nhy7P4BmfmQyylM-iclBKHYFvH6_TbJPKZKB5vG8wsLzEGqA6U6o9arKQCuM_tbKcZEBNqgWk53mDY5Pt8D19--jPUvz5_4TW-8O6rcyP0RGD52oxB74xM06GFsaZnUR4Wn1fMbnNPmsXXFpmb0J2Q5fe9ZxBpvvhCFRxBnMtsTN1FTxiPu_lWgKxoAmbXj3Y4PgiJYms_Yplec2o5_eGoLM3i1Sydf0TQzEzqZuxHCKqjwm7ZANfdDd40o6FQQ9enS1yVd6oM4fiBcdgzz0bwoPKTMRIVkAlbRJs7O9Iop24md
Controller: ModernInfoTechInventory.Controllers.CompanyInfoController
Action: GetAllCompanies
Action Parameters: {"messageFormat":"JSON","messageArguments":[{}]}

2016-11-06 21:16:52.3543|INFO|ModernInfoTechInventory.Helpers.NLogger|JSON
Method: POST
URL: http://localhost:1036/api/Account/Logout
Authorization: Bearer LA-Fxc12YP_9fYp01pDdqhdeZAX5NS_69WsFBWfa79XipK58WLRKbT0jYS4P9dey6HSGjcs3ZkgX5nDHlYIQjB89v9NFPObeqw48qkDbL2J9nmp2yuaIjCoB_MdPbm8mcwLiiAw-HUlDm7yf3nhy7P4BmfmQyylM-iclBKHYFvH6_TbJPKZKB5vG8wsLzEGqA6U6o9arKQCuM_tbKcZEBNqgWk53mDY5Pt8D19--jPUvz5_4TW-8O6rcyP0RGD52oxB74xM06GFsaZnUR4Wn1fMbnNPmsXXFpmb0J2Q5fe9ZxBpvvhCFRxBnMtsTN1FTxiPu_lWgKxoAmbXj3Y4PgiJYms_Yplec2o5_eGoLM3i1Sydf0TQzEzqZuxHCKqjwm7ZANfdDd40o6FQQ9enS1yVd6oM4fiBcdgzz0bwoPKTMRIVkAlbRJs7O9Iop24md
Controller: ModernInfoTechInventory.Controllers.AccountController
Action: Logout
Action Parameters: {"messageFormat":"JSON","messageArguments":[{}]}

