2016-10-23 15:01:04.0643|INFO|ModernInfoTechInventory.Helpers.NLogger|JSON
Method: GET
URL: http://localhost:1036/api/Account/ManageInfo?returnUrl=%2F&generateState=true&_=1477213240359
Authorization: Bearer ATNoYGu0b0tuo5pekc9o9fVc8wMlvEgvjWg1MTiVQhSYr9ariEdm5Jglh3PgAi0_KpYiJt_oytdZ-wzil4KfnV7Px_V1GL_CTco_FfLJwu_F0enRKg7WmW7F-03YU209AJ8LikzMSbgXU6b6yQ_dYv-ImqoCHm7bQ-U-3ox3af7-G5kUqpaQF9jCBU6wGW_RHb0Nb_BbMEuGdDmHn2czz4dWsPcwJNxI4hDmWKmaQz3zDwp5-d2iVKbJ3KcdS6DOauAQuJp9Y7VUf6P5WeCkXtn9Zso6sYTP_jq8IlKswN0gvNNgyD8eMEVnTmw5Jno62H6HeqWETUZalKDtYW_iYfUTJ_sdCoitZ6Xf-0E0SH_YbPuNHl_0ft2ODZ5qspKnhUqjy80Kq_5h4tA_9xDCyQQK-XHdpHPSuogO4ezhXbs
Controller: ModernInfoTechInventory.Controllers.AccountController
Action: GetManageInfo
Action Parameters: {"messageFormat":"JSON","messageArguments":[{"returnUrl":"/","generateState":true}]}

2016-10-23 15:01:05.4739|INFO|ModernInfoTechInventory.Helpers.NLogger|JSON
Method: GET
URL: http://localhost:1036/api/companyinfo
Authorization: Bearer ATNoYGu0b0tuo5pekc9o9fVc8wMlvEgvjWg1MTiVQhSYr9ariEdm5Jglh3PgAi0_KpYiJt_oytdZ-wzil4KfnV7Px_V1GL_CTco_FfLJwu_F0enRKg7WmW7F-03YU209AJ8LikzMSbgXU6b6yQ_dYv-ImqoCHm7bQ-U-3ox3af7-G5kUqpaQF9jCBU6wGW_RHb0Nb_BbMEuGdDmHn2czz4dWsPcwJNxI4hDmWKmaQz3zDwp5-d2iVKbJ3KcdS6DOauAQuJp9Y7VUf6P5WeCkXtn9Zso6sYTP_jq8IlKswN0gvNNgyD8eMEVnTmw5Jno62H6HeqWETUZalKDtYW_iYfUTJ_sdCoitZ6Xf-0E0SH_YbPuNHl_0ft2ODZ5qspKnhUqjy80Kq_5h4tA_9xDCyQQK-XHdpHPSuogO4ezhXbs
Controller: ModernInfoTechInventory.Controllers.CompanyInfoController
Action: GetAllCompanies
Action Parameters: {"messageFormat":"JSON","messageArguments":[{}]}

2016-10-23 15:02:13.5186|INFO|ModernInfoTechInventory.Helpers.NLogger|JSON
Method: POST
URL: http://localhost:1036/api/Account/Logout
Authorization: Bearer ATNoYGu0b0tuo5pekc9o9fVc8wMlvEgvjWg1MTiVQhSYr9ariEdm5Jglh3PgAi0_KpYiJt_oytdZ-wzil4KfnV7Px_V1GL_CTco_FfLJwu_F0enRKg7WmW7F-03YU209AJ8LikzMSbgXU6b6yQ_dYv-ImqoCHm7bQ-U-3ox3af7-G5kUqpaQF9jCBU6wGW_RHb0Nb_BbMEuGdDmHn2czz4dWsPcwJNxI4hDmWKmaQz3zDwp5-d2iVKbJ3KcdS6DOauAQuJp9Y7VUf6P5WeCkXtn9Zso6sYTP_jq8IlKswN0gvNNgyD8eMEVnTmw5Jno62H6HeqWETUZalKDtYW_iYfUTJ_sdCoitZ6Xf-0E0SH_YbPuNHl_0ft2ODZ5qspKnhUqjy80Kq_5h4tA_9xDCyQQK-XHdpHPSuogO4ezhXbs
Controller: ModernInfoTechInventory.Controllers.AccountController
Action: Logout
Action Parameters: {"messageFormat":"JSON","messageArguments":[{}]}

2016-10-23 15:02:17.4285|INFO|ModernInfoTechInventory.Helpers.NLogger|JSON
Method: GET
URL: http://localhost:1036/api/Account/ManageInfo?returnUrl=%2F&generateState=true&_=1477213240360
Authorization: Bearer bjtNpp7wiBCcRuExdPWQuHkF7IKaEvRE6xPhMuDXVM9tCjjSU-4SEls47sgl-f2Dlq0343oK_waYubLB8YcrKgeyqtaeFOTK8fnZ3B8fWHZrfG9gzHVzdWR3wo1643r8vIuxfaVKxI7H-GZ-oAO4wMQBnswqDYGxLH-A3xidyusIGdKimvDKnYdQIRWEU1WGmSNbsHD0ddtohec0rfZQ4EJOv1ZR8QOkpodS74KuhVpBqOhCCQFP5dhPQ2V-aJtioidP8oXSxyMzVfsIsTTCsuKQIzCfGXo17zBqzOYWm3H9V9SzwEUt1rDBJ3vUjKmeRxQKvlFr12b7IQKM9e4Io1gs3JjC4l5CNschvKJ__NmIM8HrZDZTyP0nZobW5-TjVy_2wz4CA00wES07AEFL3F4sBOnAASkxQE4EaGTxdjI
Controller: ModernInfoTechInventory.Controllers.AccountController
Action: GetManageInfo
Action Parameters: {"messageFormat":"JSON","messageArguments":[{"returnUrl":"/","generateState":true}]}

2016-10-23 15:02:17.6598|INFO|ModernInfoTechInventory.Helpers.NLogger|JSON
Method: GET
URL: http://localhost:1036/api/companyinfo
Authorization: Bearer bjtNpp7wiBCcRuExdPWQuHkF7IKaEvRE6xPhMuDXVM9tCjjSU-4SEls47sgl-f2Dlq0343oK_waYubLB8YcrKgeyqtaeFOTK8fnZ3B8fWHZrfG9gzHVzdWR3wo1643r8vIuxfaVKxI7H-GZ-oAO4wMQBnswqDYGxLH-A3xidyusIGdKimvDKnYdQIRWEU1WGmSNbsHD0ddtohec0rfZQ4EJOv1ZR8QOkpodS74KuhVpBqOhCCQFP5dhPQ2V-aJtioidP8oXSxyMzVfsIsTTCsuKQIzCfGXo17zBqzOYWm3H9V9SzwEUt1rDBJ3vUjKmeRxQKvlFr12b7IQKM9e4Io1gs3JjC4l5CNschvKJ__NmIM8HrZDZTyP0nZobW5-TjVy_2wz4CA00wES07AEFL3F4sBOnAASkxQE4EaGTxdjI
Controller: ModernInfoTechInventory.Controllers.CompanyInfoController
Action: GetAllCompanies
Action Parameters: {"messageFormat":"JSON","messageArguments":[{}]}

2016-10-23 15:02:23.0945|INFO|ModernInfoTechInventory.Helpers.NLogger|JSON
Method: POST
URL: http://localhost:1036/api/Account/Logout
Authorization: Bearer bjtNpp7wiBCcRuExdPWQuHkF7IKaEvRE6xPhMuDXVM9tCjjSU-4SEls47sgl-f2Dlq0343oK_waYubLB8YcrKgeyqtaeFOTK8fnZ3B8fWHZrfG9gzHVzdWR3wo1643r8vIuxfaVKxI7H-GZ-oAO4wMQBnswqDYGxLH-A3xidyusIGdKimvDKnYdQIRWEU1WGmSNbsHD0ddtohec0rfZQ4EJOv1ZR8QOkpodS74KuhVpBqOhCCQFP5dhPQ2V-aJtioidP8oXSxyMzVfsIsTTCsuKQIzCfGXo17zBqzOYWm3H9V9SzwEUt1rDBJ3vUjKmeRxQKvlFr12b7IQKM9e4Io1gs3JjC4l5CNschvKJ__NmIM8HrZDZTyP0nZobW5-TjVy_2wz4CA00wES07AEFL3F4sBOnAASkxQE4EaGTxdjI
Controller: ModernInfoTechInventory.Controllers.AccountController
Action: Logout
Action Parameters: {"messageFormat":"JSON","messageArguments":[{}]}

